{"/Users/daniel/Documents/informesHHRgemini/src/App.tsx": {"path":"/Users/daniel/Documents/informesHHRgemini/src/App.tsx","statementMap":{"0":{"start":{"line":32,"column":6},"end":{"line":32,"column":null}},"1":{"start":{"line":32,"column":43},"end":{"line":32,"column":null}},"2":{"start":{"line":33,"column":6},"end":{"line":33,"column":null}},"3":{"start":{"line":33,"column":31},"end":{"line":33,"column":null}},"4":{"start":{"line":35,"column":6},"end":{"line":35,"column":null}},"5":{"start":{"line":36,"column":6},"end":{"line":36,"column":null}},"6":{"start":{"line":37,"column":6},"end":{"line":37,"column":null}},"7":{"start":{"line":38,"column":29},"end":{"line":38,"column":null}},"8":{"start":{"line":41,"column":42},"end":{"line":287,"column":null}},"9":{"start":{"line":73,"column":4},"end":{"line":73,"column":null}},"10":{"start":{"line":74,"column":10},"end":{"line":74,"column":null}},"11":{"start":{"line":75,"column":10},"end":{"line":75,"column":null}},"12":{"start":{"line":76,"column":20},"end":{"line":76,"column":null}},"13":{"start":{"line":77,"column":10},"end":{"line":77,"column":null}},"14":{"start":{"line":78,"column":68},"end":{"line":80,"column":null}},"15":{"start":{"line":82,"column":10},"end":{"line":82,"column":null}},"16":{"start":{"line":82,"column":52},"end":{"line":82,"column":79}},"17":{"start":{"line":84,"column":4},"end":{"line":93,"column":null}},"18":{"start":{"line":95,"column":10},"end":{"line":110,"column":null}},"19":{"start":{"line":102,"column":12},"end":{"line":108,"column":null}},"20":{"start":{"line":112,"column":10},"end":{"line":121,"column":null}},"21":{"start":{"line":123,"column":10},"end":{"line":144,"column":null}},"22":{"start":{"line":143,"column":21},"end":{"line":143,"column":null}},"23":{"start":{"line":146,"column":10},"end":{"line":157,"column":null}},"24":{"start":{"line":159,"column":10},"end":{"line":159,"column":null}},"25":{"start":{"line":159,"column":44},"end":{"line":159,"column":106}},"26":{"start":{"line":159,"column":75},"end":{"line":159,"column":90}},"27":{"start":{"line":161,"column":4},"end":{"line":172,"column":null}},"28":{"start":{"line":162,"column":25},"end":{"line":162,"column":null}},"29":{"start":{"line":163,"column":8},"end":{"line":163,"column":null}},"30":{"start":{"line":163,"column":23},"end":{"line":163,"column":null}},"31":{"start":{"line":164,"column":23},"end":{"line":164,"column":null}},"32":{"start":{"line":165,"column":8},"end":{"line":169,"column":null}},"33":{"start":{"line":166,"column":18},"end":{"line":166,"column":null}},"34":{"start":{"line":167,"column":30},"end":{"line":167,"column":null}},"35":{"start":{"line":168,"column":12},"end":{"line":168,"column":null}},"36":{"start":{"line":170,"column":8},"end":{"line":170,"column":null}},"37":{"start":{"line":171,"column":8},"end":{"line":171,"column":null}},"38":{"start":{"line":171,"column":30},"end":{"line":171,"column":62}},"39":{"start":{"line":174,"column":10},"end":{"line":191,"column":null}},"40":{"start":{"line":175,"column":25},"end":{"line":175,"column":null}},"41":{"start":{"line":176,"column":8},"end":{"line":176,"column":null}},"42":{"start":{"line":176,"column":23},"end":{"line":176,"column":null}},"43":{"start":{"line":177,"column":14},"end":{"line":177,"column":null}},"44":{"start":{"line":179,"column":8},"end":{"line":190,"column":null}},"45":{"start":{"line":180,"column":36},"end":{"line":180,"column":null}},"46":{"start":{"line":181,"column":33},"end":{"line":181,"column":null}},"47":{"start":{"line":182,"column":41},"end":{"line":182,"column":null}},"48":{"start":{"line":183,"column":12},"end":{"line":189,"column":null}},"49":{"start":{"line":193,"column":10},"end":{"line":193,"column":null}},"50":{"start":{"line":193,"column":47},"end":{"line":193,"column":137}},"51":{"start":{"line":195,"column":10},"end":{"line":198,"column":null}},"52":{"start":{"line":196,"column":8},"end":{"line":196,"column":null}},"53":{"start":{"line":197,"column":8},"end":{"line":197,"column":null}},"54":{"start":{"line":200,"column":10},"end":{"line":200,"column":null}},"55":{"start":{"line":200,"column":52},"end":{"line":200,"column":140}},"56":{"start":{"line":202,"column":10},"end":{"line":218,"column":null}},"57":{"start":{"line":203,"column":8},"end":{"line":217,"column":null}},"58":{"start":{"line":204,"column":30},"end":{"line":210,"column":null}},"59":{"start":{"line":211,"column":12},"end":{"line":211,"column":null}},"60":{"start":{"line":211,"column":28},"end":{"line":211,"column":null}},"61":{"start":{"line":212,"column":18},"end":{"line":212,"column":null}},"62":{"start":{"line":213,"column":12},"end":{"line":213,"column":null}},"63":{"start":{"line":214,"column":12},"end":{"line":214,"column":null}},"64":{"start":{"line":215,"column":12},"end":{"line":215,"column":null}},"65":{"start":{"line":216,"column":12},"end":{"line":216,"column":null}},"66":{"start":{"line":220,"column":4},"end":{"line":225,"column":null}},"67":{"start":{"line":228,"column":8},"end":{"line":242,"column":null}},"68":{"start":{"line":238,"column":27},"end":{"line":238,"column":null}},"69":{"start":{"line":245,"column":4},"end":{"line":285,"column":null}},"70":{"start":{"line":289,"column":23},"end":{"line":326,"column":null}},"71":{"start":{"line":290,"column":32},"end":{"line":290,"column":null}},"72":{"start":{"line":291,"column":29},"end":{"line":291,"column":null}},"73":{"start":{"line":292,"column":10},"end":{"line":292,"column":null}},"74":{"start":{"line":294,"column":4},"end":{"line":324,"column":null}},"75":{"start":{"line":308,"column":61},"end":{"line":308,"column":null}},"76":{"start":{"line":316,"column":79},"end":{"line":316,"column":94}},"77":{"start":{"line":328,"column":22},"end":{"line":331,"column":null}},"78":{"start":{"line":329,"column":4},"end":{"line":331,"column":null}}},"fnMap":{"0":{"name":"(anonymous_0)","decl":{"start":{"line":32,"column":37},"end":{"line":32,"column":43}},"loc":{"start":{"line":32,"column":43},"end":{"line":32,"column":null}},"line":32},"1":{"name":"(anonymous_1)","decl":{"start":{"line":33,"column":25},"end":{"line":33,"column":31}},"loc":{"start":{"line":33,"column":31},"end":{"line":33,"column":null}},"line":33},"2":{"name":"(anonymous_2)","decl":{"start":{"line":41,"column":42},"end":{"line":41,"column":43}},"loc":{"start":{"line":41,"column":106},"end":{"line":287,"column":null}},"line":41},"3":{"name":"(anonymous_3)","decl":{"start":{"line":82,"column":46},"end":{"line":82,"column":52}},"loc":{"start":{"line":82,"column":52},"end":{"line":82,"column":79}},"line":82},"4":{"name":"(anonymous_4)","decl":{"start":{"line":101,"column":30},"end":{"line":101,"column":null}},"loc":{"start":{"line":102,"column":12},"end":{"line":108,"column":null}},"line":102},"5":{"name":"(anonymous_5)","decl":{"start":{"line":143,"column":21},"end":{"line":143,"column":27}},"loc":{"start":{"line":143,"column":21},"end":{"line":143,"column":null}},"line":143},"6":{"name":"(anonymous_6)","decl":{"start":{"line":159,"column":38},"end":{"line":159,"column":44}},"loc":{"start":{"line":159,"column":44},"end":{"line":159,"column":106}},"line":159},"7":{"name":"(anonymous_7)","decl":{"start":{"line":159,"column":70},"end":{"line":159,"column":75}},"loc":{"start":{"line":159,"column":75},"end":{"line":159,"column":90}},"line":159},"8":{"name":"(anonymous_8)","decl":{"start":{"line":161,"column":14},"end":{"line":161,"column":20}},"loc":{"start":{"line":161,"column":20},"end":{"line":172,"column":7}},"line":161},"9":{"name":"(anonymous_9)","decl":{"start":{"line":171,"column":18},"end":{"line":171,"column":30}},"loc":{"start":{"line":171,"column":30},"end":{"line":171,"column":62}},"line":171},"10":{"name":"(anonymous_10)","decl":{"start":{"line":174,"column":45},"end":{"line":174,"column":46}},"loc":{"start":{"line":174,"column":61},"end":{"line":191,"column":7}},"line":174},"11":{"name":"(anonymous_11)","decl":{"start":{"line":179,"column":18},"end":{"line":179,"column":29}},"loc":{"start":{"line":179,"column":29},"end":{"line":190,"column":9}},"line":179},"12":{"name":"(anonymous_12)","decl":{"start":{"line":193,"column":41},"end":{"line":193,"column":47}},"loc":{"start":{"line":193,"column":47},"end":{"line":193,"column":137}},"line":193},"13":{"name":"(anonymous_13)","decl":{"start":{"line":195,"column":55},"end":{"line":195,"column":61}},"loc":{"start":{"line":195,"column":61},"end":{"line":198,"column":7}},"line":195},"14":{"name":"(anonymous_14)","decl":{"start":{"line":200,"column":46},"end":{"line":200,"column":52}},"loc":{"start":{"line":200,"column":52},"end":{"line":200,"column":140}},"line":200},"15":{"name":"(anonymous_15)","decl":{"start":{"line":202,"column":35},"end":{"line":202,"column":41}},"loc":{"start":{"line":202,"column":41},"end":{"line":218,"column":7}},"line":202},"16":{"name":"(anonymous_16)","decl":{"start":{"line":203,"column":14},"end":{"line":203,"column":26}},"loc":{"start":{"line":203,"column":26},"end":{"line":217,"column":11}},"line":203},"17":{"name":"(anonymous_17)","decl":{"start":{"line":238,"column":21},"end":{"line":238,"column":27}},"loc":{"start":{"line":238,"column":27},"end":{"line":238,"column":null}},"line":238},"18":{"name":"(anonymous_18)","decl":{"start":{"line":289,"column":23},"end":{"line":289,"column":29}},"loc":{"start":{"line":289,"column":29},"end":{"line":326,"column":null}},"line":289},"19":{"name":"(anonymous_19)","decl":{"start":{"line":308,"column":55},"end":{"line":308,"column":61}},"loc":{"start":{"line":308,"column":61},"end":{"line":308,"column":null}},"line":308},"20":{"name":"(anonymous_20)","decl":{"start":{"line":316,"column":73},"end":{"line":316,"column":79}},"loc":{"start":{"line":316,"column":79},"end":{"line":316,"column":94}},"line":316},"21":{"name":"(anonymous_21)","decl":{"start":{"line":328,"column":22},"end":{"line":328,"column":null}},"loc":{"start":{"line":329,"column":4},"end":{"line":331,"column":null}},"line":329}},"branchMap":{"0":{"loc":{"start":{"line":38,"column":29},"end":{"line":38,"column":null}},"type":"binary-expr","locations":[{"start":{"line":38,"column":29},"end":{"line":38,"column":49}},{"start":{"line":38,"column":49},"end":{"line":38,"column":null}}],"line":38},"1":{"loc":{"start":{"line":159,"column":44},"end":{"line":159,"column":106}},"type":"binary-expr","locations":[{"start":{"line":159,"column":44},"end":{"line":159,"column":102}},{"start":{"line":159,"column":102},"end":{"line":159,"column":106}}],"line":159},"2":{"loc":{"start":{"line":163,"column":8},"end":{"line":163,"column":null}},"type":"if","locations":[{"start":{"line":163,"column":8},"end":{"line":163,"column":null}},{"start":{},"end":{}}],"line":163},"3":{"loc":{"start":{"line":165,"column":8},"end":{"line":169,"column":null}},"type":"if","locations":[{"start":{"line":165,"column":8},"end":{"line":169,"column":null}},{"start":{},"end":{}}],"line":165},"4":{"loc":{"start":{"line":167,"column":30},"end":{"line":167,"column":null}},"type":"cond-expr","locations":[{"start":{"line":167,"column":43},"end":{"line":167,"column":80}},{"start":{"line":167,"column":80},"end":{"line":167,"column":null}}],"line":167},"5":{"loc":{"start":{"line":176,"column":8},"end":{"line":176,"column":null}},"type":"if","locations":[{"start":{"line":176,"column":8},"end":{"line":176,"column":null}},{"start":{},"end":{}}],"line":176},"6":{"loc":{"start":{"line":181,"column":33},"end":{"line":181,"column":null}},"type":"binary-expr","locations":[{"start":{"line":181,"column":33},"end":{"line":181,"column":58}},{"start":{"line":181,"column":58},"end":{"line":181,"column":null}}],"line":181},"7":{"loc":{"start":{"line":182,"column":59},"end":{"line":182,"column":null}},"type":"binary-expr","locations":[{"start":{"line":182,"column":59},"end":{"line":182,"column":85}},{"start":{"line":182,"column":85},"end":{"line":182,"column":null}}],"line":182},"8":{"loc":{"start":{"line":186,"column":23},"end":{"line":186,"column":null}},"type":"cond-expr","locations":[{"start":{"line":186,"column":46},"end":{"line":186,"column":63}},{"start":{"line":186,"column":63},"end":{"line":186,"column":null}}],"line":186},"9":{"loc":{"start":{"line":211,"column":12},"end":{"line":211,"column":null}},"type":"if","locations":[{"start":{"line":211,"column":12},"end":{"line":211,"column":null}},{"start":{},"end":{}}],"line":211}},"s":{"0":1,"1":1,"2":1,"3":0,"4":1,"5":1,"6":1,"7":1,"8":1,"9":3,"10":3,"11":3,"12":3,"13":3,"14":3,"15":3,"16":0,"17":3,"18":3,"19":0,"20":3,"21":3,"22":0,"23":3,"24":3,"25":3,"26":3,"27":3,"28":3,"29":3,"30":0,"31":3,"32":3,"33":3,"34":3,"35":3,"36":3,"37":3,"38":0,"39":3,"40":0,"41":0,"42":0,"43":0,"44":0,"45":0,"46":0,"47":0,"48":0,"49":3,"50":0,"51":3,"52":0,"53":0,"54":3,"55":0,"56":3,"57":0,"58":0,"59":0,"60":0,"61":0,"62":0,"63":0,"64":0,"65":0,"66":3,"67":3,"68":0,"69":3,"70":1,"71":5,"72":5,"73":5,"74":5,"75":1,"76":1,"77":1,"78":3},"f":{"0":1,"1":0,"2":3,"3":0,"4":0,"5":0,"6":3,"7":3,"8":3,"9":0,"10":0,"11":0,"12":0,"13":0,"14":0,"15":0,"16":0,"17":0,"18":5,"19":1,"20":1,"21":3},"b":{"0":[1,1],"1":[3,3],"2":[0,3],"3":[3,0],"4":[3,0],"5":[0,0],"6":[0,0],"7":[0,0],"8":[0,0],"9":[0,0]},"meta":{"lastBranch":10,"lastFunction":22,"lastStatement":79,"seen":{"s:32:6:32:Infinity":0,"f:32:37:32:43":0,"s:32:43:32:Infinity":1,"s:33:6:33:Infinity":2,"f:33:25:33:31":1,"s:33:31:33:Infinity":3,"s:35:6:35:Infinity":4,"s:36:6:36:Infinity":5,"s:37:6:37:Infinity":6,"s:38:29:38:Infinity":7,"b:38:29:38:49:38:49:38:Infinity":0,"s:41:42:287:Infinity":8,"f:41:42:41:43":2,"s:73:4:73:Infinity":9,"s:74:10:74:Infinity":10,"s:75:10:75:Infinity":11,"s:76:20:76:Infinity":12,"s:77:10:77:Infinity":13,"s:78:68:80:Infinity":14,"s:82:10:82:Infinity":15,"f:82:46:82:52":3,"s:82:52:82:79":16,"s:84:4:93:Infinity":17,"s:95:10:110:Infinity":18,"f:101:30:101:Infinity":4,"s:102:12:108:Infinity":19,"s:112:10:121:Infinity":20,"s:123:10:144:Infinity":21,"f:143:21:143:27":5,"s:143:21:143:Infinity":22,"s:146:10:157:Infinity":23,"s:159:10:159:Infinity":24,"f:159:38:159:44":6,"s:159:44:159:106":25,"b:159:44:159:102:159:102:159:106":1,"f:159:70:159:75":7,"s:159:75:159:90":26,"s:161:4:172:Infinity":27,"f:161:14:161:20":8,"s:162:25:162:Infinity":28,"b:163:8:163:Infinity:undefined:undefined:undefined:undefined":2,"s:163:8:163:Infinity":29,"s:163:23:163:Infinity":30,"s:164:23:164:Infinity":31,"b:165:8:169:Infinity:undefined:undefined:undefined:undefined":3,"s:165:8:169:Infinity":32,"s:166:18:166:Infinity":33,"s:167:30:167:Infinity":34,"b:167:43:167:80:167:80:167:Infinity":4,"s:168:12:168:Infinity":35,"s:170:8:170:Infinity":36,"s:171:8:171:Infinity":37,"f:171:18:171:30":9,"s:171:30:171:62":38,"s:174:10:191:Infinity":39,"f:174:45:174:46":10,"s:175:25:175:Infinity":40,"b:176:8:176:Infinity:undefined:undefined:undefined:undefined":5,"s:176:8:176:Infinity":41,"s:176:23:176:Infinity":42,"s:177:14:177:Infinity":43,"s:179:8:190:Infinity":44,"f:179:18:179:29":11,"s:180:36:180:Infinity":45,"s:181:33:181:Infinity":46,"b:181:33:181:58:181:58:181:Infinity":6,"s:182:41:182:Infinity":47,"b:182:59:182:85:182:85:182:Infinity":7,"s:183:12:189:Infinity":48,"b:186:46:186:63:186:63:186:Infinity":8,"s:193:10:193:Infinity":49,"f:193:41:193:47":12,"s:193:47:193:137":50,"s:195:10:198:Infinity":51,"f:195:55:195:61":13,"s:196:8:196:Infinity":52,"s:197:8:197:Infinity":53,"s:200:10:200:Infinity":54,"f:200:46:200:52":14,"s:200:52:200:140":55,"s:202:10:218:Infinity":56,"f:202:35:202:41":15,"s:203:8:217:Infinity":57,"f:203:14:203:26":16,"s:204:30:210:Infinity":58,"b:211:12:211:Infinity:undefined:undefined:undefined:undefined":9,"s:211:12:211:Infinity":59,"s:211:28:211:Infinity":60,"s:212:18:212:Infinity":61,"s:213:12:213:Infinity":62,"s:214:12:214:Infinity":63,"s:215:12:215:Infinity":64,"s:216:12:216:Infinity":65,"s:220:4:225:Infinity":66,"s:228:8:242:Infinity":67,"f:238:21:238:27":17,"s:238:27:238:Infinity":68,"s:245:4:285:Infinity":69,"s:289:23:326:Infinity":70,"f:289:23:289:29":18,"s:290:32:290:Infinity":71,"s:291:29:291:Infinity":72,"s:292:10:292:Infinity":73,"s:294:4:324:Infinity":74,"f:308:55:308:61":19,"s:308:61:308:Infinity":75,"f:316:73:316:79":20,"s:316:79:316:94":76,"s:328:22:331:Infinity":77,"f:328:22:328:Infinity":21,"s:329:4:331:Infinity":78}}}
,"/Users/daniel/Documents/informesHHRgemini/src/appConstants.ts": {"path":"/Users/daniel/Documents/informesHHRgemini/src/appConstants.ts","statementMap":{"0":{"start":{"line":1,"column":34},"end":{"line":1,"column":null}},"1":{"start":{"line":2,"column":36},"end":{"line":2,"column":null}},"2":{"start":{"line":3,"column":35},"end":{"line":3,"column":null}},"3":{"start":{"line":4,"column":32},"end":{"line":4,"column":null}},"4":{"start":{"line":5,"column":32},"end":{"line":5,"column":null}},"5":{"start":{"line":6,"column":47},"end":{"line":6,"column":null}},"6":{"start":{"line":8,"column":40},"end":{"line":8,"column":null}},"7":{"start":{"line":10,"column":34},"end":{"line":22,"column":null}},"8":{"start":{"line":25,"column":25},"end":{"line":33,"column":null}}},"fnMap":{},"branchMap":{},"s":{"0":13,"1":13,"2":13,"3":13,"4":13,"5":13,"6":13,"7":13,"8":13},"f":{},"b":{},"meta":{"lastBranch":0,"lastFunction":0,"lastStatement":9,"seen":{"s:1:34:1:Infinity":0,"s:2:36:2:Infinity":1,"s:3:35:3:Infinity":2,"s:4:32:4:Infinity":3,"s:5:32:5:Infinity":4,"s:6:47:6:Infinity":5,"s:8:40:8:Infinity":6,"s:10:34:22:Infinity":7,"s:25:25:33:Infinity":8}}}
,"/Users/daniel/Documents/informesHHRgemini/src/constants.ts": {"path":"/Users/daniel/Documents/informesHHRgemini/src/constants.ts","statementMap":{"0":{"start":{"line":7,"column":33},"end":{"line":8,"column":null}},"1":{"start":{"line":8,"column":4},"end":{"line":8,"column":null}},"2":{"start":{"line":10,"column":51},"end":{"line":18,"column":null}},"3":{"start":{"line":20,"column":54},"end":{"line":28,"column":null}},"4":{"start":{"line":30,"column":55},"end":{"line":36,"column":null}},"5":{"start":{"line":38,"column":49},"end":{"line":48,"column":null}},"6":{"start":{"line":39,"column":19},"end":{"line":39,"column":null}},"7":{"start":{"line":40,"column":4},"end":{"line":46,"column":null}},"8":{"start":{"line":41,"column":8},"end":{"line":45,"column":null}},"9":{"start":{"line":42,"column":12},"end":{"line":44,"column":null}},"10":{"start":{"line":47,"column":4},"end":{"line":47,"column":null}},"11":{"start":{"line":50,"column":44},"end":{"line":74,"column":null}},"12":{"start":{"line":51,"column":4},"end":{"line":59,"column":null}},"13":{"start":{"line":52,"column":8},"end":{"line":58,"column":null}},"14":{"start":{"line":61,"column":21},"end":{"line":61,"column":null}},"15":{"start":{"line":61,"column":65},"end":{"line":61,"column":99}},"16":{"start":{"line":62,"column":4},"end":{"line":72,"column":null}},"17":{"start":{"line":63,"column":8},"end":{"line":71,"column":null}},"18":{"start":{"line":64,"column":12},"end":{"line":66,"column":null}},"19":{"start":{"line":65,"column":16},"end":{"line":65,"column":null}},"20":{"start":{"line":67,"column":12},"end":{"line":69,"column":null}},"21":{"start":{"line":68,"column":16},"end":{"line":68,"column":null}},"22":{"start":{"line":70,"column":12},"end":{"line":70,"column":null}},"23":{"start":{"line":73,"column":4},"end":{"line":73,"column":null}}},"fnMap":{"0":{"name":"(anonymous_0)","decl":{"start":{"line":7,"column":33},"end":{"line":7,"column":null}},"loc":{"start":{"line":8,"column":4},"end":{"line":8,"column":null}},"line":8},"1":{"name":"(anonymous_1)","decl":{"start":{"line":38,"column":49},"end":{"line":38,"column":50}},"loc":{"start":{"line":38,"column":89},"end":{"line":48,"column":null}},"line":38},"2":{"name":"(anonymous_2)","decl":{"start":{"line":41,"column":26},"end":{"line":41,"column":null}},"loc":{"start":{"line":42,"column":12},"end":{"line":44,"column":null}},"line":42},"3":{"name":"(anonymous_3)","decl":{"start":{"line":50,"column":44},"end":{"line":50,"column":45}},"loc":{"start":{"line":50,"column":91},"end":{"line":74,"column":null}},"line":50},"4":{"name":"(anonymous_4)","decl":{"start":{"line":61,"column":59},"end":{"line":61,"column":65}},"loc":{"start":{"line":61,"column":65},"end":{"line":61,"column":99}},"line":61},"5":{"name":"(anonymous_5)","decl":{"start":{"line":63,"column":28},"end":{"line":63,"column":39}},"loc":{"start":{"line":63,"column":39},"end":{"line":71,"column":9}},"line":63}},"branchMap":{"0":{"loc":{"start":{"line":40,"column":4},"end":{"line":46,"column":null}},"type":"if","locations":[{"start":{"line":40,"column":4},"end":{"line":46,"column":null}},{"start":{},"end":{}}],"line":40},"1":{"loc":{"start":{"line":40,"column":8},"end":{"line":40,"column":50}},"type":"binary-expr","locations":[{"start":{"line":40,"column":8},"end":{"line":40,"column":30}},{"start":{"line":40,"column":30},"end":{"line":40,"column":50}}],"line":40},"2":{"loc":{"start":{"line":42,"column":12},"end":{"line":44,"column":null}},"type":"cond-expr","locations":[{"start":{"line":43,"column":18},"end":{"line":43,"column":null}},{"start":{"line":44,"column":18},"end":{"line":44,"column":null}}],"line":42},"3":{"loc":{"start":{"line":51,"column":4},"end":{"line":59,"column":null}},"type":"if","locations":[{"start":{"line":51,"column":4},"end":{"line":59,"column":null}},{"start":{},"end":{}}],"line":51},"4":{"loc":{"start":{"line":62,"column":4},"end":{"line":72,"column":null}},"type":"if","locations":[{"start":{"line":62,"column":4},"end":{"line":72,"column":null}},{"start":{},"end":{}}],"line":62},"5":{"loc":{"start":{"line":62,"column":8},"end":{"line":62,"column":50}},"type":"binary-expr","locations":[{"start":{"line":62,"column":8},"end":{"line":62,"column":30}},{"start":{"line":62,"column":30},"end":{"line":62,"column":50}}],"line":62},"6":{"loc":{"start":{"line":64,"column":12},"end":{"line":66,"column":null}},"type":"if","locations":[{"start":{"line":64,"column":12},"end":{"line":66,"column":null}},{"start":{},"end":{}}],"line":64},"7":{"loc":{"start":{"line":67,"column":12},"end":{"line":69,"column":null}},"type":"if","locations":[{"start":{"line":67,"column":12},"end":{"line":69,"column":null}},{"start":{},"end":{}}],"line":67}},"s":{"0":5,"1":211,"2":5,"3":5,"4":5,"5":5,"6":17,"7":17,"8":0,"9":0,"10":17,"11":5,"12":17,"13":0,"14":17,"15":85,"16":17,"17":0,"18":0,"19":0,"20":0,"21":0,"22":0,"23":17},"f":{"0":211,"1":17,"2":0,"3":17,"4":85,"5":0},"b":{"0":[0,17],"1":[17,17],"2":[0,0],"3":[0,17],"4":[0,17],"5":[17,17],"6":[0,0],"7":[0,0]},"meta":{"lastBranch":8,"lastFunction":6,"lastStatement":24,"seen":{"s:7:33:8:Infinity":0,"f:7:33:7:Infinity":0,"s:8:4:8:Infinity":1,"s:10:51:18:Infinity":2,"s:20:54:28:Infinity":3,"s:30:55:36:Infinity":4,"s:38:49:48:Infinity":5,"f:38:49:38:50":1,"s:39:19:39:Infinity":6,"b:40:4:46:Infinity:undefined:undefined:undefined:undefined":0,"s:40:4:46:Infinity":7,"b:40:8:40:30:40:30:40:50":1,"s:41:8:45:Infinity":8,"f:41:26:41:Infinity":2,"s:42:12:44:Infinity":9,"b:43:18:43:Infinity:44:18:44:Infinity":2,"s:47:4:47:Infinity":10,"s:50:44:74:Infinity":11,"f:50:44:50:45":3,"b:51:4:59:Infinity:undefined:undefined:undefined:undefined":3,"s:51:4:59:Infinity":12,"s:52:8:58:Infinity":13,"s:61:21:61:Infinity":14,"f:61:59:61:65":4,"s:61:65:61:99":15,"b:62:4:72:Infinity:undefined:undefined:undefined:undefined":4,"s:62:4:72:Infinity":16,"b:62:8:62:30:62:30:62:50":5,"s:63:8:71:Infinity":17,"f:63:28:63:39":5,"b:64:12:66:Infinity:undefined:undefined:undefined:undefined":6,"s:64:12:66:Infinity":18,"s:65:16:65:Infinity":19,"b:67:12:69:Infinity:undefined:undefined:undefined:undefined":7,"s:67:12:69:Infinity":20,"s:68:16:68:Infinity":21,"s:70:12:70:Infinity":22,"s:73:4:73:Infinity":23}}}
,"/Users/daniel/Documents/informesHHRgemini/src/google-api.d.ts": {"path":"/Users/daniel/Documents/informesHHRgemini/src/google-api.d.ts","statementMap":{},"fnMap":{},"branchMap":{},"s":{},"f":{},"b":{},"meta":{"lastBranch":0,"lastFunction":0,"lastStatement":0,"seen":{}}}
,"/Users/daniel/Documents/informesHHRgemini/src/index.tsx": {"path":"/Users/daniel/Documents/informesHHRgemini/src/index.tsx","statementMap":{"0":{"start":{"line":8,"column":20},"end":{"line":8,"column":null}},"1":{"start":{"line":9,"column":0},"end":{"line":11,"column":null}},"2":{"start":{"line":10,"column":2},"end":{"line":10,"column":null}},"3":{"start":{"line":13,"column":13},"end":{"line":13,"column":null}},"4":{"start":{"line":14,"column":0},"end":{"line":22,"column":null}}},"fnMap":{},"branchMap":{"0":{"loc":{"start":{"line":9,"column":0},"end":{"line":11,"column":null}},"type":"if","locations":[{"start":{"line":9,"column":0},"end":{"line":11,"column":null}},{"start":{},"end":{}}],"line":9}},"s":{"0":0,"1":0,"2":0,"3":0,"4":0},"f":{},"b":{"0":[0,0]},"meta":{"lastBranch":1,"lastFunction":0,"lastStatement":5,"seen":{"s:8:20:8:Infinity":0,"b:9:0:11:Infinity:undefined:undefined:undefined:undefined":0,"s:9:0:11:Infinity":1,"s:10:2:10:Infinity":2,"s:13:13:13:Infinity":3,"s:14:0:22:Infinity":4}}}
,"/Users/daniel/Documents/informesHHRgemini/src/institutionConfig.ts": {"path":"/Users/daniel/Documents/informesHHRgemini/src/institutionConfig.ts","statementMap":{"0":{"start":{"line":1,"column":33},"end":{"line":1,"column":null}},"1":{"start":{"line":2,"column":26},"end":{"line":5,"column":null}},"2":{"start":{"line":7,"column":22},"end":{"line":10,"column":null}},"3":{"start":{"line":8,"column":4},"end":{"line":8,"column":null}},"4":{"start":{"line":8,"column":16},"end":{"line":8,"column":null}},"5":{"start":{"line":9,"column":4},"end":{"line":9,"column":null}},"6":{"start":{"line":12,"column":20},"end":{"line":16,"column":null}},"7":{"start":{"line":13,"column":4},"end":{"line":13,"column":null}},"8":{"start":{"line":13,"column":44},"end":{"line":13,"column":null}},"9":{"start":{"line":14,"column":20},"end":{"line":14,"column":null}},"10":{"start":{"line":15,"column":4},"end":{"line":15,"column":null}},"11":{"start":{"line":18,"column":33},"end":{"line":32,"column":null}},"12":{"start":{"line":19,"column":16},"end":{"line":19,"column":null}},"13":{"start":{"line":21,"column":28},"end":{"line":21,"column":null}},"14":{"start":{"line":22,"column":21},"end":{"line":22,"column":null}},"15":{"start":{"line":23,"column":22},"end":{"line":23,"column":null}},"16":{"start":{"line":25,"column":4},"end":{"line":31,"column":null}},"17":{"start":{"line":34,"column":26},"end":{"line":34,"column":null}},"18":{"start":{"line":36,"column":31},"end":{"line":36,"column":null}},"19":{"start":{"line":38,"column":24},"end":{"line":38,"column":null}},"20":{"start":{"line":40,"column":37},"end":{"line":46,"column":null}},"21":{"start":{"line":41,"column":4},"end":{"line":41,"column":null}},"22":{"start":{"line":41,"column":26},"end":{"line":41,"column":null}},"23":{"start":{"line":42,"column":4},"end":{"line":44,"column":null}},"24":{"start":{"line":43,"column":8},"end":{"line":43,"column":null}},"25":{"start":{"line":45,"column":4},"end":{"line":45,"column":null}},"26":{"start":{"line":48,"column":30},"end":{"line":48,"column":null}}},"fnMap":{"0":{"name":"(anonymous_0)","decl":{"start":{"line":7,"column":22},"end":{"line":7,"column":23}},"loc":{"start":{"line":7,"column":42},"end":{"line":10,"column":null}},"line":7},"1":{"name":"(anonymous_1)","decl":{"start":{"line":12,"column":20},"end":{"line":12,"column":50}},"loc":{"start":{"line":12,"column":50},"end":{"line":16,"column":null}},"line":12},"2":{"name":"(anonymous_2)","decl":{"start":{"line":18,"column":33},"end":{"line":18,"column":39}},"loc":{"start":{"line":18,"column":39},"end":{"line":32,"column":null}},"line":18},"3":{"name":"(anonymous_3)","decl":{"start":{"line":40,"column":37},"end":{"line":40,"column":38}},"loc":{"start":{"line":40,"column":79},"end":{"line":46,"column":null}},"line":40}},"branchMap":{"0":{"loc":{"start":{"line":8,"column":4},"end":{"line":8,"column":null}},"type":"if","locations":[{"start":{"line":8,"column":4},"end":{"line":8,"column":null}},{"start":{},"end":{}}],"line":8},"1":{"loc":{"start":{"line":13,"column":4},"end":{"line":13,"column":null}},"type":"if","locations":[{"start":{"line":13,"column":4},"end":{"line":13,"column":null}},{"start":{},"end":{}}],"line":13},"2":{"loc":{"start":{"line":15,"column":11},"end":{"line":15,"column":null}},"type":"binary-expr","locations":[{"start":{"line":15,"column":11},"end":{"line":15,"column":26}},{"start":{"line":15,"column":26},"end":{"line":15,"column":null}}],"line":15},"3":{"loc":{"start":{"line":21,"column":28},"end":{"line":21,"column":null}},"type":"binary-expr","locations":[{"start":{"line":21,"column":28},"end":{"line":21,"column":72}},{"start":{"line":21,"column":72},"end":{"line":21,"column":null}}],"line":21},"4":{"loc":{"start":{"line":22,"column":21},"end":{"line":22,"column":null}},"type":"binary-expr","locations":[{"start":{"line":22,"column":21},"end":{"line":22,"column":62}},{"start":{"line":22,"column":62},"end":{"line":22,"column":null}}],"line":22},"5":{"loc":{"start":{"line":23,"column":22},"end":{"line":23,"column":null}},"type":"binary-expr","locations":[{"start":{"line":23,"column":22},"end":{"line":23,"column":64}},{"start":{"line":23,"column":64},"end":{"line":23,"column":null}}],"line":23},"6":{"loc":{"start":{"line":40,"column":57},"end":{"line":40,"column":79}},"type":"default-arg","locations":[{"start":{"line":40,"column":69},"end":{"line":40,"column":79}}],"line":40},"7":{"loc":{"start":{"line":41,"column":4},"end":{"line":41,"column":null}},"type":"if","locations":[{"start":{"line":41,"column":4},"end":{"line":41,"column":null}},{"start":{},"end":{}}],"line":41},"8":{"loc":{"start":{"line":42,"column":4},"end":{"line":44,"column":null}},"type":"if","locations":[{"start":{"line":42,"column":4},"end":{"line":44,"column":null}},{"start":{},"end":{}}],"line":42}},"s":{"0":6,"1":6,"2":6,"3":18,"4":18,"5":0,"6":6,"7":6,"8":0,"9":6,"10":6,"11":6,"12":6,"13":6,"14":6,"15":6,"16":6,"17":6,"18":6,"19":6,"20":6,"21":33,"22":0,"23":33,"24":33,"25":0,"26":6},"f":{"0":18,"1":6,"2":6,"3":33},"b":{"0":[18,0],"1":[0,6],"2":[6,0],"3":[6,6],"4":[6,6],"5":[6,6],"6":[33],"7":[0,33],"8":[33,0]},"meta":{"lastBranch":9,"lastFunction":4,"lastStatement":27,"seen":{"s:1:33:1:Infinity":0,"s:2:26:5:Infinity":1,"s:7:22:10:Infinity":2,"f:7:22:7:23":0,"b:8:4:8:Infinity:undefined:undefined:undefined:undefined":0,"s:8:4:8:Infinity":3,"s:8:16:8:Infinity":4,"s:9:4:9:Infinity":5,"s:12:20:16:Infinity":6,"f:12:20:12:50":1,"b:13:4:13:Infinity:undefined:undefined:undefined:undefined":1,"s:13:4:13:Infinity":7,"s:13:44:13:Infinity":8,"s:14:20:14:Infinity":9,"s:15:4:15:Infinity":10,"b:15:11:15:26:15:26:15:Infinity":2,"s:18:33:32:Infinity":11,"f:18:33:18:39":2,"s:19:16:19:Infinity":12,"s:21:28:21:Infinity":13,"b:21:28:21:72:21:72:21:Infinity":3,"s:22:21:22:Infinity":14,"b:22:21:22:62:22:62:22:Infinity":4,"s:23:22:23:Infinity":15,"b:23:22:23:64:23:64:23:Infinity":5,"s:25:4:31:Infinity":16,"s:34:26:34:Infinity":17,"s:36:31:36:Infinity":18,"s:38:24:38:Infinity":19,"s:40:37:46:Infinity":20,"f:40:37:40:38":3,"b:40:69:40:79":6,"b:41:4:41:Infinity:undefined:undefined:undefined:undefined":7,"s:41:4:41:Infinity":21,"s:41:26:41:Infinity":22,"b:42:4:44:Infinity:undefined:undefined:undefined:undefined":8,"s:42:4:44:Infinity":23,"s:43:8:43:Infinity":24,"s:45:4:45:Infinity":25,"s:48:30:48:Infinity":26}}}
,"/Users/daniel/Documents/informesHHRgemini/src/types.ts": {"path":"/Users/daniel/Documents/informesHHRgemini/src/types.ts","statementMap":{},"fnMap":{},"branchMap":{},"s":{},"f":{},"b":{},"meta":{"lastBranch":0,"lastFunction":0,"lastStatement":0,"seen":{}}}
,"/Users/daniel/Documents/informesHHRgemini/src/components/AIAssistant.tsx": {"path":"/Users/daniel/Documents/informesHHRgemini/src/components/AIAssistant.tsx","statementMap":{"0":{"start":{"line":51,"column":29},"end":{"line":51,"column":null}},"1":{"start":{"line":52,"column":52},"end":{"line":52,"column":null}},"2":{"start":{"line":54,"column":36},"end":{"line":70,"column":null}},"3":{"start":{"line":72,"column":36},"end":{"line":93,"column":null}},"4":{"start":{"line":95,"column":48},"end":{"line":478,"column":null}},"5":{"start":{"line":110,"column":24},"end":{"line":110,"column":null}},"6":{"start":{"line":111,"column":46},"end":{"line":111,"column":null}},"7":{"start":{"line":112,"column":32},"end":{"line":112,"column":null}},"8":{"start":{"line":113,"column":38},"end":{"line":113,"column":null}},"9":{"start":{"line":114,"column":34},"end":{"line":114,"column":null}},"10":{"start":{"line":115,"column":26},"end":{"line":115,"column":null}},"11":{"start":{"line":116,"column":40},"end":{"line":116,"column":null}},"12":{"start":{"line":117,"column":48},"end":{"line":117,"column":null}},"13":{"start":{"line":118,"column":42},"end":{"line":118,"column":null}},"14":{"start":{"line":120,"column":10},"end":{"line":120,"column":null}},"15":{"start":{"line":121,"column":10},"end":{"line":121,"column":null}},"16":{"start":{"line":123,"column":4},"end":{"line":127,"column":null}},"17":{"start":{"line":124,"column":8},"end":{"line":126,"column":null}},"18":{"start":{"line":125,"column":12},"end":{"line":125,"column":null}},"19":{"start":{"line":129,"column":4},"end":{"line":132,"column":null}},"20":{"start":{"line":130,"column":8},"end":{"line":130,"column":null}},"21":{"start":{"line":130,"column":64},"end":{"line":130,"column":null}},"22":{"start":{"line":131,"column":8},"end":{"line":131,"column":null}},"23":{"start":{"line":134,"column":4},"end":{"line":139,"column":null}},"24":{"start":{"line":135,"column":8},"end":{"line":135,"column":null}},"25":{"start":{"line":135,"column":30},"end":{"line":135,"column":null}},"26":{"start":{"line":136,"column":8},"end":{"line":136,"column":null}},"27":{"start":{"line":137,"column":8},"end":{"line":137,"column":null}},"28":{"start":{"line":138,"column":8},"end":{"line":138,"column":null}},"29":{"start":{"line":141,"column":10},"end":{"line":146,"column":null}},"30":{"start":{"line":142,"column":8},"end":{"line":142,"column":null}},"31":{"start":{"line":142,"column":31},"end":{"line":142,"column":null}},"32":{"start":{"line":143,"column":8},"end":{"line":145,"column":null}},"33":{"start":{"line":144,"column":28},"end":{"line":144,"column":84}},"34":{"start":{"line":148,"column":10},"end":{"line":148,"column":null}},"35":{"start":{"line":148,"column":40},"end":{"line":148,"column":98}},"36":{"start":{"line":148,"column":65},"end":{"line":148,"column":95}},"37":{"start":{"line":150,"column":10},"end":{"line":150,"column":null}},"38":{"start":{"line":150,"column":40},"end":{"line":150,"column":71}},"39":{"start":{"line":152,"column":30},"end":{"line":186,"column":null}},"40":{"start":{"line":153,"column":22},"end":{"line":153,"column":null}},"41":{"start":{"line":154,"column":8},"end":{"line":160,"column":null}},"42":{"start":{"line":155,"column":12},"end":{"line":155,"column":null}},"43":{"start":{"line":156,"column":8},"end":{"line":160,"column":null}},"44":{"start":{"line":157,"column":12},"end":{"line":157,"column":null}},"45":{"start":{"line":158,"column":8},"end":{"line":160,"column":null}},"46":{"start":{"line":159,"column":12},"end":{"line":159,"column":null}},"47":{"start":{"line":162,"column":21},"end":{"line":167,"column":null}},"48":{"start":{"line":169,"column":8},"end":{"line":181,"column":null}},"49":{"start":{"line":170,"column":18},"end":{"line":170,"column":null}},"50":{"start":{"line":171,"column":12},"end":{"line":175,"column":null}},"51":{"start":{"line":183,"column":8},"end":{"line":183,"column":null}},"52":{"start":{"line":188,"column":30},"end":{"line":266,"column":null}},"53":{"start":{"line":189,"column":21},"end":{"line":189,"column":null}},"54":{"start":{"line":190,"column":8},"end":{"line":190,"column":null}},"55":{"start":{"line":190,"column":43},"end":{"line":190,"column":null}},"56":{"start":{"line":192,"column":8},"end":{"line":192,"column":null}},"57":{"start":{"line":193,"column":8},"end":{"line":193,"column":null}},"58":{"start":{"line":195,"column":33},"end":{"line":200,"column":null}},"59":{"start":{"line":202,"column":8},"end":{"line":202,"column":null}},"60":{"start":{"line":202,"column":28},"end":{"line":202,"column":46}},"61":{"start":{"line":203,"column":8},"end":{"line":203,"column":null}},"62":{"start":{"line":203,"column":27},"end":{"line":203,"column":null}},"63":{"start":{"line":205,"column":8},"end":{"line":265,"column":null}},"64":{"start":{"line":206,"column":35},"end":{"line":211,"column":null}},"65":{"start":{"line":208,"column":29},"end":{"line":211,"column":18}},"66":{"start":{"line":213,"column":38},"end":{"line":213,"column":null}},"67":{"start":{"line":214,"column":32},"end":{"line":214,"column":null}},"68":{"start":{"line":216,"column":16},"end":{"line":216,"column":null}},"69":{"start":{"line":218,"column":29},"end":{"line":223,"column":null}},"70":{"start":{"line":225,"column":29},"end":{"line":231,"column":null}},"71":{"start":{"line":233,"column":27},"end":{"line":233,"column":null}},"72":{"start":{"line":234,"column":30},"end":{"line":234,"column":null}},"73":{"start":{"line":235,"column":30},"end":{"line":235,"column":null}},"74":{"start":{"line":237,"column":42},"end":{"line":244,"column":null}},"75":{"start":{"line":246,"column":12},"end":{"line":246,"column":null}},"76":{"start":{"line":246,"column":32},"end":{"line":246,"column":55}},"77":{"start":{"line":248,"column":26},"end":{"line":248,"column":null}},"78":{"start":{"line":249,"column":12},"end":{"line":249,"column":null}},"79":{"start":{"line":250,"column":27},"end":{"line":250,"column":null}},"80":{"start":{"line":252,"column":12},"end":{"line":260,"column":null}},"81":{"start":{"line":253,"column":22},"end":{"line":253,"column":null}},"82":{"start":{"line":254,"column":16},"end":{"line":259,"column":null}},"83":{"start":{"line":255,"column":20},"end":{"line":255,"column":null}},"84":{"start":{"line":256,"column":20},"end":{"line":256,"column":null}},"85":{"start":{"line":257,"column":20},"end":{"line":257,"column":null}},"86":{"start":{"line":258,"column":20},"end":{"line":258,"column":null}},"87":{"start":{"line":262,"column":12},"end":{"line":262,"column":null}},"88":{"start":{"line":264,"column":12},"end":{"line":264,"column":null}},"89":{"start":{"line":268,"column":24},"end":{"line":274,"column":null}},"90":{"start":{"line":269,"column":8},"end":{"line":269,"column":null}},"91":{"start":{"line":269,"column":24},"end":{"line":269,"column":null}},"92":{"start":{"line":270,"column":24},"end":{"line":270,"column":null}},"93":{"start":{"line":270,"column":43},"end":{"line":270,"column":61}},"94":{"start":{"line":271,"column":8},"end":{"line":271,"column":null}},"95":{"start":{"line":271,"column":22},"end":{"line":271,"column":null}},"96":{"start":{"line":272,"column":14},"end":{"line":272,"column":null}},"97":{"start":{"line":273,"column":8},"end":{"line":273,"column":null}},"98":{"start":{"line":276,"column":30},"end":{"line":293,"column":null}},"99":{"start":{"line":277,"column":8},"end":{"line":277,"column":null}},"100":{"start":{"line":278,"column":23},"end":{"line":278,"column":null}},"101":{"start":{"line":279,"column":27},"end":{"line":279,"column":null}},"102":{"start":{"line":281,"column":23},"end":{"line":284,"column":null}},"103":{"start":{"line":282,"column":29},"end":{"line":282,"column":null}},"104":{"start":{"line":283,"column":12},"end":{"line":283,"column":null}},"105":{"start":{"line":286,"column":21},"end":{"line":289,"column":null}},"106":{"start":{"line":287,"column":12},"end":{"line":287,"column":null}},"107":{"start":{"line":288,"column":12},"end":{"line":288,"column":null}},"108":{"start":{"line":291,"column":8},"end":{"line":291,"column":null}},"109":{"start":{"line":292,"column":8},"end":{"line":292,"column":null}},"110":{"start":{"line":295,"column":4},"end":{"line":295,"column":null}},"111":{"start":{"line":295,"column":17},"end":{"line":295,"column":null}},"112":{"start":{"line":297,"column":4},"end":{"line":476,"column":null}},"113":{"start":{"line":309,"column":43},"end":{"line":309,"column":null}},"114":{"start":{"line":309,"column":67},"end":{"line":309,"column":72}},"115":{"start":{"line":326,"column":47},"end":{"line":326,"column":null}},"116":{"start":{"line":335,"column":94},"end":{"line":335,"column":134}},"117":{"start":{"line":345,"column":28},"end":{"line":345,"column":null}},"118":{"start":{"line":346,"column":28},"end":{"line":346,"column":null}},"119":{"start":{"line":354,"column":28},"end":{"line":354,"column":null}},"120":{"start":{"line":355,"column":28},"end":{"line":355,"column":null}},"121":{"start":{"line":369,"column":32},"end":{"line":369,"column":null}},"122":{"start":{"line":370,"column":32},"end":{"line":370,"column":null}},"123":{"start":{"line":374,"column":32},"end":{"line":376,"column":null}},"124":{"start":{"line":384,"column":24},"end":{"line":392,"column":null}},"125":{"start":{"line":387,"column":43},"end":{"line":387,"column":null}},"126":{"start":{"line":410,"column":28},"end":{"line":430,"column":null}},"127":{"start":{"line":424,"column":59},"end":{"line":424,"column":null}},"128":{"start":{"line":454,"column":47},"end":{"line":454,"column":null}},"129":{"start":{"line":456,"column":32},"end":{"line":459,"column":null}},"130":{"start":{"line":457,"column":36},"end":{"line":457,"column":null}},"131":{"start":{"line":458,"column":36},"end":{"line":458,"column":null}},"132":{"start":{"line":465,"column":43},"end":{"line":465,"column":null}}},"fnMap":{"0":{"name":"(anonymous_0)","decl":{"start":{"line":95,"column":48},"end":{"line":95,"column":49}},"loc":{"start":{"line":109,"column":6},"end":{"line":478,"column":null}},"line":109},"1":{"name":"(anonymous_1)","decl":{"start":{"line":123,"column":14},"end":{"line":123,"column":20}},"loc":{"start":{"line":123,"column":20},"end":{"line":127,"column":7}},"line":123},"2":{"name":"(anonymous_2)","decl":{"start":{"line":129,"column":14},"end":{"line":129,"column":20}},"loc":{"start":{"line":129,"column":20},"end":{"line":132,"column":7}},"line":129},"3":{"name":"(anonymous_3)","decl":{"start":{"line":134,"column":14},"end":{"line":134,"column":20}},"loc":{"start":{"line":134,"column":20},"end":{"line":139,"column":7}},"line":134},"4":{"name":"(anonymous_4)","decl":{"start":{"line":141,"column":41},"end":{"line":141,"column":47}},"loc":{"start":{"line":141,"column":47},"end":{"line":146,"column":7}},"line":141},"5":{"name":"(anonymous_5)","decl":{"start":{"line":144,"column":17},"end":{"line":144,"column":28}},"loc":{"start":{"line":144,"column":28},"end":{"line":144,"column":84}},"line":144},"6":{"name":"(anonymous_6)","decl":{"start":{"line":148,"column":34},"end":{"line":148,"column":40}},"loc":{"start":{"line":148,"column":40},"end":{"line":148,"column":98}},"line":148},"7":{"name":"(anonymous_7)","decl":{"start":{"line":148,"column":54},"end":{"line":148,"column":65}},"loc":{"start":{"line":148,"column":65},"end":{"line":148,"column":95}},"line":148},"8":{"name":"(anonymous_8)","decl":{"start":{"line":150,"column":34},"end":{"line":150,"column":40}},"loc":{"start":{"line":150,"column":40},"end":{"line":150,"column":71}},"line":150},"9":{"name":"(anonymous_9)","decl":{"start":{"line":152,"column":30},"end":{"line":152,"column":36}},"loc":{"start":{"line":152,"column":36},"end":{"line":186,"column":null}},"line":152},"10":{"name":"(anonymous_10)","decl":{"start":{"line":188,"column":30},"end":{"line":188,"column":37}},"loc":{"start":{"line":188,"column":63},"end":{"line":266,"column":null}},"line":188},"11":{"name":"(anonymous_11)","decl":{"start":{"line":202,"column":20},"end":{"line":202,"column":28}},"loc":{"start":{"line":202,"column":28},"end":{"line":202,"column":46}},"line":202},"12":{"name":"(anonymous_12)","decl":{"start":{"line":208,"column":21},"end":{"line":208,"column":29}},"loc":{"start":{"line":208,"column":29},"end":{"line":211,"column":18}},"line":208},"13":{"name":"(anonymous_13)","decl":{"start":{"line":246,"column":24},"end":{"line":246,"column":32}},"loc":{"start":{"line":246,"column":32},"end":{"line":246,"column":55}},"line":246},"14":{"name":"(anonymous_14)","decl":{"start":{"line":268,"column":24},"end":{"line":268,"column":25}},"loc":{"start":{"line":268,"column":69},"end":{"line":274,"column":null}},"line":268},"15":{"name":"(anonymous_15)","decl":{"start":{"line":270,"column":38},"end":{"line":270,"column":43}},"loc":{"start":{"line":270,"column":43},"end":{"line":270,"column":61}},"line":270},"16":{"name":"(anonymous_16)","decl":{"start":{"line":276,"column":30},"end":{"line":276,"column":31}},"loc":{"start":{"line":276,"column":59},"end":{"line":293,"column":null}},"line":276},"17":{"name":"(anonymous_17)","decl":{"start":{"line":281,"column":23},"end":{"line":281,"column":24}},"loc":{"start":{"line":281,"column":50},"end":{"line":284,"column":null}},"line":281},"18":{"name":"(anonymous_18)","decl":{"start":{"line":286,"column":21},"end":{"line":286,"column":27}},"loc":{"start":{"line":286,"column":27},"end":{"line":289,"column":null}},"line":286},"19":{"name":"(anonymous_19)","decl":{"start":{"line":309,"column":37},"end":{"line":309,"column":43}},"loc":{"start":{"line":309,"column":43},"end":{"line":309,"column":null}},"line":309},"20":{"name":"(anonymous_20)","decl":{"start":{"line":309,"column":59},"end":{"line":309,"column":67}},"loc":{"start":{"line":309,"column":67},"end":{"line":309,"column":72}},"line":309},"21":{"name":"(anonymous_21)","decl":{"start":{"line":326,"column":38},"end":{"line":326,"column":47}},"loc":{"start":{"line":326,"column":47},"end":{"line":326,"column":null}},"line":326},"22":{"name":"(anonymous_22)","decl":{"start":{"line":335,"column":85},"end":{"line":335,"column":94}},"loc":{"start":{"line":335,"column":94},"end":{"line":335,"column":134}},"line":335},"23":{"name":"(anonymous_23)","decl":{"start":{"line":344,"column":33},"end":{"line":344,"column":39}},"loc":{"start":{"line":344,"column":39},"end":{"line":347,"column":null}},"line":344},"24":{"name":"(anonymous_24)","decl":{"start":{"line":353,"column":33},"end":{"line":353,"column":39}},"loc":{"start":{"line":353,"column":39},"end":{"line":356,"column":null}},"line":353},"25":{"name":"(anonymous_25)","decl":{"start":{"line":368,"column":38},"end":{"line":368,"column":47}},"loc":{"start":{"line":368,"column":47},"end":{"line":371,"column":null}},"line":368},"26":{"name":"(anonymous_26)","decl":{"start":{"line":373,"column":42},"end":{"line":373,"column":null}},"loc":{"start":{"line":374,"column":32},"end":{"line":376,"column":null}},"line":374},"27":{"name":"(anonymous_27)","decl":{"start":{"line":383,"column":73},"end":{"line":383,"column":null}},"loc":{"start":{"line":384,"column":24},"end":{"line":392,"column":null}},"line":384},"28":{"name":"(anonymous_28)","decl":{"start":{"line":387,"column":37},"end":{"line":387,"column":43}},"loc":{"start":{"line":387,"column":43},"end":{"line":387,"column":null}},"line":387},"29":{"name":"(anonymous_29)","decl":{"start":{"line":409,"column":37},"end":{"line":409,"column":null}},"loc":{"start":{"line":410,"column":28},"end":{"line":430,"column":null}},"line":410},"30":{"name":"(anonymous_30)","decl":{"start":{"line":424,"column":53},"end":{"line":424,"column":59}},"loc":{"start":{"line":424,"column":59},"end":{"line":424,"column":null}},"line":424},"31":{"name":"(anonymous_31)","decl":{"start":{"line":454,"column":38},"end":{"line":454,"column":47}},"loc":{"start":{"line":454,"column":47},"end":{"line":454,"column":null}},"line":454},"32":{"name":"(anonymous_32)","decl":{"start":{"line":455,"column":39},"end":{"line":455,"column":48}},"loc":{"start":{"line":455,"column":48},"end":{"line":460,"column":null}},"line":455},"33":{"name":"(anonymous_33)","decl":{"start":{"line":465,"column":37},"end":{"line":465,"column":43}},"loc":{"start":{"line":465,"column":43},"end":{"line":465,"column":null}},"line":465}},"branchMap":{"0":{"loc":{"start":{"line":124,"column":8},"end":{"line":126,"column":null}},"type":"if","locations":[{"start":{"line":124,"column":8},"end":{"line":126,"column":null}},{"start":{},"end":{}}],"line":124},"1":{"loc":{"start":{"line":124,"column":12},"end":{"line":124,"column":53}},"type":"binary-expr","locations":[{"start":{"line":124,"column":12},"end":{"line":124,"column":35}},{"start":{"line":124,"column":35},"end":{"line":124,"column":53}}],"line":124},"2":{"loc":{"start":{"line":130,"column":8},"end":{"line":130,"column":null}},"type":"if","locations":[{"start":{"line":130,"column":8},"end":{"line":130,"column":null}},{"start":{},"end":{}}],"line":130},"3":{"loc":{"start":{"line":130,"column":12},"end":{"line":130,"column":64}},"type":"binary-expr","locations":[{"start":{"line":130,"column":12},"end":{"line":130,"column":41}},{"start":{"line":130,"column":41},"end":{"line":130,"column":64}}],"line":130},"4":{"loc":{"start":{"line":135,"column":8},"end":{"line":135,"column":null}},"type":"if","locations":[{"start":{"line":135,"column":8},"end":{"line":135,"column":null}},{"start":{},"end":{}}],"line":135},"5":{"loc":{"start":{"line":142,"column":8},"end":{"line":142,"column":null}},"type":"if","locations":[{"start":{"line":142,"column":8},"end":{"line":142,"column":null}},{"start":{},"end":{}}],"line":142},"6":{"loc":{"start":{"line":150,"column":40},"end":{"line":150,"column":71}},"type":"binary-expr","locations":[{"start":{"line":150,"column":40},"end":{"line":150,"column":49}},{"start":{"line":150,"column":49},"end":{"line":150,"column":71}}],"line":150},"7":{"loc":{"start":{"line":154,"column":8},"end":{"line":160,"column":null}},"type":"if","locations":[{"start":{"line":154,"column":8},"end":{"line":160,"column":null}},{"start":{"line":156,"column":8},"end":{"line":160,"column":null}}],"line":154},"8":{"loc":{"start":{"line":156,"column":8},"end":{"line":160,"column":null}},"type":"if","locations":[{"start":{"line":156,"column":8},"end":{"line":160,"column":null}},{"start":{"line":158,"column":8},"end":{"line":160,"column":null}}],"line":156},"9":{"loc":{"start":{"line":158,"column":8},"end":{"line":160,"column":null}},"type":"if","locations":[{"start":{"line":158,"column":8},"end":{"line":160,"column":null}},{"start":{},"end":{}}],"line":158},"10":{"loc":{"start":{"line":169,"column":8},"end":{"line":181,"column":null}},"type":"if","locations":[{"start":{"line":169,"column":8},"end":{"line":181,"column":null}},{"start":{},"end":{}}],"line":169},"11":{"loc":{"start":{"line":169,"column":12},"end":{"line":169,"column":46}},"type":"binary-expr","locations":[{"start":{"line":169,"column":12},"end":{"line":169,"column":31}},{"start":{"line":169,"column":31},"end":{"line":169,"column":46}}],"line":169},"12":{"loc":{"start":{"line":189,"column":21},"end":{"line":189,"column":null}},"type":"binary-expr","locations":[{"start":{"line":189,"column":21},"end":{"line":189,"column":37}},{"start":{"line":189,"column":37},"end":{"line":189,"column":null}}],"line":189},"13":{"loc":{"start":{"line":190,"column":8},"end":{"line":190,"column":null}},"type":"if","locations":[{"start":{"line":190,"column":8},"end":{"line":190,"column":null}},{"start":{},"end":{}}],"line":190},"14":{"loc":{"start":{"line":190,"column":12},"end":{"line":190,"column":43}},"type":"binary-expr","locations":[{"start":{"line":190,"column":12},"end":{"line":190,"column":21}},{"start":{"line":190,"column":21},"end":{"line":190,"column":32}},{"start":{"line":190,"column":32},"end":{"line":190,"column":43}}],"line":190},"15":{"loc":{"start":{"line":203,"column":8},"end":{"line":203,"column":null}},"type":"if","locations":[{"start":{"line":203,"column":8},"end":{"line":203,"column":null}},{"start":{},"end":{}}],"line":203},"16":{"loc":{"start":{"line":209,"column":26},"end":{"line":209,"column":null}},"type":"cond-expr","locations":[{"start":{"line":209,"column":53},"end":{"line":209,"column":63}},{"start":{"line":209,"column":63},"end":{"line":209,"column":null}}],"line":209},"17":{"loc":{"start":{"line":216,"column":16},"end":{"line":216,"column":null}},"type":"cond-expr","locations":[{"start":{"line":216,"column":34},"end":{"line":216,"column":107}},{"start":{"line":216,"column":107},"end":{"line":216,"column":null}}],"line":216},"18":{"loc":{"start":{"line":235,"column":30},"end":{"line":235,"column":null}},"type":"binary-expr","locations":[{"start":{"line":235,"column":30},"end":{"line":235,"column":70}},{"start":{"line":235,"column":70},"end":{"line":235,"column":null}}],"line":235},"19":{"loc":{"start":{"line":243,"column":35},"end":{"line":243,"column":null}},"type":"cond-expr","locations":[{"start":{"line":243,"column":53},"end":{"line":243,"column":71}},{"start":{"line":243,"column":71},"end":{"line":243,"column":null}}],"line":243},"20":{"loc":{"start":{"line":248,"column":26},"end":{"line":248,"column":null}},"type":"cond-expr","locations":[{"start":{"line":248,"column":49},"end":{"line":248,"column":55}},{"start":{"line":248,"column":55},"end":{"line":248,"column":null}}],"line":248},"21":{"loc":{"start":{"line":250,"column":27},"end":{"line":250,"column":null}},"type":"binary-expr","locations":[{"start":{"line":250,"column":27},"end":{"line":250,"column":44}},{"start":{"line":250,"column":44},"end":{"line":250,"column":null}}],"line":250},"22":{"loc":{"start":{"line":252,"column":12},"end":{"line":260,"column":null}},"type":"if","locations":[{"start":{"line":252,"column":12},"end":{"line":260,"column":null}},{"start":{},"end":{}}],"line":252},"23":{"loc":{"start":{"line":252,"column":16},"end":{"line":252,"column":110}},"type":"binary-expr","locations":[{"start":{"line":252,"column":16},"end":{"line":252,"column":62}},{"start":{"line":252,"column":62},"end":{"line":252,"column":89}},{"start":{"line":252,"column":89},"end":{"line":252,"column":110}}],"line":252},"24":{"loc":{"start":{"line":254,"column":16},"end":{"line":259,"column":null}},"type":"if","locations":[{"start":{"line":254,"column":16},"end":{"line":259,"column":null}},{"start":{},"end":{}}],"line":254},"25":{"loc":{"start":{"line":269,"column":8},"end":{"line":269,"column":null}},"type":"if","locations":[{"start":{"line":269,"column":8},"end":{"line":269,"column":null}},{"start":{},"end":{}}],"line":269},"26":{"loc":{"start":{"line":271,"column":8},"end":{"line":271,"column":null}},"type":"if","locations":[{"start":{"line":271,"column":8},"end":{"line":271,"column":null}},{"start":{},"end":{}}],"line":271},"27":{"loc":{"start":{"line":295,"column":4},"end":{"line":295,"column":null}},"type":"if","locations":[{"start":{"line":295,"column":4},"end":{"line":295,"column":null}},{"start":{},"end":{}}],"line":295},"28":{"loc":{"start":{"line":304,"column":57},"end":{"line":304,"column":122}},"type":"cond-expr","locations":[{"start":{"line":304,"column":75},"end":{"line":304,"column":100}},{"start":{"line":304,"column":100},"end":{"line":304,"column":122}}],"line":304},"29":{"loc":{"start":{"line":308,"column":63},"end":{"line":308,"column":109}},"type":"cond-expr","locations":[{"start":{"line":308,"column":78},"end":{"line":308,"column":107}},{"start":{"line":308,"column":107},"end":{"line":308,"column":109}}],"line":308},"30":{"loc":{"start":{"line":320,"column":17},"end":{"line":338,"column":null}},"type":"binary-expr","locations":[{"start":{"line":320,"column":17},"end":{"line":320,"column":null}},{"start":{"line":321,"column":20},"end":{"line":338,"column":null}}],"line":320},"31":{"loc":{"start":{"line":343,"column":50},"end":{"line":343,"column":84}},"type":"cond-expr","locations":[{"start":{"line":343,"column":68},"end":{"line":343,"column":82}},{"start":{"line":343,"column":82},"end":{"line":343,"column":84}}],"line":343},"32":{"loc":{"start":{"line":352,"column":50},"end":{"line":352,"column":84}},"type":"cond-expr","locations":[{"start":{"line":352,"column":68},"end":{"line":352,"column":82}},{"start":{"line":352,"column":82},"end":{"line":352,"column":84}}],"line":352},"33":{"loc":{"start":{"line":362,"column":17},"end":{"line":379,"column":null}},"type":"binary-expr","locations":[{"start":{"line":362,"column":17},"end":{"line":362,"column":null}},{"start":{"line":363,"column":20},"end":{"line":379,"column":null}}],"line":362},"34":{"loc":{"start":{"line":383,"column":22},"end":{"line":383,"column":69}},"type":"cond-expr","locations":[{"start":{"line":383,"column":40},"end":{"line":383,"column":55}},{"start":{"line":383,"column":55},"end":{"line":383,"column":69}}],"line":383},"35":{"loc":{"start":{"line":388,"column":38},"end":{"line":388,"column":null}},"type":"binary-expr","locations":[{"start":{"line":388,"column":38},"end":{"line":388,"column":51}},{"start":{"line":388,"column":51},"end":{"line":388,"column":null}}],"line":388},"36":{"loc":{"start":{"line":398,"column":25},"end":{"line":431,"column":null}},"type":"cond-expr","locations":[{"start":{"line":399,"column":28},"end":{"line":401,"column":null}},{"start":{"line":402,"column":24},"end":{"line":431,"column":null}}],"line":398},"37":{"loc":{"start":{"line":402,"column":24},"end":{"line":431,"column":null}},"type":"cond-expr","locations":[{"start":{"line":403,"column":24},"end":{"line":407,"column":null}},{"start":{"line":409,"column":24},"end":{"line":431,"column":null}}],"line":402},"38":{"loc":{"start":{"line":404,"column":69},"end":{"line":404,"column":99}},"type":"cond-expr","locations":[{"start":{"line":404,"column":87},"end":{"line":404,"column":94}},{"start":{"line":404,"column":94},"end":{"line":404,"column":99}}],"line":404},"39":{"loc":{"start":{"line":405,"column":32},"end":{"line":405,"column":189}},"type":"cond-expr","locations":[{"start":{"line":405,"column":50},"end":{"line":405,"column":115}},{"start":{"line":405,"column":115},"end":{"line":405,"column":189}}],"line":405},"40":{"loc":{"start":{"line":410,"column":74},"end":{"line":410,"column":123}},"type":"cond-expr","locations":[{"start":{"line":410,"column":96},"end":{"line":410,"column":110}},{"start":{"line":410,"column":110},"end":{"line":410,"column":123}}],"line":410},"41":{"loc":{"start":{"line":413,"column":40},"end":{"line":415,"column":null}},"type":"cond-expr","locations":[{"start":{"line":414,"column":46},"end":{"line":414,"column":null}},{"start":{"line":415,"column":46},"end":{"line":415,"column":null}}],"line":413},"42":{"loc":{"start":{"line":420,"column":33},"end":{"line":428,"column":null}},"type":"binary-expr","locations":[{"start":{"line":420,"column":33},"end":{"line":420,"column":61}},{"start":{"line":420,"column":61},"end":{"line":420,"column":null}},{"start":{"line":421,"column":36},"end":{"line":428,"column":null}}],"line":420},"43":{"loc":{"start":{"line":433,"column":25},"end":{"line":438,"column":null}},"type":"binary-expr","locations":[{"start":{"line":433,"column":25},"end":{"line":433,"column":null}},{"start":{"line":434,"column":28},"end":{"line":438,"column":null}}],"line":433},"44":{"loc":{"start":{"line":440,"column":25},"end":{"line":441,"column":null}},"type":"binary-expr","locations":[{"start":{"line":440,"column":25},"end":{"line":440,"column":null}},{"start":{"line":441,"column":28},"end":{"line":441,"column":null}}],"line":440},"45":{"loc":{"start":{"line":451,"column":41},"end":{"line":451,"column":null}},"type":"cond-expr","locations":[{"start":{"line":451,"column":59},"end":{"line":451,"column":97}},{"start":{"line":451,"column":97},"end":{"line":451,"column":null}}],"line":451},"46":{"loc":{"start":{"line":456,"column":32},"end":{"line":459,"column":null}},"type":"if","locations":[{"start":{"line":456,"column":32},"end":{"line":459,"column":null}},{"start":{},"end":{}}],"line":456},"47":{"loc":{"start":{"line":456,"column":36},"end":{"line":456,"column":78}},"type":"binary-expr","locations":[{"start":{"line":456,"column":36},"end":{"line":456,"column":61}},{"start":{"line":456,"column":61},"end":{"line":456,"column":78}}],"line":456},"48":{"loc":{"start":{"line":461,"column":38},"end":{"line":461,"column":null}},"type":"binary-expr","locations":[{"start":{"line":461,"column":38},"end":{"line":461,"column":51}},{"start":{"line":461,"column":51},"end":{"line":461,"column":null}}],"line":461},"49":{"loc":{"start":{"line":464,"column":54},"end":{"line":464,"column":107}},"type":"cond-expr","locations":[{"start":{"line":464,"column":89},"end":{"line":464,"column":105}},{"start":{"line":464,"column":105},"end":{"line":464,"column":107}}],"line":464},"50":{"loc":{"start":{"line":464,"column":54},"end":{"line":464,"column":89}},"type":"binary-expr","locations":[{"start":{"line":464,"column":54},"end":{"line":464,"column":77}},{"start":{"line":464,"column":77},"end":{"line":464,"column":89}}],"line":464},"51":{"loc":{"start":{"line":466,"column":38},"end":{"line":466,"column":null}},"type":"binary-expr","locations":[{"start":{"line":466,"column":38},"end":{"line":466,"column":61}},{"start":{"line":466,"column":61},"end":{"line":466,"column":null}}],"line":466}},"s":{"0":1,"1":1,"2":1,"3":1,"4":1,"5":10,"6":10,"7":10,"8":10,"9":10,"10":10,"11":10,"12":10,"13":10,"14":10,"15":10,"16":10,"17":8,"18":4,"19":10,"20":5,"21":5,"22":0,"23":10,"24":4,"25":4,"26":0,"27":0,"28":0,"29":10,"30":4,"31":0,"32":4,"33":4,"34":10,"35":8,"36":8,"37":10,"38":4,"39":10,"40":0,"41":0,"42":0,"43":0,"44":0,"45":0,"46":0,"47":0,"48":0,"49":0,"50":0,"51":0,"52":10,"53":0,"54":0,"55":0,"56":0,"57":0,"58":0,"59":0,"60":0,"61":0,"62":0,"63":0,"64":0,"65":0,"66":0,"67":0,"68":0,"69":0,"70":0,"71":0,"72":0,"73":0,"74":0,"75":0,"76":0,"77":0,"78":0,"79":0,"80":0,"81":0,"82":0,"83":0,"84":0,"85":0,"86":0,"87":0,"88":0,"89":10,"90":0,"91":0,"92":0,"93":0,"94":0,"95":0,"96":0,"97":0,"98":10,"99":0,"100":0,"101":0,"102":0,"103":0,"104":0,"105":0,"106":0,"107":0,"108":0,"109":0,"110":10,"111":2,"112":8,"113":0,"114":0,"115":0,"116":0,"117":0,"118":0,"119":1,"120":1,"121":0,"122":0,"123":1,"124":25,"125":0,"126":0,"127":0,"128":1,"129":0,"130":0,"131":0,"132":0},"f":{"0":10,"1":8,"2":5,"3":4,"4":4,"5":4,"6":8,"7":8,"8":4,"9":0,"10":0,"11":0,"12":0,"13":0,"14":0,"15":0,"16":0,"17":0,"18":0,"19":0,"20":0,"21":0,"22":0,"23":0,"24":1,"25":0,"26":1,"27":25,"28":0,"29":0,"30":0,"31":1,"32":0,"33":0},"b":{"0":[4,4],"1":[8,8],"2":[5,0],"3":[5,4],"4":[4,0],"5":[0,4],"6":[4,4],"7":[0,0],"8":[0,0],"9":[0,0],"10":[0,0],"11":[0,0],"12":[0,0],"13":[0,0],"14":[0,0,0],"15":[0,0],"16":[0,0],"17":[0,0],"18":[0,0],"19":[0,0],"20":[0,0],"21":[0,0],"22":[0,0],"23":[0,0,0],"24":[0,0],"25":[0,0],"26":[0,0],"27":[2,8],"28":[7,1],"29":[0,8],"30":[10,0],"31":[7,1],"32":[1,7],"33":[10,1],"34":[7,1],"35":[25,25],"36":[0,8],"37":[8,0],"38":[7,1],"39":[7,1],"40":[0,0],"41":[0,0],"42":[0,0,0],"43":[10,0],"44":[10,0],"45":[7,1],"46":[0,0],"47":[0,0],"48":[10,8],"49":[7,1],"50":[10,1],"51":[10,1]},"meta":{"lastBranch":52,"lastFunction":34,"lastStatement":133,"seen":{"s:51:29:51:Infinity":0,"s:52:52:52:Infinity":1,"s:54:36:70:Infinity":2,"s:72:36:93:Infinity":3,"s:95:48:478:Infinity":4,"f:95:48:95:49":0,"s:110:24:110:Infinity":5,"s:111:46:111:Infinity":6,"s:112:32:112:Infinity":7,"s:113:38:113:Infinity":8,"s:114:34:114:Infinity":9,"s:115:26:115:Infinity":10,"s:116:40:116:Infinity":11,"s:117:48:117:Infinity":12,"s:118:42:118:Infinity":13,"s:120:10:120:Infinity":14,"s:121:10:121:Infinity":15,"s:123:4:127:Infinity":16,"f:123:14:123:20":1,"b:124:8:126:Infinity:undefined:undefined:undefined:undefined":0,"s:124:8:126:Infinity":17,"b:124:12:124:35:124:35:124:53":1,"s:125:12:125:Infinity":18,"s:129:4:132:Infinity":19,"f:129:14:129:20":2,"b:130:8:130:Infinity:undefined:undefined:undefined:undefined":2,"s:130:8:130:Infinity":20,"b:130:12:130:41:130:41:130:64":3,"s:130:64:130:Infinity":21,"s:131:8:131:Infinity":22,"s:134:4:139:Infinity":23,"f:134:14:134:20":3,"b:135:8:135:Infinity:undefined:undefined:undefined:undefined":4,"s:135:8:135:Infinity":24,"s:135:30:135:Infinity":25,"s:136:8:136:Infinity":26,"s:137:8:137:Infinity":27,"s:138:8:138:Infinity":28,"s:141:10:146:Infinity":29,"f:141:41:141:47":4,"b:142:8:142:Infinity:undefined:undefined:undefined:undefined":5,"s:142:8:142:Infinity":30,"s:142:31:142:Infinity":31,"s:143:8:145:Infinity":32,"f:144:17:144:28":5,"s:144:28:144:84":33,"s:148:10:148:Infinity":34,"f:148:34:148:40":6,"s:148:40:148:98":35,"f:148:54:148:65":7,"s:148:65:148:95":36,"s:150:10:150:Infinity":37,"f:150:34:150:40":8,"s:150:40:150:71":38,"b:150:40:150:49:150:49:150:71":6,"s:152:30:186:Infinity":39,"f:152:30:152:36":9,"s:153:22:153:Infinity":40,"b:154:8:160:Infinity:156:8:160:Infinity":7,"s:154:8:160:Infinity":41,"s:155:12:155:Infinity":42,"b:156:8:160:Infinity:158:8:160:Infinity":8,"s:156:8:160:Infinity":43,"s:157:12:157:Infinity":44,"b:158:8:160:Infinity:undefined:undefined:undefined:undefined":9,"s:158:8:160:Infinity":45,"s:159:12:159:Infinity":46,"s:162:21:167:Infinity":47,"b:169:8:181:Infinity:undefined:undefined:undefined:undefined":10,"s:169:8:181:Infinity":48,"b:169:12:169:31:169:31:169:46":11,"s:170:18:170:Infinity":49,"s:171:12:175:Infinity":50,"s:183:8:183:Infinity":51,"s:188:30:266:Infinity":52,"f:188:30:188:37":10,"s:189:21:189:Infinity":53,"b:189:21:189:37:189:37:189:Infinity":12,"b:190:8:190:Infinity:undefined:undefined:undefined:undefined":13,"s:190:8:190:Infinity":54,"b:190:12:190:21:190:21:190:32:190:32:190:43":14,"s:190:43:190:Infinity":55,"s:192:8:192:Infinity":56,"s:193:8:193:Infinity":57,"s:195:33:200:Infinity":58,"s:202:8:202:Infinity":59,"f:202:20:202:28":11,"s:202:28:202:46":60,"b:203:8:203:Infinity:undefined:undefined:undefined:undefined":15,"s:203:8:203:Infinity":61,"s:203:27:203:Infinity":62,"s:205:8:265:Infinity":63,"s:206:35:211:Infinity":64,"f:208:21:208:29":12,"s:208:29:211:18":65,"b:209:53:209:63:209:63:209:Infinity":16,"s:213:38:213:Infinity":66,"s:214:32:214:Infinity":67,"s:216:16:216:Infinity":68,"b:216:34:216:107:216:107:216:Infinity":17,"s:218:29:223:Infinity":69,"s:225:29:231:Infinity":70,"s:233:27:233:Infinity":71,"s:234:30:234:Infinity":72,"s:235:30:235:Infinity":73,"b:235:30:235:70:235:70:235:Infinity":18,"s:237:42:244:Infinity":74,"b:243:53:243:71:243:71:243:Infinity":19,"s:246:12:246:Infinity":75,"f:246:24:246:32":13,"s:246:32:246:55":76,"s:248:26:248:Infinity":77,"b:248:49:248:55:248:55:248:Infinity":20,"s:249:12:249:Infinity":78,"s:250:27:250:Infinity":79,"b:250:27:250:44:250:44:250:Infinity":21,"b:252:12:260:Infinity:undefined:undefined:undefined:undefined":22,"s:252:12:260:Infinity":80,"b:252:16:252:62:252:62:252:89:252:89:252:110":23,"s:253:22:253:Infinity":81,"b:254:16:259:Infinity:undefined:undefined:undefined:undefined":24,"s:254:16:259:Infinity":82,"s:255:20:255:Infinity":83,"s:256:20:256:Infinity":84,"s:257:20:257:Infinity":85,"s:258:20:258:Infinity":86,"s:262:12:262:Infinity":87,"s:264:12:264:Infinity":88,"s:268:24:274:Infinity":89,"f:268:24:268:25":14,"b:269:8:269:Infinity:undefined:undefined:undefined:undefined":25,"s:269:8:269:Infinity":90,"s:269:24:269:Infinity":91,"s:270:24:270:Infinity":92,"f:270:38:270:43":15,"s:270:43:270:61":93,"b:271:8:271:Infinity:undefined:undefined:undefined:undefined":26,"s:271:8:271:Infinity":94,"s:271:22:271:Infinity":95,"s:272:14:272:Infinity":96,"s:273:8:273:Infinity":97,"s:276:30:293:Infinity":98,"f:276:30:276:31":16,"s:277:8:277:Infinity":99,"s:278:23:278:Infinity":100,"s:279:27:279:Infinity":101,"s:281:23:284:Infinity":102,"f:281:23:281:24":17,"s:282:29:282:Infinity":103,"s:283:12:283:Infinity":104,"s:286:21:289:Infinity":105,"f:286:21:286:27":18,"s:287:12:287:Infinity":106,"s:288:12:288:Infinity":107,"s:291:8:291:Infinity":108,"s:292:8:292:Infinity":109,"b:295:4:295:Infinity:undefined:undefined:undefined:undefined":27,"s:295:4:295:Infinity":110,"s:295:17:295:Infinity":111,"s:297:4:476:Infinity":112,"b:304:75:304:100:304:100:304:122":28,"b:308:78:308:107:308:107:308:109":29,"f:309:37:309:43":19,"s:309:43:309:Infinity":113,"f:309:59:309:67":20,"s:309:67:309:72":114,"b:320:17:320:Infinity:321:20:338:Infinity":30,"f:326:38:326:47":21,"s:326:47:326:Infinity":115,"f:335:85:335:94":22,"s:335:94:335:134":116,"b:343:68:343:82:343:82:343:84":31,"f:344:33:344:39":23,"s:345:28:345:Infinity":117,"s:346:28:346:Infinity":118,"b:352:68:352:82:352:82:352:84":32,"f:353:33:353:39":24,"s:354:28:354:Infinity":119,"s:355:28:355:Infinity":120,"b:362:17:362:Infinity:363:20:379:Infinity":33,"f:368:38:368:47":25,"s:369:32:369:Infinity":121,"s:370:32:370:Infinity":122,"f:373:42:373:Infinity":26,"s:374:32:376:Infinity":123,"b:383:40:383:55:383:55:383:69":34,"f:383:73:383:Infinity":27,"s:384:24:392:Infinity":124,"f:387:37:387:43":28,"s:387:43:387:Infinity":125,"b:388:38:388:51:388:51:388:Infinity":35,"b:399:28:401:Infinity:402:24:431:Infinity":36,"b:403:24:407:Infinity:409:24:431:Infinity":37,"b:404:87:404:94:404:94:404:99":38,"b:405:50:405:115:405:115:405:189":39,"f:409:37:409:Infinity":29,"s:410:28:430:Infinity":126,"b:410:96:410:110:410:110:410:123":40,"b:414:46:414:Infinity:415:46:415:Infinity":41,"b:420:33:420:61:420:61:420:Infinity:421:36:428:Infinity":42,"f:424:53:424:59":30,"s:424:59:424:Infinity":127,"b:433:25:433:Infinity:434:28:438:Infinity":43,"b:440:25:440:Infinity:441:28:441:Infinity":44,"b:451:59:451:97:451:97:451:Infinity":45,"f:454:38:454:47":31,"s:454:47:454:Infinity":128,"f:455:39:455:48":32,"b:456:32:459:Infinity:undefined:undefined:undefined:undefined":46,"s:456:32:459:Infinity":129,"b:456:36:456:61:456:61:456:78":47,"s:457:36:457:Infinity":130,"s:458:36:458:Infinity":131,"b:461:38:461:51:461:51:461:Infinity":48,"b:464:89:464:105:464:105:464:107":49,"b:464:54:464:77:464:77:464:89":50,"f:465:37:465:43":33,"s:465:43:465:Infinity":132,"b:466:38:466:61:466:61:466:Infinity":51}}}
,"/Users/daniel/Documents/informesHHRgemini/src/components/CartolaMedicamentosView.tsx": {"path":"/Users/daniel/Documents/informesHHRgemini/src/components/CartolaMedicamentosView.tsx","statementMap":{"0":{"start":{"line":8,"column":72},"end":{"line":98,"column":null}},"1":{"start":{"line":9,"column":4},"end":{"line":18,"column":null}},"2":{"start":{"line":10,"column":30},"end":{"line":10,"column":null}},"3":{"start":{"line":11,"column":8},"end":{"line":11,"column":null}},"4":{"start":{"line":12,"column":8},"end":{"line":12,"column":null}},"5":{"start":{"line":14,"column":8},"end":{"line":17,"column":null}},"6":{"start":{"line":15,"column":12},"end":{"line":15,"column":null}},"7":{"start":{"line":16,"column":12},"end":{"line":16,"column":null}},"8":{"start":{"line":20,"column":4},"end":{"line":96,"column":null}},"9":{"start":{"line":51,"column":35},"end":{"line":51,"column":null}}},"fnMap":{"0":{"name":"(anonymous_0)","decl":{"start":{"line":8,"column":72},"end":{"line":8,"column":73}},"loc":{"start":{"line":8,"column":88},"end":{"line":98,"column":null}},"line":8},"1":{"name":"(anonymous_1)","decl":{"start":{"line":9,"column":14},"end":{"line":9,"column":20}},"loc":{"start":{"line":9,"column":20},"end":{"line":18,"column":7}},"line":9},"2":{"name":"(anonymous_2)","decl":{"start":{"line":14,"column":15},"end":{"line":14,"column":21}},"loc":{"start":{"line":14,"column":21},"end":{"line":17,"column":null}},"line":14},"3":{"name":"(anonymous_3)","decl":{"start":{"line":51,"column":29},"end":{"line":51,"column":35}},"loc":{"start":{"line":51,"column":35},"end":{"line":51,"column":null}},"line":51}},"branchMap":{},"s":{"0":0,"1":0,"2":0,"3":0,"4":0,"5":0,"6":0,"7":0,"8":0,"9":0},"f":{"0":0,"1":0,"2":0,"3":0},"b":{},"meta":{"lastBranch":0,"lastFunction":4,"lastStatement":10,"seen":{"s:8:72:98:Infinity":0,"f:8:72:8:73":0,"s:9:4:18:Infinity":1,"f:9:14:9:20":1,"s:10:30:10:Infinity":2,"s:11:8:11:Infinity":3,"s:12:8:12:Infinity":4,"s:14:8:17:Infinity":5,"f:14:15:14:21":2,"s:15:12:15:Infinity":6,"s:16:12:16:Infinity":7,"s:20:4:96:Infinity":8,"f:51:29:51:35":3,"s:51:35:51:Infinity":9}}}
,"/Users/daniel/Documents/informesHHRgemini/src/components/ClinicalSection.tsx": {"path":"/Users/daniel/Documents/informesHHRgemini/src/components/ClinicalSection.tsx","statementMap":{"0":{"start":{"line":18,"column":56},"end":{"line":219,"column":null}},"1":{"start":{"line":31,"column":10},"end":{"line":31,"column":null}},"2":{"start":{"line":32,"column":34},"end":{"line":32,"column":null}},"3":{"start":{"line":33,"column":29},"end":{"line":33,"column":null}},"4":{"start":{"line":34,"column":10},"end":{"line":34,"column":null}},"5":{"start":{"line":34,"column":38},"end":{"line":34,"column":71}},"6":{"start":{"line":35,"column":10},"end":{"line":35,"column":null}},"7":{"start":{"line":35,"column":38},"end":{"line":35,"column":71}},"8":{"start":{"line":37,"column":10},"end":{"line":43,"column":null}},"9":{"start":{"line":38,"column":21},"end":{"line":38,"column":null}},"10":{"start":{"line":39,"column":8},"end":{"line":39,"column":null}},"11":{"start":{"line":39,"column":19},"end":{"line":39,"column":null}},"12":{"start":{"line":40,"column":8},"end":{"line":42,"column":null}},"13":{"start":{"line":41,"column":12},"end":{"line":41,"column":null}},"14":{"start":{"line":45,"column":4},"end":{"line":47,"column":null}},"15":{"start":{"line":46,"column":8},"end":{"line":46,"column":null}},"16":{"start":{"line":49,"column":10},"end":{"line":53,"column":null}},"17":{"start":{"line":50,"column":21},"end":{"line":50,"column":null}},"18":{"start":{"line":51,"column":8},"end":{"line":51,"column":null}},"19":{"start":{"line":51,"column":19},"end":{"line":51,"column":null}},"20":{"start":{"line":52,"column":8},"end":{"line":52,"column":null}},"21":{"start":{"line":55,"column":10},"end":{"line":63,"column":null}},"22":{"start":{"line":56,"column":26},"end":{"line":56,"column":null}},"23":{"start":{"line":57,"column":8},"end":{"line":57,"column":null}},"24":{"start":{"line":57,"column":24},"end":{"line":57,"column":null}},"25":{"start":{"line":58,"column":22},"end":{"line":58,"column":null}},"26":{"start":{"line":59,"column":8},"end":{"line":59,"column":null}},"27":{"start":{"line":60,"column":8},"end":{"line":60,"column":null}},"28":{"start":{"line":61,"column":8},"end":{"line":61,"column":null}},"29":{"start":{"line":62,"column":8},"end":{"line":62,"column":null}},"30":{"start":{"line":65,"column":10},"end":{"line":69,"column":null}},"31":{"start":{"line":66,"column":21},"end":{"line":66,"column":null}},"32":{"start":{"line":67,"column":8},"end":{"line":67,"column":null}},"33":{"start":{"line":67,"column":19},"end":{"line":67,"column":null}},"34":{"start":{"line":68,"column":8},"end":{"line":68,"column":null}},"35":{"start":{"line":71,"column":10},"end":{"line":116,"column":null}},"36":{"start":{"line":72,"column":21},"end":{"line":72,"column":null}},"37":{"start":{"line":73,"column":8},"end":{"line":73,"column":null}},"38":{"start":{"line":73,"column":19},"end":{"line":73,"column":null}},"39":{"start":{"line":74,"column":8},"end":{"line":74,"column":null}},"40":{"start":{"line":76,"column":26},"end":{"line":76,"column":null}},"41":{"start":{"line":77,"column":41},"end":{"line":82,"column":null}},"42":{"start":{"line":84,"column":22},"end":{"line":91,"column":null}},"43":{"start":{"line":87,"column":33},"end":{"line":87,"column":null}},"44":{"start":{"line":88,"column":16},"end":{"line":88,"column":null}},"45":{"start":{"line":89,"column":16},"end":{"line":89,"column":null}},"46":{"start":{"line":90,"column":16},"end":{"line":90,"column":null}},"47":{"start":{"line":93,"column":24},"end":{"line":93,"column":null}},"48":{"start":{"line":94,"column":8},"end":{"line":94,"column":null}},"49":{"start":{"line":95,"column":8},"end":{"line":95,"column":null}},"50":{"start":{"line":96,"column":8},"end":{"line":96,"column":null}},"51":{"start":{"line":98,"column":22},"end":{"line":98,"column":null}},"52":{"start":{"line":99,"column":8},"end":{"line":99,"column":null}},"53":{"start":{"line":100,"column":8},"end":{"line":100,"column":null}},"54":{"start":{"line":101,"column":8},"end":{"line":101,"column":null}},"55":{"start":{"line":102,"column":8},"end":{"line":102,"column":null}},"56":{"start":{"line":103,"column":8},"end":{"line":103,"column":null}},"57":{"start":{"line":105,"column":23},"end":{"line":105,"column":null}},"58":{"start":{"line":106,"column":8},"end":{"line":106,"column":null}},"59":{"start":{"line":108,"column":8},"end":{"line":108,"column":null}},"60":{"start":{"line":109,"column":25},"end":{"line":109,"column":null}},"61":{"start":{"line":110,"column":8},"end":{"line":110,"column":null}},"62":{"start":{"line":111,"column":8},"end":{"line":111,"column":null}},"63":{"start":{"line":112,"column":8},"end":{"line":112,"column":null}},"64":{"start":{"line":114,"column":8},"end":{"line":114,"column":null}},"65":{"start":{"line":115,"column":8},"end":{"line":115,"column":null}},"66":{"start":{"line":118,"column":10},"end":{"line":135,"column":null}},"67":{"start":{"line":119,"column":31},"end":{"line":119,"column":null}},"68":{"start":{"line":120,"column":27},"end":{"line":120,"column":null}},"69":{"start":{"line":120,"column":57},"end":{"line":120,"column":87}},"70":{"start":{"line":121,"column":8},"end":{"line":121,"column":null}},"71":{"start":{"line":121,"column":37},"end":{"line":121,"column":null}},"72":{"start":{"line":123,"column":8},"end":{"line":123,"column":null}},"73":{"start":{"line":124,"column":8},"end":{"line":134,"column":null}},"74":{"start":{"line":125,"column":25},"end":{"line":125,"column":null}},"75":{"start":{"line":126,"column":12},"end":{"line":126,"column":null}},"76":{"start":{"line":126,"column":23},"end":{"line":126,"column":null}},"77":{"start":{"line":127,"column":27},"end":{"line":127,"column":null}},"78":{"start":{"line":128,"column":12},"end":{"line":132,"column":null}},"79":{"start":{"line":129,"column":32},"end":{"line":129,"column":null}},"80":{"start":{"line":130,"column":16},"end":{"line":130,"column":null}},"81":{"start":{"line":130,"column":30},"end":{"line":130,"column":null}},"82":{"start":{"line":131,"column":16},"end":{"line":131,"column":null}},"83":{"start":{"line":133,"column":12},"end":{"line":133,"column":null}},"84":{"start":{"line":137,"column":10},"end":{"line":143,"column":null}},"85":{"start":{"line":139,"column":12},"end":{"line":139,"column":null}},"86":{"start":{"line":139,"column":38},"end":{"line":139,"column":null}},"87":{"start":{"line":140,"column":12},"end":{"line":140,"column":null}},"88":{"start":{"line":145,"column":33},"end":{"line":145,"column":null}},"89":{"start":{"line":148,"column":8},"end":{"line":156,"column":null}},"90":{"start":{"line":152,"column":33},"end":{"line":152,"column":null}},"91":{"start":{"line":153,"column":25},"end":{"line":153,"column":null}},"92":{"start":{"line":159,"column":4},"end":{"line":217,"column":null}},"93":{"start":{"line":165,"column":59},"end":{"line":165,"column":83}},"94":{"start":{"line":177,"column":47},"end":{"line":177,"column":null}},"95":{"start":{"line":185,"column":47},"end":{"line":185,"column":null}},"96":{"start":{"line":203,"column":20},"end":{"line":203,"column":null}},"97":{"start":{"line":204,"column":20},"end":{"line":204,"column":null}},"98":{"start":{"line":207,"column":35},"end":{"line":207,"column":null}},"99":{"start":{"line":208,"column":20},"end":{"line":210,"column":null}},"100":{"start":{"line":209,"column":24},"end":{"line":209,"column":null}},"101":{"start":{"line":213,"column":20},"end":{"line":213,"column":null}},"102":{"start":{"line":214,"column":20},"end":{"line":214,"column":null}}},"fnMap":{"0":{"name":"(anonymous_0)","decl":{"start":{"line":18,"column":56},"end":{"line":18,"column":57}},"loc":{"start":{"line":30,"column":6},"end":{"line":219,"column":null}},"line":30},"1":{"name":"(anonymous_1)","decl":{"start":{"line":34,"column":32},"end":{"line":34,"column":38}},"loc":{"start":{"line":34,"column":38},"end":{"line":34,"column":71}},"line":34},"2":{"name":"(anonymous_2)","decl":{"start":{"line":35,"column":32},"end":{"line":35,"column":38}},"loc":{"start":{"line":35,"column":38},"end":{"line":35,"column":71}},"line":35},"3":{"name":"(anonymous_3)","decl":{"start":{"line":37,"column":36},"end":{"line":37,"column":42}},"loc":{"start":{"line":37,"column":42},"end":{"line":43,"column":7}},"line":37},"4":{"name":"(anonymous_4)","decl":{"start":{"line":45,"column":14},"end":{"line":45,"column":20}},"loc":{"start":{"line":45,"column":20},"end":{"line":47,"column":7}},"line":45},"5":{"name":"(anonymous_5)","decl":{"start":{"line":49,"column":36},"end":{"line":49,"column":42}},"loc":{"start":{"line":49,"column":42},"end":{"line":53,"column":7}},"line":49},"6":{"name":"(anonymous_6)","decl":{"start":{"line":55,"column":44},"end":{"line":55,"column":45}},"loc":{"start":{"line":55,"column":
[...]
nUtils.ts": {"path":"/Users/daniel/Documents/informesHHRgemini/src/utils/validationUtils.ts","statementMap":{"0":{"start":{"line":4,"column":23},"end":{"line":5,"column":null}},"1":{"start":{"line":5,"column":4},"end":{"line":5,"column":null}},"2":{"start":{"line":5,"column":25},"end":{"line":5,"column":40}},"3":{"start":{"line":7,"column":18},"end":{"line":11,"column":null}},"4":{"start":{"line":8,"column":4},"end":{"line":8,"column":null}},"5":{"start":{"line":8,"column":16},"end":{"line":8,"column":null}},"6":{"start":{"line":9,"column":17},"end":{"line":9,"column":null}},"7":{"start":{"line":10,"column":4},"end":{"line":10,"column":null}},"8":{"start":{"line":13,"column":38},"end":{"line":45,"column":null}},"9":{"start":{"line":14,"column":29},"end":{"line":14,"column":null}},"10":{"start":{"line":15,"column":21},"end":{"line":15,"column":null}},"11":{"start":{"line":15,"column":37},"end":{"line":15,"column":null}},"12":{"start":{"line":15,"column":72},"end":{"line":15,"column":87}},"13":{"start":{"line":17,"column":17},"end":{"line":17,"column":null}},"14":{"start":{"line":18,"column":16},"end":{"line":18,"column":null}},"15":{"start":{"line":19,"column":18},"end":{"line":19,"column":null}},"16":{"start":{"line":20,"column":22},"end":{"line":20,"column":null}},"17":{"start":{"line":21,"column":19},"end":{"line":21,"column":null}},"18":{"start":{"line":23,"column":4},"end":{"line":23,"column":null}},"19":{"start":{"line":23,"column":45},"end":{"line":23,"column":null}},"20":{"start":{"line":24,"column":4},"end":{"line":26,"column":null}},"21":{"start":{"line":25,"column":8},"end":{"line":25,"column":null}},"22":{"start":{"line":28,"column":22},"end":{"line":28,"column":null}},"23":{"start":{"line":29,"column":26},"end":{"line":29,"column":null}},"24":{"start":{"line":30,"column":23},"end":{"line":30,"column":null}},"25":{"start":{"line":32,"column":4},"end":{"line":32,"column":null}},"26":{"start":{"line":32,"column":50},"end":{"line":32,"column":null}},"27":{"start":{"line":33,"column":4},"end":{"line":33,"column":null}},"28":{"start":{"line":33,"column":52},"end":{"line":33,"column":null}},"29":{"start":{"line":34,"column":4},"end":{"line":34,"column":null}},"30":{"start":{"line":34,"column":49},"end":{"line":34,"column":null}},"31":{"start":{"line":36,"column":4},"end":{"line":38,"column":null}},"32":{"start":{"line":37,"column":8},"end":{"line":37,"column":null}},"33":{"start":{"line":40,"column":4},"end":{"line":42,"column":null}},"34":{"start":{"line":41,"column":8},"end":{"line":41,"column":null}},"35":{"start":{"line":44,"column":4},"end":{"line":44,"column":null}},"36":{"start":{"line":47,"column":23},"end":{"line":55,"column":null}},"37":{"start":{"line":48,"column":4},"end":{"line":48,"column":null}},"38":{"start":{"line":48,"column":45},"end":{"line":48,"column":null}},"39":{"start":{"line":49,"column":22},"end":{"line":49,"column":null}},"40":{"start":{"line":50,"column":4},"end":{"line":53,"column":null}},"41":{"start":{"line":57,"column":32},"end":{"line":70,"column":null}},"42":{"start":{"line":58,"column":4},"end":{"line":58,"column":null}},"43":{"start":{"line":58,"column":45},"end":{"line":58,"column":null}},"44":{"start":{"line":59,"column":22},"end":{"line":59,"column":null}},"45":{"start":{"line":60,"column":4},"end":{"line":68,"column":null}},"46":{"start":{"line":72,"column":35},"end":{"line":84,"column":null}},"47":{"start":{"line":76,"column":4},"end":{"line":78,"column":null}},"48":{"start":{"line":77,"column":8},"end":{"line":77,"column":null}},"49":{"start":{"line":80,"column":4},"end":{"line":83,"column":null}},"50":{"start":{"line":86,"column":31},"end":{"line":98,"column":null}},"51":{"start":{"line":87,"column":17},"end":{"line":87,"column":null}},"52":{"start":{"line":88,"column":20},"end":{"line":88,"column":null}},"53":{"start":{"line":89,"column":4},"end":{"line":89,"column":null}},"54":{"start":{"line":89,"column":21},"end":{"line":89,"column":null}},"55":{"start":{"line":90,"column":4},"end":{"line":90,"column":null}},"56":{"start":{"line":90,"column":23},"end":{"line":90,"column":null}},"57":{"start":{"line":91,"column":4},"end":{"line":91,"column":null}},"58":{"start":{"line":91,"column":22},"end":{"line":91,"column":null}},"59":{"start":{"line":92,"column":18},"end":{"line":92,"column":null}},"60":{"start":{"line":93,"column":4},"end":{"line":93,"column":null}},"61":{"start":{"line":93,"column":21},"end":{"line":93,"column":null}},"62":{"start":{"line":94,"column":4},"end":{"line":94,"column":null}},"63":{"start":{"line":94,"column":20},"end":{"line":94,"column":null}},"64":{"start":{"line":95,"column":17},"end":{"line":95,"column":null}},"65":{"start":{"line":96,"column":4},"end":{"line":96,"column":null}},"66":{"start":{"line":96,"column":20},"end":{"line":96,"column":null}},"67":{"start":{"line":97,"column":4},"end":{"line":97,"column":null}}},"fnMap":{"0":{"name":"(anonymous_0)","decl":{"start":{"line":4,"column":23},"end":{"line":4,"column":24}},"loc":{"start":{"line":5,"column":4},"end":{"line":5,"column":null}},"line":5},"1":{"name":"(anonymous_1)","decl":{"start":{"line":5,"column":16},"end":{"line":5,"column":25}},"loc":{"start":{"line":5,"column":25},"end":{"line":5,"column":40}},"line":5},"2":{"name":"(anonymous_2)","decl":{"start":{"line":7,"column":18},"end":{"line":7,"column":19}},"loc":{"start":{"line":7,"column":37},"end":{"line":11,"column":null}},"line":7},"3":{"name":"(anonymous_3)","decl":{"start":{"line":13,"column":38},"end":{"line":13,"column":39}},"loc":{"start":{"line":13,"column":76},"end":{"line":45,"column":null}},"line":13},"4":{"name":"(anonymous_4)","decl":{"start":{"line":15,"column":21},"end":{"line":15,"column":22}},"loc":{"start":{"line":15,"column":37},"end":{"line":15,"column":null}},"line":15},"5":{"name":"(anonymous_5)","decl":{"start":{"line":15,"column":63},"end":{"line":15,"column":72}},"loc":{"start":{"line":15,"column":72},"end":{"line":15,"column":87}},"line":15},"6":{"name":"(anonymous_6)","decl":{"start":{"line":47,"column":23},"end":{"line":47,"column":24}},"loc":{"start":{"line":47,"column":66},"end":{"line":55,"column":null}},"line":47},"7":{"name":"(anonymous_7)","decl":{"start":{"line":57,"column":32},"end":{"line":57,"column":33}},"loc":{"start":{"line":57,"column":77},"end":{"line":70,"column":null}},"line":57},"8":{"name":"(anonymous_8)","decl":{"start":{"line":72,"column":35},"end":{"line":72,"column":null}},"loc":{"start":{"line":75,"column":28},"end":{"line":84,"column":null}},"line":75},"9":{"name":"(anonymous_9)","decl":{"start":{"line":86,"column":31},"end":{"line":86,"column":32}},"loc":{"start":{"line":86,"column":86},"end":{"line":98,"column":null}},"line":86}},"branchMap":{"0":{"loc":{"start":{"line":5,"column":4},"end":{"line":5,"column":null}},"type":"binary-expr","locations":[{"start":{"line":5,"column":4},"end":{"line":5,"column":60}},{"start":{"line":5,"column":60},"end":{"line":5,"column":null}}],"line":5},"1":{"loc":{"start":{"line":8,"column":4},"end":{"line":8,"column":null}},"type":"if","locations":[{"start":{"line":8,"column":4},"end":{"line":8,"column":null}},{"start":{},"end":{}}],"line":8},"2":{"loc":{"start":{"line":10,"column":11},"end":{"line":10,"column":null}},"type":"cond-expr","locations":[{"start":{"line":10,"column":42},"end":{"line":10,"column":49}},{"start":{"line":10,"column":49},"end":{"line":10,"column":null}}],"line":10},"3":{"loc":{"start":{"line":23,"column":4},"end":{"line":23,"column":null}},"type":"if","locations":[{"start":{"line":23,"column":4},"end":{"line":23,"column":null}},{"start":{},"end":{}}],"line":23},"4":{"loc":{"start":{"line":23,"column":8},"end":{"line":23,"column":45}},"type":"binary-expr","locations":[{"start":{"line":23,"column":8},"end":{"line":23,"column":38}},{"start":{"line":23,"column":38},"end":{"line":23,"column":45}}],"line":23},"5":{"loc":{"start":{"line":24,"column":4},"end":{"line":26,"column":null}},"type":"if","locations":[{"start":{"line":24,"column":4},"end":{"line":26,"column":null}},{"start":{},"end":{}}],"line":24},"6":{"loc":{"start":{"line":24,"column":8},"end":{"line":24,"column":41}},"type":"binary-expr","locations":[{"start":{"line":24,"column":8},"end":{"line":24,"column":35}},{"start":{"line":24,"column":35},"end":{"line":24,"column":41}}],"line":24},"7":{"loc":{"start":{"line":28,"column":22},"end":{"line":28,"column":null}},"type":"cond-expr","locations":[{"start":{"line":28,"column":51},"end":{"line":28,"column":70}},{"start":{"line":28,"column":70},"end":{"line":28,"column":null}}],"line":28},"8":{"loc":{"start":{"line":29,"column":26},"end":{"line":29,"column":null}},"type":"cond-expr","locations":[{"start":{"line":29,"column":53},"end":{"line":29,"column":76}},{"start":{"line":29,"column":76},"end":{"line":29,"column":null}}],"line":29},"9":{"loc":{"start":{"line":30,"column":23},"end":{"line":30,"column":null}},"type":"cond-expr","locations":[{"start":{"line":30,"column":50},"end":{"line":30,"column":70}},{"start":{"line":30,"column":70},"end":{"line":30,"column":null}}],"line":30},"10":{"loc":{"start":{"line":32,"column":4},"end":{"line":32,"column":null}},"type":"if","locations":[{"start":{"line":32,"column":4},"end":{"line":32,"column":null}},{"start":{},"end":{}}],"line":32},"11":{"loc":{"start":{"line":32,"column":8},"end":{"line":32,"column":50}},"type":"binary-expr","locations":[{"start":{"line":32,"column":8},"end":{"line":32,"column":38}},{"start":{"line":32,"column":38},"end":{"line":32,"column":50}}],"line":32},"12":{"loc":{"start":{"line":33,"column":4},"end":{"line":33,"column":null}},"type":"if","locations":[{"start":{"line":33,"column":4},"end":{"line":33,"column":null}},{"start":{},"end":{}}],"line":33},"13":{"loc":{"start":{"line":33,"column":8},"end":{"line":33,"column":52}},"type":"binary-expr","locations":[{"start":{"line":33,"column":8},"end":{"line":33,"column":36}},{"start":{"line":33,"column":36},"end":{"line":33,"column":52}}],"line":33},"14":{"loc":{"start":{"line":34,"column":4},"end":{"line":34,"column":null}},"type":"if","locations":[{"start":{"line":34,"column":4},"end":{"line":34,"column":null}},{"start":{},"end":{}}],"line":34},"15":{"loc":{"start":{"line":34,"column":8},"end":{"line":34,"column":49}},"type":"binary-expr","locations":[{"start":{"line":34,"column":8},"end":{"line":34,"column":36}},{"start":{"line":34,"column":36},"end":{"line":34,"column":49}}],"line":34},"16":{"loc":{"start":{"line":36,"column":4},"end":{"line":38,"column":null}},"type":"if","locations":[{"start":{"line":36,"column":4},"end":{"line":38,"column":null}},{"start":{},"end":{}}],"line":36},"17":{"loc":{"start":{"line":36,"column":8},"end":{"line":36,"column":65}},"type":"binary-expr","locations":[{"start":{"line":36,"column":8},"end":{"line":36,"column":21}},{"start":{"line":36,"column":21},"end":{"line":36,"column":38}},{"start":{"line":36,"column":38},"end":{"line":36,"column":65}}],"line":36},"18":{"loc":{"start":{"line":40,"column":4},"end":{"line":42,"column":null}},"type":"if","locations":[{"start":{"line":40,"column":4},"end":{"line":42,"column":null}},{"start":{},"end":{}}],"line":40},"19":{"loc":{"start":{"line":40,"column":8},"end":{"line":40,"column":67}},"type":"binary-expr","locations":[{"start":{"line":40,"column":8},"end":{"line":40,"column":25}},{"start":{"line":40,"column":25},"end":{"line":40,"column":39}},{"start":{"line":40,"column":39},"end":{"line":40,"column":67}}],"line":40},"20":{"loc":{"start":{"line":48,"column":4},"end":{"line":48,"column":null}},"type":"if","locations":[{"start":{"line":48,"column":4},"end":{"line":48,"column":null}},{"start":{},"end":{}}],"line":48},"21":{"loc":{"start":{"line":48,"column":8},"end":{"line":48,"column":45}},"type":"binary-expr","locations":[{"start":{"line":48,"column":8},"end":{"line":48,"column":18}},{"start":{"line":48,"column":18},"end":{"line":48,"column":45}}],"line":48},"22":{"loc":{"start":{"line":51,"column":8},"end":{"line":53,"column":null}},"type":"binary-expr","locations":[{"start":{"line":51,"column":8},"end":{"line":51,"column":null}},{"start":{"line":52,"column":8},"end":{"line":52,"column":null}},{"start":{"line":53,"column":9},"end":{"line":53,"column":38}},{"start":{"line":53,"column":38},"end":{"line":53,"column":67}},{"start":{"line":53,"column":67},"end":{"line":53,"column":98}},{"start":{"line":53,"column":98},"end":{"line":53,"column":null}}],"line":51},"23":{"loc":{"start":{"line":58,"column":4},"end":{"line":58,"column":null}},"type":"if","locations":[{"start":{"line":58,"column":4},"end":{"line":58,"column":null}},{"start":{},"end":{}}],"line":58},"24":{"loc":{"start":{"line":58,"column":8},"end":{"line":58,"column":45}},"type":"binary-expr","locations":[{"start":{"line":58,"column":8},"end":{"line":58,"column":18}},{"start":{"line":58,"column":18},"end":{"line":58,"column":45}}],"line":58},"25":{"loc":{"start":{"line":61,"column":8},"end":{"line":68,"column":null}},"type":"binary-expr","locations":[{"start":{"line":61,"column":8},"end":{"line":61,"column":null}},{"start":{"line":62,"column":8},"end":{"line":62,"column":null}},{"start":{"line":63,"column":8},"end":{"line":63,"column":null}},{"start":{"line":64,"column":8},"end":{"line":64,"column":null}},{"start":{"line":65,"column":8},"end":{"line":65,"column":null}},{"start":{"line":66,"column":8},"end":{"line":66,"column":null}},{"start":{"line":67,"column":8},"end":{"line":67,"column":null}},{"start":{"line":68,"column":8},"end":{"line":68,"column":null}}],"line":61},"26":{"loc":{"start":{"line":76,"column":4},"end":{"line":78,"column":null}},"type":"if","locations":[{"start":{"line":76,"column":4},"end":{"line":78,"column":null}},{"start":{},"end":{}}],"line":76},"27":{"loc":{"start":{"line":82,"column":23},"end":{"line":82,"column":null}},"type":"cond-expr","locations":[{"start":{"line":82,"column":48},"end":{"line":82,"column":94}},{"start":{"line":82,"column":94},"end":{"line":82,"column":null}}],"line":82},"28":{"loc":{"start":{"line":86,"column":51},"end":{"line":86,"column":86}},"type":"default-arg","locations":[{"start":{"line":86,"column":63},"end":{"line":86,"column":86}}],"line":86},"29":{"loc":{"start":{"line":89,"column":4},"end":{"line":89,"column":null}},"type":"if","locations":[{"start":{"line":89,"column":4},"end":{"line":89,"column":null}},{"start":{},"end":{}}],"line":89},"30":{"loc":{"start":{"line":90,"column":4},"end":{"line":90,"column":null}},"type":"if","locations":[{"start":{"line":90,"column":4},"end":{"line":90,"column":null}},{"start":{},"end":{}}],"line":90},"31":{"loc":{"start":{"line":91,"column":4},"end":{"line":91,"column":null}},"type":"if","locations":[{"start":{"line":91,"column":4},"end":{"line":91,"column":null}},{"start":{},"end":{}}],"line":91},"32":{"loc":{"start":{"line":93,"column":4},"end":{"line":93,"column":null}},"type":"if","locations":[{"start":{"line":93,"column":4},"end":{"line":93,"column":null}},{"start":{},"end":{}}],"line":93},"33":{"loc":{"start":{"line":94,"column":4},"end":{"line":94,"column":null}},"type":"if","locations":[{"start":{"line":94,"column":4},"end":{"line":94,"column":null}},{"start":{},"end":{}}],"line":94},"34":{"loc":{"start":{"line":96,"column":4},"end":{"line":96,"column":null}},"type":"if","locations":[{"start":{"line":96,"column":4},"end":{"line":96,"column":null}},{"start":{},"end":{}}],"line":96}},"s":{"0":3,"1":20,"2":51,"3":3,"4":7,"5":0,"6":7,"7":7,"8":3,"9":4,"10":4,"11":32,"12":90,"13":4,"14":4,"15":4,"16":4,"17":4,"18":4,"19":1,"20":4,"21":1,"22":4,"23":4,"24":4,"25":4,"26":1,"27":4,"28":0,"29":4,"30":0,"31":4,"32":1,"33":4,"34":1,"35":4,"36":3,"37":6,"38":0,"39":6,"40":6,"41":3,"42":8,"43":0,"44":8,"45":8,"46":3,"47":6,"48":3,"49":3,"50":3,"51":6,"52":6,"53":6,"54":1,"55":5,"56":5,"57":4,"58":4,"59":3,"60":3,"61":0,"62":3,"63":3,"64":2,"65":2,"66":1,"67":1},"f":{"0":20,"1":51,"2":7,"3":4,"4":32,"5":90,"6":6,"7":8,"8":6,"9":6},"b":{"0":[20,7],"1":[0,7],"2":[1,6],"3":[1,3],"4":[4,4],"5":[1,3],"6":[4,4],"7":[3,1],"8":[2,2],"9":[2,2],"10":[1,3],"11":[4,3],"12":[0,4],"13":[4,2],"14":[0,4],"15":[4,2],"16":[1,3],"17":[4,2,2],"18":[1,3],"19":[4,2,2],"20":[0,6],"21":[6,6],"22":[6,6,6,2,2,2],"23":[0,8],"24":[8,8],"25":[8,8,6,6,6,6,6,4],"26":[3,3],"27":[1,2],"28":[6],"29":[1,5],"30":[1,4],"31":[1,3],"32":[0,3],"33":[1,2],"34":[1,1]},"meta":{"lastBranch":35,"lastFunction":10,"lastStatement":68,"seen":{"s:4:23:5:Infinity":0,"f:4:23:4:24":0,"s:5:4:5:Infinity":1,"b:5:4:5:60:5:60:5:Infinity":0,"f:5:16:5:25":1,"s:5:25:5:40":2,"s:7:18:11:Infinity":3,"f:7:18:7:19":2,"b:8:4:8:Infinity:undefined:undefined:undefined:undefined":1,"s:8:4:8:Infinity":4,"s:8:16:8:Infinity":5,"s:9:17:9:Infinity":6,"s:10:4:10:Infinity":7,"b:10:42:10:49:10:49:10:Infinity":2,"s:13:38:45:Infinity":8,"f:13:38:13:39":3,"s:14:29:14:Infinity":9,"s:15:21:15:Infinity":10,"f:15:21:15:22":4,"s:15:37:15:Infinity":11,"f:15:63:15:72":5,"s:15:72:15:87":12,"s:17:17:17:Infinity":13,"s:18:16:18:Infinity":14,"s:19:18:19:Infinity":15,"s:20:22:20:Infinity":16,"s:21:19:21:Infinity":17,"b:23:4:23:Infinity:undefined:undefined:undefined:undefined":3,"s:23:4:23:Infinity":18,"b:23:8:23:38:23:38:23:45":4,"s:23:45:23:Infinity":19,"b:24:4:26:Infinity:undefined:undefined:undefined:undefined":5,"s:24:4:26:Infinity":20,"b:24:8:24:35:24:35:24:41":6,"s:25:8:25:Infinity":21,"s:28:22:28:Infinity":22,"b:28:51:28:70:28:70:28:Infinity":7,"s:29:26:29:Infinity":23,"b:29:53:29:76:29:76:29:Infinity":8,"s:30:23:30:Infinity":24,"b:30:50:30:70:30:70:30:Infinity":9,"b:32:4:32:Infinity:undefined:undefined:undefined:undefined":10,"s:32:4:32:Infinity":25,"b:32:8:32:38:32:38:32:50":11,"s:32:50:32:Infinity":26,"b:33:4:33:Infinity:undefined:undefined:undefined:undefined":12,"s:33:4:33:Infinity":27,"b:33:8:33:36:33:36:33:52":13,"s:33:52:33:Infinity":28,"b:34:4:34:Infinity:undefined:undefined:undefined:undefined":14,"s:34:4:34:Infinity":29,"b:34:8:34:36:34:36:34:49":15,"s:34:49:34:Infinity":30,"b:36:4:38:Infinity:undefined:undefined:undefined:undefined":16,"s:36:4:38:Infinity":31,"b:36:8:36:21:36:21:36:38:36:38:36:65":17,"s:37:8:37:Infinity":32,"b:40:4:42:Infinity:undefined:undefined:undefined:undefined":18,"s:40:4:42:Infinity":33,"b:40:8:40:25:40:25:40:39:40:39:40:67":19,"s:41:8:41:Infinity":34,"s:44:4:44:Infinity":35,"s:47:23:55:Infinity":36,"f:47:23:47:24":6,"b:48:4:48:Infinity:undefined:undefined:undefined:undefined":20,"s:48:4:48:Infinity":37,"b:48:8:48:18:48:18:48:45":21,"s:48:45:48:Infinity":38,"s:49:22:49:Infinity":39,"s:50:4:53:Infinity":40,"b:51:8:51:Infinity:52:8:52:Infinity:53:9:53:38:53:38:53:67:53:67:53:98:53:98:53:Infinity":22,"s:57:32:70:Infinity":41,"f:57:32:57:33":7,"b:58:4:58:Infinity:undefined:undefined:undefined:undefined":23,"s:58:4:58:Infinity":42,"b:58:8:58:18:58:18:58:45":24,"s:58:45:58:Infinity":43,"s:59:22:59:Infinity":44,"s:60:4:68:Infinity":45,"b:61:8:61:Infinity:62:8:62:Infinity:63:8:63:Infinity:64:8:64:Infinity:65:8:65:Infinity:66:8:66:Infinity:67:8:67:Infinity:68:8:68:Infinity":25,"s:72:35:84:Infinity":46,"f:72:35:72:Infinity":8,"b:76:4:78:Infinity:undefined:undefined:undefined:undefined":26,"s:76:4:78:Infinity":47,"s:77:8:77:Infinity":48,"s:80:4:83:Infinity":49,"b:82:48:82:94:82:94:82:Infinity":27,"s:86:31:98:Infinity":50,"f:86:31:86:32":9,"b:86:63:86:86":28,"s:87:17:87:Infinity":51,"s:88:20:88:Infinity":52,"b:89:4:89:Infinity:undefined:undefined:undefined:undefined":29,"s:89:4:89:Infinity":53,"s:89:21:89:Infinity":54,"b:90:4:90:Infinity:undefined:undefined:undefined:undefined":30,"s:90:4:90:Infinity":55,"s:90:23:90:Infinity":56,"b:91:4:91:Infinity:undefined:undefined:undefined:undefined":31,"s:91:4:91:Infinity":57,"s:91:22:91:Infinity":58,"s:92:18:92:Infinity":59,"b:93:4:93:Infinity:undefined:undefined:undefined:undefined":32,"s:93:4:93:Infinity":60,"s:93:21:93:Infinity":61,"b:94:4:94:Infinity:undefined:undefined:undefined:undefined":33,"s:94:4:94:Infinity":62,"s:94:20:94:Infinity":63,"s:95:17:95:Infinity":64,"b:96:4:96:Infinity:undefined:undefined:undefined:undefined":34,"s:96:4:96:Infinity":65,"s:96:20:96:Infinity":66,"s:97:4:97:Infinity":67}}}
}
