{"/Users/daniel/Documents/informesHHRgemini/src/application/clinicalRecordUseCases.ts": {"path":"/Users/daniel/Documents/informesHHRgemini/src/application/clinicalRecordUseCases.ts","statementMap":{"0":{"start":{"line":16,"column":27},"end":{"line":20,"column":null}},"1":{"start":{"line":18,"column":4},"end":{"line":20,"column":null}},"2":{"start":{"line":22,"column":30},"end":{"line":35,"column":null}},"3":{"start":{"line":23,"column":4},"end":{"line":28,"column":null}},"4":{"start":{"line":24,"column":8},"end":{"line":27,"column":null}},"5":{"start":{"line":30,"column":4},"end":{"line":34,"column":null}},"6":{"start":{"line":37,"column":30},"end":{"line":49,"column":null}},"7":{"start":{"line":38,"column":10},"end":{"line":38,"column":null}},"8":{"start":{"line":39,"column":10},"end":{"line":39,"column":null}},"9":{"start":{"line":41,"column":4},"end":{"line":48,"column":null}},"10":{"start":{"line":51,"column":33},"end":{"line":55,"column":null}},"11":{"start":{"line":51,"column":93},"end":{"line":55,"column":null}},"12":{"start":{"line":57,"column":36},"end":{"line":60,"column":null}},"13":{"start":{"line":60,"column":31},"end":{"line":60,"column":null}},"14":{"start":{"line":62,"column":37},"end":{"line":65,"column":null}},"15":{"start":{"line":65,"column":31},"end":{"line":65,"column":null}},"16":{"start":{"line":67,"column":35},"end":{"line":70,"column":null}},"17":{"start":{"line":70,"column":31},"end":{"line":70,"column":null}},"18":{"start":{"line":72,"column":33},"end":{"line":81,"column":null}},"19":{"start":{"line":76,"column":19},"end":{"line":76,"column":null}},"20":{"start":{"line":77,"column":4},"end":{"line":80,"column":null}},"21":{"start":{"line":83,"column":27},"end":{"line":83,"column":null}},"22":{"start":{"line":83,"column":28},"end":{"line":83,"column":null}},"23":{"start":{"line":85,"column":33},"end":{"line":89,"column":null}},"24":{"start":{"line":89,"column":21},"end":{"line":89,"column":null}}},"fnMap":{"0":{"name":"(anonymous_0)","decl":{"start":{"line":16,"column":27},"end":{"line":16,"column":null}},"loc":{"start":{"line":18,"column":4},"end":{"line":20,"column":null}},"line":18},"1":{"name":"(anonymous_1)","decl":{"start":{"line":22,"column":30},"end":{"line":22,"column":31}},"loc":{"start":{"line":22,"column":74},"end":{"line":35,"column":null}},"line":22},"2":{"name":"(anonymous_2)","decl":{"start":{"line":37,"column":30},"end":{"line":37,"column":31}},"loc":{"start":{"line":37,"column":94},"end":{"line":49,"column":null}},"line":37},"3":{"name":"(anonymous_3)","decl":{"start":{"line":51,"column":33},"end":{"line":51,"column":34}},"loc":{"start":{"line":51,"column":93},"end":{"line":55,"column":null}},"line":51},"4":{"name":"(anonymous_4)","decl":{"start":{"line":57,"column":36},"end":{"line":57,"column":null}},"loc":{"start":{"line":60,"column":31},"end":{"line":60,"column":null}},"line":60},"5":{"name":"(anonymous_5)","decl":{"start":{"line":62,"column":37},"end":{"line":62,"column":null}},"loc":{"start":{"line":65,"column":31},"end":{"line":65,"column":null}},"line":65},"6":{"name":"(anonymous_6)","decl":{"start":{"line":67,"column":35},"end":{"line":67,"column":null}},"loc":{"start":{"line":70,"column":31},"end":{"line":70,"column":null}},"line":70},"7":{"name":"(anonymous_7)","decl":{"start":{"line":72,"column":33},"end":{"line":72,"column":null}},"loc":{"start":{"line":75,"column":21},"end":{"line":81,"column":null}},"line":75},"8":{"name":"(anonymous_8)","decl":{"start":{"line":83,"column":27},"end":{"line":83,"column":28}},"loc":{"start":{"line":83,"column":28},"end":{"line":83,"column":null}},"line":83},"9":{"name":"(anonymous_9)","decl":{"start":{"line":85,"column":33},"end":{"line":85,"column":null}},"loc":{"start":{"line":89,"column":21},"end":{"line":89,"column":null}},"line":89}},"branchMap":{"0":{"loc":{"start":{"line":20,"column":30},"end":{"line":20,"column":84}},"type":"binary-expr","locations":[{"start":{"line":20,"column":30},"end":{"line":20,"column":62}},{"start":{"line":20,"column":62},"end":{"line":20,"column":84}}],"line":20},"1":{"loc":{"start":{"line":23,"column":4},"end":{"line":28,"column":null}},"type":"if","locations":[{"start":{"line":23,"column":4},"end":{"line":28,"column":null}},{"start":{},"end":{}}],"line":23},"2":{"loc":{"start":{"line":39,"column":10},"end":{"line":39,"column":null}},"type":"binary-expr","locations":[{"start":{"line":39,"column":10},"end":{"line":39,"column":73}},{"start":{"line":39,"column":73},"end":{"line":39,"column":null}}],"line":39},"3":{"loc":{"start":{"line":44,"column":15},"end":{"line":44,"column":null}},"type":"cond-expr","locations":[{"start":{"line":44,"column":39},"end":{"line":44,"column":54}},{"start":{"line":44,"column":54},"end":{"line":44,"column":null}}],"line":44},"4":{"loc":{"start":{"line":45,"column":19},"end":{"line":45,"column":null}},"type":"cond-expr","locations":[{"start":{"line":45,"column":43},"end":{"line":45,"column":54}},{"start":{"line":45,"column":54},"end":{"line":45,"column":null}}],"line":45},"5":{"loc":{"start":{"line":77,"column":11},"end":{"line":80,"column":null}},"type":"binary-expr","locations":[{"start":{"line":77,"column":11},"end":{"line":77,"column":28}},{"start":{"line":77,"column":28},"end":{"line":80,"column":null}}],"line":77},"6":{"loc":{"start":{"line":79,"column":24},"end":{"line":79,"column":80}},"type":"binary-expr","locations":[{"start":{"line":79,"column":24},"end":{"line":79,"column":56}},{"start":{"line":79,"column":56},"end":{"line":79,"column":80}}],"line":79}},"s":{"0":4,"1":6,"2":4,"3":1,"4":0,"5":1,"6":4,"7":2,"8":2,"9":2,"10":4,"11":2,"12":4,"13":2,"14":4,"15":2,"16":4,"17":0,"18":4,"19":2,"20":2,"21":4,"22":0,"23":4,"24":0},"f":{"0":6,"1":1,"2":2,"3":2,"4":2,"5":2,"6":0,"7":2,"8":0,"9":0},"b":{"0":[6,4],"1":[0,1],"2":[2,0],"3":[2,0],"4":[2,0],"5":[2,0],"6":[0,0]},"meta":{"lastBranch":7,"lastFunction":10,"lastStatement":25,"seen":{"s:16:27:20:Infinity":0,"f:16:27:16:Infinity":0,"s:18:4:20:Infinity":1,"b:20:30:20:62:20:62:20:84":0,"s:22:30:35:Infinity":2,"f:22:30:22:31":1,"b:23:4:28:Infinity:undefined:undefined:undefined:undefined":1,"s:23:4:28:Infinity":3,"s:24:8:27:Infinity":4,"s:30:4:34:Infinity":5,"s:37:30:49:Infinity":6,"f:37:30:37:31":2,"s:38:10:38:Infinity":7,"s:39:10:39:Infinity":8,"b:39:10:39:73:39:73:39:Infinity":2,"s:41:4:48:Infinity":9,"b:44:39:44:54:44:54:44:Infinity":3,"b:45:43:45:54:45:54:45:Infinity":4,"s:51:33:55:Infinity":10,"f:51:33:51:34":3,"s:51:93:55:Infinity":11,"s:57:36:60:Infinity":12,"f:57:36:57:Infinity":4,"s:60:31:60:Infinity":13,"s:62:37:65:Infinity":14,"f:62:37:62:Infinity":5,"s:65:31:65:Infinity":15,"s:67:35:70:Infinity":16,"f:67:35:67:Infinity":6,"s:70:31:70:Infinity":17,"s:72:33:81:Infinity":18,"f:72:33:72:Infinity":7,"s:76:19:76:Infinity":19,"s:77:4:80:Infinity":20,"b:77:11:77:28:77:28:80:Infinity":5,"b:79:24:79:56:79:56:79:80":6,"s:83:27:83:Infinity":21,"f:83:27:83:28":8,"s:83:28:83:Infinity":22,"s:85:33:89:Infinity":23,"f:85:33:85:Infinity":9,"s:89:21:89:Infinity":24}}}
,"/Users/daniel/Documents/informesHHRgemini/src/application/editorWorkflow.ts": {"path":"/Users/daniel/Documents/informesHHRgemini/src/application/editorWorkflow.ts","statementMap":{"0":{"start":{"line":21,"column":63},"end":{"line":25,"column":null}},"1":{"start":{"line":27,"column":37},"end":{"line":131,"column":null}},"2":{"start":{"line":31,"column":4},"end":{"line":130,"column":null}},"3":{"start":{"line":33,"column":12},"end":{"line":37,"column":null}},"4":{"start":{"line":39,"column":12},"end":{"line":43,"column":null}},"5":{"start":{"line":45,"column":12},"end":{"line":49,"column":null}},"6":{"start":{"line":51,"column":12},"end":{"line":55,"column":null}},"7":{"start":{"line":57,"column":12},"end":{"line":61,"column":null}},"8":{"start":{"line":63,"column":12},"end":{"line":67,"column":null}},"9":{"start":{"line":69,"column":12},"end":{"line":73,"column":null}},"10":{"start":{"line":75,"column":12},"end":{"line":79,"column":null}},"11":{"start":{"line":81,"column":12},"end":{"line":85,"column":null}},"12":{"start":{"line":87,"column":12},"end":{"line":91,"column":null}},"13":{"start":{"line":93,"column":12},"end":{"line":97,"column":null}},"14":{"start":{"line":99,"column":12},"end":{"line":103,"column":null}},"15":{"start":{"line":105,"column":12},"end":{"line":109,"column":null}},"16":{"start":{"line":111,"column":12},"end":{"line":115,"column":null}},"17":{"start":{"line":117,"column":12},"end":{"line":121,"column":null}},"18":{"start":{"line":123,"column":12},"end":{"line":127,"column":null}},"19":{"start":{"line":129,"column":12},"end":{"line":129,"column":null}}},"fnMap":{"0":{"name":"(anonymous_0)","decl":{"start":{"line":27,"column":37},"end":{"line":27,"column":null}},"loc":{"start":{"line":30,"column":26},"end":{"line":131,"column":null}},"line":30}},"branchMap":{"0":{"loc":{"start":{"line":31,"column":4},"end":{"line":130,"column":null}},"type":"switch","locations":[{"start":{"line":32,"column":8},"end":{"line":37,"column":null}},{"start":{"line":38,"column":8},"end":{"line":43,"column":null}},{"start":{"line":44,"column":8},"end":{"line":49,"column":null}},{"start":{"line":50,"column":8},"end":{"line":55,"column":null}},{"start":{"line":56,"column":8},"end":{"line":61,"column":null}},{"start":{"line":62,"column":8},"end":{"line":67,"column":null}},{"start":{"line":68,"column":8},"end":{"line":73,"column":null}},{"start":{"line":74,"column":8},"end":{"line":79,"column":null}},{"start":{"line":80,"column":8},"end":{"line":85,"column":null}},{"start":{"line":86,"column":8},"end":{"line":91,"column":null}},{"start":{"line":92,"column":8},"end":{"line":97,"column":null}},{"start":{"line":98,"column":8},"end":{"line":103,"column":null}},{"start":{"line":104,"column":8},"end":{"line":109,"column":null}},{"start":{"line":110,"column":8},"end":{"line":115,"column":null}},{"start":{"line":116,"column":8},"end":{"line":121,"column":null}},{"start":{"line":122,"column":8},"end":{"line":127,"column":null}},{"start":{"line":128,"column":8},"end":{"line":129,"column":null}}],"line":31},"1":{"loc":{"start":{"line":40,"column":24},"end":{"line":40,"column":null}},"type":"cond-expr","locations":[{"start":{"line":40,"column":39},"end":{"line":40,"column":49}},{"start":{"line":40,"column":49},"end":{"line":40,"column":null}}],"line":40},"2":{"loc":{"start":{"line":107,"column":24},"end":{"line":107,"column":null}},"type":"cond-expr","locations":[{"start":{"line":107,"column":50},"end":{"line":107,"column":60}},{"start":{"line":107,"column":60},"end":{"line":107,"column":null}}],"line":107},"3":{"loc":{"start":{"line":119,"column":24},"end":{"line":119,"column":null}},"type":"cond-expr","locations":[{"start":{"line":119,"column":50},"end":{"line":119,"column":60}},{"start":{"line":119,"column":60},"end":{"line":119,"column":null}}],"line":119}},"s":{"0":2,"1":2,"2":17,"3":7,"4":1,"5":2,"6":2,"7":0,"8":0,"9":0,"10":1,"11":0,"12":0,"13":0,"14":1,"15":1,"16":1,"17":1,"18":0,"19":0},"f":{"0":17},"b":{"0":[7,1,2,2,0,0,0,1,0,0,0,1,1,1,1,0,0],"1":[0,1],"2":[0,1],"3":[1,0]},"meta":{"lastBranch":4,"lastFunction":1,"lastStatement":20,"seen":{"s:21:63:25:Infinity":0,"s:27:37:131:Infinity":1,"f:27:37:27:Infinity":0,"b:32:8:37:Infinity:38:8:43:Infinity:44:8:49:Infinity:50:8:55:Infinity:56:8:61:Infinity:62:8:67:Infinity:68:8:73:Infinity:74:8:79:Infinity:80:8:85:Infinity:86:8:91:Infinity:92:8:97:Infinity:98:8:103:Infinity:104:8:109:Infinity:110:8:115:Infinity:116:8:121:Infinity:122:8:127:Infinity:128:8:129:Infinity":0,"s:31:4:130:Infinity":2,"s:33:12:37:Infinity":3,"s:39:12:43:Infinity":4,"b:40:39:40:49:40:49:40:Infinity":1,"s:45:12:49:Infinity":5,"s:51:12:55:Infinity":6,"s:57:12:61:Infinity":7,"s:63:12:67:Infinity":8,"s:69:12:73:Infinity":9,"s:75:12:79:Infinity":10,"s:81:12:85:Infinity":11,"s:87:12:91:Infinity":12,"s:93:12:97:Infinity":13,"s:99:12:103:Infinity":14,"s:105:12:109:Infinity":15,"b:107:50:107:60:107:60:107:Infinity":2,"s:111:12:115:Infinity":16,"s:117:12:121:Infinity":17,"b:119:50:119:60:119:60:119:Infinity":3,"s:123:12:127:Infinity":18,"s:129:12:129:Infinity":19}}}
,"/Users/daniel/Documents/informesHHRgemini/src/domain/clinicalRecord.ts": {"path":"/Users/daniel/Documents/informesHHRgemini/src/domain/clinicalRecord.ts","statementMap":{"0":{"start":{"line":37,"column":23},"end":{"line":38,"column":null}},"1":{"start":{"line":38,"column":4},"end":{"line":38,"column":null}},"2":{"start":{"line":38,"column":25},"end":{"line":38,"column":40}},"3":{"start":{"line":40,"column":18},"end":{"line":44,"column":null}},"4":{"start":{"line":41,"column":4},"end":{"line":41,"column":null}},"5":{"start":{"line":41,"column":16},"end":{"line":41,"column":null}},"6":{"start":{"line":42,"column":17},"end":{"line":42,"column":null}},"7":{"start":{"line":43,"column":4},"end":{"line":43,"column":null}},"8":{"start":{"line":46,"column":48},"end":{"line":76,"column":null}},"9":{"start":{"line":47,"column":29},"end":{"line":47,"column":null}},"10":{"start":{"line":48,"column":21},"end":{"line":48,"column":null}},"11":{"start":{"line":48,"column":37},"end":{"line":48,"column":null}},"12":{"start":{"line":48,"column":72},"end":{"line":48,"column":87}},"13":{"start":{"line":50,"column":17},"end":{"line":50,"column":null}},"14":{"start":{"line":51,"column":16},"end":{"line":51,"column":null}},"15":{"start":{"line":52,"column":18},"end":{"line":52,"column":null}},"16":{"start":{"line":53,"column":22},"end":{"line":53,"column":null}},"17":{"start":{"line":54,"column":19},"end":{"line":54,"column":null}},"18":{"start":{"line":56,"column":4},"end":{"line":56,"column":null}},"19":{"start":{"line":56,"column":45},"end":{"line":56,"column":null}},"20":{"start":{"line":57,"column":4},"end":{"line":57,"column":null}},"21":{"start":{"line":57,"column":41},"end":{"line":57,"column":null}},"22":{"start":{"line":59,"column":22},"end":{"line":59,"column":null}},"23":{"start":{"line":60,"column":26},"end":{"line":60,"column":null}},"24":{"start":{"line":61,"column":23},"end":{"line":61,"column":null}},"25":{"start":{"line":63,"column":4},"end":{"line":63,"column":null}},"26":{"start":{"line":63,"column":50},"end":{"line":63,"column":null}},"27":{"start":{"line":64,"column":4},"end":{"line":64,"column":null}},"28":{"start":{"line":64,"column":52},"end":{"line":64,"column":null}},"29":{"start":{"line":65,"column":4},"end":{"line":65,"column":null}},"30":{"start":{"line":65,"column":49},"end":{"line":65,"column":null}},"31":{"start":{"line":67,"column":4},"end":{"line":69,"column":null}},"32":{"start":{"line":68,"column":8},"end":{"line":68,"column":null}},"33":{"start":{"line":71,"column":4},"end":{"line":73,"column":null}},"34":{"start":{"line":72,"column":8},"end":{"line":72,"column":null}},"35":{"start":{"line":75,"column":4},"end":{"line":75,"column":null}},"36":{"start":{"line":78,"column":23},"end":{"line":86,"column":null}},"37":{"start":{"line":79,"column":4},"end":{"line":79,"column":null}},"38":{"start":{"line":79,"column":45},"end":{"line":79,"column":null}},"39":{"start":{"line":80,"column":22},"end":{"line":80,"column":null}},"40":{"start":{"line":81,"column":4},"end":{"line":84,"column":null}},"41":{"start":{"line":88,"column":30},"end":{"line":89,"column":null}},"42":{"start":{"line":89,"column":4},"end":{"line":89,"column":null}},"43":{"start":{"line":91,"column":31},"end":{"line":102,"column":null}},"44":{"start":{"line":92,"column":4},"end":{"line":92,"column":null}},"45":{"start":{"line":92,"column":45},"end":{"line":92,"column":null}},"46":{"start":{"line":93,"column":22},"end":{"line":93,"column":null}},"47":{"start":{"line":94,"column":4},"end":{"line":100,"column":null}},"48":{"start":{"line":104,"column":40},"end":{"line":147,"column":null}},"49":{"start":{"line":105,"column":4},"end":{"line":107,"column":null}},"50":{"start":{"line":106,"column":8},"end":{"line":106,"column":null}},"51":{"start":{"line":109,"column":22},"end":{"line":109,"column":null}},"52":{"start":{"line":115,"column":4},"end":{"line":126,"column":null}},"53":{"start":{"line":125,"column":8},"end":{"line":125,"column":null}},"54":{"start":{"line":128,"column":4},"end":{"line":130,"column":null}},"55":{"start":{"line":129,"column":8},"end":{"line":129,"column":null}},"56":{"start":{"line":132,"column":4},"end":{"line":146,"column":null}},"57":{"start":{"line":149,"column":37},"end":{"line":165,"column":null}},"58":{"start":{"line":150,"column":31},"end":{"line":150,"column":null}},"59":{"start":{"line":151,"column":4},"end":{"line":153,"column":null}},"60":{"start":{"line":152,"column":8},"end":{"line":152,"column":null}},"61":{"start":{"line":155,"column":4},"end":{"line":164,"column":null}},"62":{"start":{"line":167,"column":39},"end":{"line":188,"column":null}},"63":{"start":{"line":170,"column":22},"end":{"line":188,"column":null}},"64":{"start":{"line":178,"column":46},"end":{"line":185,"column":6}},"65":{"start":{"line":190,"column":38},"end":{"line":215,"column":null}},"66":{"start":{"line":191,"column":21},"end":{"line":191,"column":null}},"67":{"start":{"line":193,"column":30},"end":{"line":206,"column":null}},"68":{"start":{"line":194,"column":14},"end":{"line":194,"column":null}},"69":{"start":{"line":195,"column":8},"end":{"line":195,"column":null}},"70":{"start":{"line":195,"column":46},"end":{"line":195,"column":67}},"71":{"start":{"line":196,"column":8},"end":{"line":198,"column":null}},"72":{"start":{"line":197,"column":12},"end":{"line":197,"column":null}},"73":{"start":{"line":200,"column":8},"end":{"line":205,"column":null}},"74":{"start":{"line":208,"column":4},"end":{"line":214,"column":null}},"75":{"start":{"line":217,"column":32},"end":{"line":220,"column":null}},"76":{"start":{"line":218,"column":19},"end":{"line":218,"column":null}},"77":{"start":{"line":219,"column":4},"end":{"line":219,"column":null}},"78":{"start":{"line":222,"column":34},"end":{"line":244,"column":null}},"79":{"start":{"line":226,"column":19},"end":{"line":226,"column":null}},"80":{"start":{"line":227,"column":4},"end":{"line":233,"column":null}},"81":{"start":{"line":228,"column":8},"end":{"line":232,"column":null}},"82":{"start":{"line":235,"column":21},"end":{"line":235,"column":null}},"83":{"start":{"line":236,"column":23},"end":{"line":236,"column":null}},"84":{"start":{"line":237,"column":22},"end":{"line":237,"column":null}},"85":{"start":{"line":239,"column":4},"end":{"line":243,"column":null}}},"fnMap":{"0":{"name":"(anonymous_0)","decl":{"start":{"line":37,"column":23},"end":{"line":37,"column":24}},"loc":{"start":{"line":38,"column":4},"end":{"line":38,"column":null}},"line":38},"1":{"name":"(anonymous_1)","decl":{"start":{"line":38,"column":16},"end":{"line":38,"column":25}},"loc":{"start":{"line":38,"column":25},"end":{"line":38,"column":40}},"line":38},"2":{"name":"(anonymous_2)","decl":{"start":{"line":40,"column":18},"end":{"line":40,"column":19}},"loc":{"start":{"line":40,"column":37},"end":{"line":44,"column":null}},"line":40},"3":{"name":"(anonymous_3)","decl":{"start":{"line":46,"column":48},"end":{"line":46,"column":49}},"loc":{"start":{"line":46,"column":86},"end":{"line":76,"column":null}},"line":46},"4":{"name":"(anonymous_4)","decl":{"start":{"line":48,"column":21},"end":{"line":48,"column":22}},"loc":{"start":{"line":48,"column":37},"end":{"line":48,"column":null}},"line":48},"5":{"name":"(anonymous_5)","decl":{"start":{"line":48,"column":63},"end":{"line":48,"column":72}},"loc":{"start":{"line":48,"column":72},"end":{"line":48,"column":87}},"line":48},"6":{"name":"(anonymous_6)","decl":{"start":{"line":78,"column":23},"end":{"line":78,"column":24}},"loc":{"start":{"line":78,"column":66},"end":{"line":86,"column":null}},"line":78},"7":{"name":"(anonymous_7)","decl":{"start":{"line":88,"column":30},"end":{"line":88,"column":31}},"loc":{"start":{"line":89,"column":4},"end":{"line":89,"column":null}},"line":89},"8":{"name":"(anonymous_8)","decl":{"start":{"line":91,"column":31},"end":{"line":91,"column":32}},"loc":{"start":{"line":91,"column":88},"end":{"line":102,"column":null}},"line":91},"9":{"name":"(anonymous_9)","decl":{"start":{"line":104,"column":40},"end":{"line":104,"column":41}},"loc":{"start":{"line":104,"column":124},"end":{"line":147,"column":null}},"line":104},"10":{"name":"(anonymous_10)","decl":{"start":{"line":149,"column":37},"end":{"line":149,"column":38}},"loc":{"start":{"line":149,"column":135},"end":{"line":165,"column":null}},"line":149},"11":{"name":"(anonymous_11)","decl":{"start":{"line":167,"column":39},"end":{"line":167,"column":null}},"loc":{"start":{"line":170,"column":22},"end":{"line":188,"column":null}},"line":170},"12":{"name":"(anonymous_12)","decl":{"start":{"line":178,"column":34},"end":{"line":178,"column":46}},"loc":{"start":{"line":178,"column":46},"end":{"line":185,"column":6}},"line":178},"13":{"name":"(anonymous_13)","decl":{"start":{"line":190,"column":38},"end":{"line":190,"column":39}},"loc":{"start":{"line":190,"column":114},"end":{"line":215,"column":null}},"line":190},"14":{"name":"(anonymous_14)","decl":{"start":{"line":193,"column":50},"end":{"line":193,"column":61}},"loc":{"start":{"line":193,"column":61},"end":{"line":206,"column":5}},"line":193},"15":{"name":"(anonymous_15)","decl":{"start":{"line":195,"column":35},"end":{"line":195,"column":46}},"loc":{"start":{"line":195,"column":46},"end":{"line":195,"column":67}},"line":195},"16":{"name":"(anonymous_16)","decl":{"start":{"line":217,"column":32},"end":{"line":217,"column":33}},"loc":{"start":{"line":217,"column":77},"end":{"line":220,"column":null}},"line":217},"17":{"name":"(anonymous_17)","decl":{"start":{"line":222,"column":34},"end":{"line":222,"column":null}},"loc":{"start":{"line":225,"column":31},"end":{"line":244,"column":null}},"line":225}},"branchMap":{"0":{"loc":{"start":{"line":38,"column":4},"end":{"line":38,"column":null}},"type":"binary-expr","locations":[{"start":{"line":38,"column":4},"end":{"line":38,"column":60}},{"start":{"line":38,"column":60},"end":{"line":38,"column":null}}],"line":38},"1":{"loc":{"start":{"line":41,"column":4},"end":{"line":41,"column":null}},"type":"if","locations":[{"start":{"line":41,"column":4},"end":{"line":41,"column":null}},{"start":{},"end":{}}],"line":41},"2":{"loc":{"start":{"line":43,"column":11},"end":{"line":43,"column":null}},"type":"cond-expr","locations":[{"start":{"line":43,"column":42},"end":{"line":43,"column":49}},{"start":{"line":43,"column":49},"end":{"line":43,"column":null}}],"line":43},"3":{"loc":{"start":{"line":56,"column":4},"end":{"line":56,"column":null}},"type":"if","locations":[{"start":{"line":56,"column":4},"end":{"line":56,"column":null}},{"start":{},"end":{}}],"line":56},"4":{"loc":{"start":{"line":56,"column":8},"end":{"line":56,"column":45}},"type":"binary-expr","locations":[{"start":{"line":56,"column":8},"end":{"line":56,"column":38}},{"start":{"line":56,"column":38},"end":{"line":56,"column":45}}],"line":56},"5":{"loc":{"start":{"line":57,"column":4},"end":{"line":57,"column":null}},"type":"if","locations":[{"start":{"line":57,"column":4},"end":{"line":57,"column":null}},{"start":{},"end":{}}],"line":57},"6":{"loc":{"start":{"line":57,"column":8},"end":{"line":57,"column":41}},"type":"binary-expr","locations":[{"start":{"line":57,"column":8},"end":{"line":57,"column":35}},{"start":{"line":57,"column":35},"end":{"line":57,"column":41}}],"line":57},"7":{"loc":{"start":{"line":59,"column":22},"end":{"line":59,"column":null}},"type":"cond-expr","locations":[{"start":{"line":59,"column":51},"end":{"line":59,"column":70}},{"start":{"line":59,"column":70},"end":{"line":59,"column":null}}],"line":59},"8":{"loc":{"start":{"line":60,"column":26},"end":{"line":60,"column":null}},"type":"cond-expr","locations":[{"start":{"line":60,"column":53},"end":{"line":60,"column":76}},{"start":{"line":60,"column":76},"end":{"line":60,"column":null}}],"line":60},"9":{"loc":{"start":{"line":61,"column":23},"end":{"line":61,"column":null}},"type":"cond-expr","locations":[{"start":{"line":61,"column":50},"end":{"line":61,"column":70}},{"start":{"line":61,"column":70},"end":{"line":61,"column":null}}],"line":61},"10":{"loc":{"start":{"line":63,"column":4},"end":{"line":63,"column":null}},"type":"if","locations":[{"start":{"line":63,"column":4},"end":{"line":63,"column":null}},{"start":{},"end":{}}],"line":63},"11":{"loc":{"start":{"line":63,"column":8},"end":{"line":63,"column":50}},"type":"binary-expr","locations":[{"start":{"line":63,"column":8},"end":{"line":63,"column":38}},{"start":{"line":63,"column":38},"end":{"line":63,"column":50}}],"line":63},"12":{"loc":{"start":{"line":64,"column":4},"end":{"line":64,"column":null}},"type":"if","locations":[{"start":{"line":64,"column":4},"end":{"line":64,"column":null}},{"start":{},"end":{}}],"line":64},"13":{"loc":{"start":{"line":64,"column":8},"end":{"line":64,"column":52}},"type":"binary-expr","locations":[{"start":{"line":64,"column":8},"end":{"line":64,"column":36}},{"start":{"line":64,"column":36},"end":{"line":64,"column":52}}],"line":64},"14":{"loc":{"start":{"line":65,"column":4},"end":{"line":65,"column":null}},"type":"if","locations":[{"start":{"line":65,"column":4},"end":{"line":65,"column":null}},{"start":{},"end":{}}],"line":65},"15":{"loc":{"start":{"line":65,"column":8},"end":{"line":65,"column":49}},"type":"binary-expr","locations":[{"start":{"line":65,"column":8},"end":{"line":65,"column":36}},{"start":{"line":65,"column":36},"end":{"line":65,"column":49}}],"line":65},"16":{"loc":{"start":{"line":67,"column":4},"end":{"line":69,"column":null}},"type":"if","locations":[{"start":{"line":67,"column":4},"end":{"line":69,"column":null}},{"start":{},"end":{}}],"line":67},"17":{"loc":{"start":{"line":67,"column":8},"end":{"line":67,"column":65}},"type":"binary-expr","locations":[{"start":{"line":67,"column":8},"end":{"line":67,"column":21}},{"start":{"line":67,"column":21},"end":{"line":67,"column":38}},{"start":{"line":67,"column":38},"end":{"line":67,"column":65}}],"line":67},"18":{"loc":{"start":{"line":71,"column":4},"end":{"line":73,"column":null}},"type":"if","locations":[{"start":{"line":71,"column":4},"end":{"line":73,"column":null}},{"start":{},"end":{}}],"line":71},"19":{"loc":{"start":{"line":71,"column":8},"end":{"line":71,"column":67}},"type":"binary-expr","locations":[{"start":{"line":71,"column":8},"end":{"line":71,"column":25}},{"start":{"line":71,"column":25},"end":{"line":71,"column":39}},{"start":{"line":71,"column":39},"end":{"line":71,"column":67}}],"line":71},"20":{"loc":{"start":{"line":79,"column":4},"end":{"line":79,"column":null}},"type":"if","locations":[{"start":{"line":79,"column":4},"end":{"line":79,"column":null}},{"start":{},"end":{}}],"line":79},"21":{"loc":{"start":{"line":79,"column":8},"end":{"line":79,"column":45}},"type":"binary-expr","locations":[{"start":{"line":79,"column":8},"end":{"line":79,"column":18}},{"start":{"line":79,"column":18},"end":{"line":79,"column":45}}],"line":79},"22":{"loc":{"start":{"line":82,"column":8},"end":{"line":84,"column":null}},"type":"binary-expr","locations":[{"start":{"line":82,"column":8},"end":{"line":82,"column":null}},{"start":{"line":83,"column":8},"end":{"line":83,"column":null}},{"start":{"line":84,"column":9},"end":{"line":84,"column":38}},{"start":{"line":84,"column":38},"end":{"line":84,"column":67}},{"start":{"line":84,"column":67},"end":{"line":84,"column":98}},{"start":{"line":84,"column":98},"end":{"line":84,"column":null}}],"line":82},"23":{"loc":{"start":{"line":89,"column":4},"end":{"line":89,"column":null}},"type":"binary-expr","locations":[{"start":{"line":89,"column":4},"end":{"line":89,"column":27}},{"start":{"line":89,"column":27},"end":{"line":89,"column":51}},{"start":{"line":89,"column":51},"end":{"line":89,"column":null}}],"line":89},"24":{"loc":{"start":{"line":92,"column":4},"end":{"line":92,"column":null}},"type":"if","locations":[{"start":{"line":92,"column":4},"end":{"line":92,"column":null}},{"start":{},"end":{}}],"line":92},"25":{"loc":{"start":{"line":92,"column":8},"end":{"line":92,"column":45}},"type":"binary-expr","locations":[{"start":{"line":92,"column":8},"end":{"line":92,"column":18}},{"start":{"line":92,"column":18},"end":{"line":92,"column":45}}],"line":92},"26":{"loc":{"start":{"line":95,"column":8},"end":{"line":100,"column":null}},"type":"binary-expr","locations":[{"start":{"line":95,"column":8},"end":{"line":95,"column":null}},{"start":{"line":96,"column":8},"end":{"line":96,"column":null}},{"start":{"line":97,"column":9},"end":{"line":97,"column":39}},{"start":{"line":97,"column":39},"end":{"line":97,"column":null}},{"start":{"line":98,"column":8},"end":{"line":98,"column":null}},{"start":{"line":99,"column":9},"end":{"line":99,"column":47}},{"start":{"line":99,"column":47},"end":{"line":99,"column":null}},{"start":{"line":100,"column":9},"end":{"line":100,"column":47}},{"start":{"line":100,"column":47},"end":{"line":100,"column":null}}],"line":95},"27":{"loc":{"start":{"line":105,"column":4},"end":{"line":107,"column":null}},"type":"if","locations":[{"start":{"line":105,"column":4},"end":{"line":107,"column":null}},{"start":{},"end":{}}],"line":105},"28":{"loc":{"start":{"line":105,"column":8},"end":{"line":105,"column":45}},"type":"binary-expr","locations":[{"start":{"line":105,"column":8},"end":{"line":105,"column":18}},{"start":{"line":105,"column":18},"end":{"line":105,"column":45}}],"line":105},"29":{"loc":{"start":{"line":115,"column":4},"end":{"line":126,"column":null}},"type":"if","locations":[{"start":{"line":115,"column":4},"end":{"line":126,"column":null}},{"start":{},"end":{}}],"line":115},"30":{"loc":{"start":{"line":116,"column":8},"end":{"line":123,"column":null}},"type":"binary-expr","locations":[{"start":{"line":116,"column":8},"end":{"line":116,"column":null}},{"start":{"line":117,"column":8},"end":{"line":117,"column":null}},{"start":{"line":118,"column":8},"end":{"line":118,"column":null}},{"start":{"line":119,"column":8},"end":{"line":119,"column":null}},{"start":{"line":120,"column":8},"end":{"line":120,"column":null}},{"start":{"line":121,"column":8},"end":{"line":121,"column":null}},{"start":{"line":122,"column":8},"end":{"line":122,"column":null}},{"start":{"line":123,"column":8},"end":{"line":123,"column":null}}],"line":116},"31":{"loc":{"start":{"line":128,"column":4},"end":{"line":130,"column":null}},"type":"if","locations":[{"start":{"line":128,"column":4},"end":{"line":130,"column":null}},{"start":{},"end":{}}],"line":128},"32":{"loc":{"start":{"line":137,"column":23},"end":{"line":139,"column":null}},"type":"cond-expr","locations":[{"start":{"line":138,"column":18},"end":{"line":138,"column":null}},{"start":{"line":139,"column":18},"end":{"line":139,"column":null}}],"line":137},"33":{"loc":{"start":{"line":137,"column":23},"end":{"line":137,"column":null}},"type":"binary-expr","locations":[{"start":{"line":137,"column":23},"end":{"line":137,"column":57}},{"start":{"line":137,"column":57},"end":{"line":137,"column":null}}],"line":137},"34":{"loc":{"start":{"line":151,"column":4},"end":{"line":153,"column":null}},"type":"if","locations":[{"start":{"line":151,"column":4},"end":{"line":153,"column":null}},{"start":{},"end":{}}],"line":151},"35":{"loc":{"start":{"line":159,"column":23},"end":{"line":161,"column":null}},"type":"cond-expr","locations":[{"start":{"line":160,"column":18},"end":{"line":160,"column":null}},{"start":{"line":160,"column":25},"end":{"line":161,"column":null}}],"line":159},"36":{"loc":{"start":{"line":159,"column":23},"end":{"line":159,"column":null}},"type":"binary-expr","locations":[{"start":{"line":159,"column":23},"end":{"line":159,"column":54}},{"start":{"line":159,"column":54},"end":{"line":159,"column":null}}],"line":159},"37":{"loc":{"start":{"line":169,"column":4},"end":{"line":169,"column":null}},"type":"default-arg","locations":[{"start":{"line":169,"column":107},"end":{"line":169,"column":null}}],"line":169},"38":{"loc":{"start":{"line":174,"column":15},"end":{"line":176,"column":null}},"type":"cond-expr","locations":[{"start":{"line":175,"column":10},"end":{"line":175,"column":null}},{"start":{"line":175,"column":17},"end":{"line":176,"column":null}}],"line":174},"39":{"loc":{"start":{"line":174,"column":15},"end":{"line":174,"column":null}},"type":"binary-expr","locations":[{"start":{"line":174,"column":15},"end":{"line":174,"column":46}},{"start":{"line":174,"column":46},"end":{"line":174,"column":null}}],"line":174},"40":{"loc":{"start":{"line":179,"column":12},"end":{"line":179,"column":null}},"type":"binary-expr","locations":[{"start":{"line":179,"column":12},"end":{"line":179,"column":34}},{"start":{"line":179,"column":29},"end":{"line":179,"column":null}}],"line":179},"41":{"loc":{"start":{"line":182,"column":12},"end":{"line":182,"column":null}},"type":"cond-expr","locations":[{"start":{"line":182,"column":27},"end":{"line":182,"column":52}},{"start":{"line":182,"column":52},"end":{"line":182,"column":null}}],"line":182},"42":{"loc":{"start":{"line":183,"column":12},"end":{"line":183,"column":null}},"type":"cond-expr","locations":[{"start":{"line":183,"column":33},"end":{"line":183,"column":70}},{"start":{"line":183,"column":70},"end":{"line":183,"column":null}}],"line":183},"43":{"loc":{"start":{"line":184,"column":12},"end":{"line":184,"column":null}},"type":"cond-expr","locations":[{"start":{"line":184,"column":33},"end":{"line":184,"column":70}},{"start":{"line":184,"column":70},"end":{"line":184,"column":null}}],"line":184},"44":{"loc":{"start":{"line":196,"column":8},"end":{"line":198,"column":null}},"type":"if","locations":[{"start":{"line":196,"column":8},"end":{"line":198,"column":null}},{"start":{},"end":{}}],"line":196},"45":{"loc":{"start":{"line":202,"column":16},"end":{"line":202,"column":null}},"type":"binary-expr","locations":[{"start":{"line":202,"column":16},"end":{"line":202,"column":37}},{"start":{"line":202,"column":32},"end":{"line":202,"column":null}}],"line":202},"46":{"loc":{"start":{"line":227,"column":4},"end":{"line":233,"column":null}},"type":"if","locations":[{"start":{"line":227,"column":4},"end":{"line":233,"column":null}},{"start":{},"end":{}}],"line":227}},"s":{"0":7,"1":20,"2":51,"3":7,"4":7,"5":0,"6":7,"7":7,"8":7,"9":4,"10":4,"11":32,"12":90,"13":4,"14":4,"15":4,"16":4,"17":4,"18":4,"19":1,"20":4,"21":1,"22":4,"23":4,"24":4,"25":4,"26":1,"27":4,"28":0,"29":4,"30":0,"31":4,"32":1,"33":4,"34":1,"35":4,"36":7,"37":18,"38":0,"39":18,"40":18,"41":7,"42":11,"43":7,"44":11,"45":0,"46":11,"47":11,"48":7,"49":13,"50":0,"51":13,"52":13,"53":4,"54":9,"55":0,"56":9,"57":7,"58":8,"59":8,"60":0,"61":8,"62":7,"63":8,"64":10,"65":7,"66":8,"67":8,"68":10,"69":10,"70":5,"71":10,"72":0,"73":10,"74":8,"75":7,"76":2,"77":2,"78":7,"79":11,"80":11,"81":3,"82":8,"83":8,"84":8,"85":8},"f":{"0":20,"1":51,"2":7,"3":4,"4":32,"5":90,"6":18,"7":11,"8":11,"9":13,"10":8,"11":8,"12":10,"13":8,"14":10,"15":5,"16":2,"17":11},"b":{"0":[20,7],"1":[0,7],"2":[1,6],"3":[1,3],"4":[4,4],"5":[1,3],"6":[4,4],"7":[3,1],"8":[2,2],"9":[2,2],"10":[1,3],"11":[4,3],"12":[0,4],"13":[4,2],"14":[0,4],"15":[4,2],"16":[1,3],"17":[4,2,2],"18":[1,3],"19":[4,2,2],"20":[0,18],"21":[18,18],"22":[18,18,18,8,3,3],"23":[11,0,0],"24":[0,11],"25":[11,11],"26":[11,11,11,9,11,11,0,11,0],"27":[0,13],"28":[13,13],"29":[4,9],"30":[13,13,11,11,11,11,11,9],"31":[0,9],"32":[7,2],"33":[9,6],"34":[0,8],"35":[6,2],"36":[8,5],"37":[8],"38":[8,0],"39":[8,5],"40":[10,2],"41":[0,10],"42":[0,10],"43":[0,10],"44":[0,10],"45":[10,0],"46":[3,8]},"meta":{"lastBranch":47,"lastFunction":18,"lastStatement":86,"seen":{"s:37:23:38:Infinity":0,"f:37:23:37:24":0,"s:38:4:38:Infinity":1,"b:38:4:38:60:38:60:38:Infinity":0,"f:38:16:38:25":1,"s:38:25:38:40":2,"s:40:18:44:Infinity":3,"f:40:18:40:19":2,"b:41:4:41:Infinity:undefined:undefined:undefined:undefined":1,"s:41:4:41:Infinity":4,"s:41:16:41:Infinity":5,"s:42:17:42:Infinity":6,"s:43:4:43:Infinity":7,"b:43:42:43:49:43:49:43:Infinity":2,"s:46:48:76:Infinity":8,"f:46:48:46:49":3,"s:47:29:47:Infinity":9,"s:48:21:48:Infinity":10,"f:48:21:48:22":4,"s:48:37:48:Infinity":11,"f:48:63:48:72":5,"s:48:72:48:87":12,"s:50:17:50:Infinity":13,"s:51:16:51:Infinity":14,"s:52:18:52:Infinity":15,"s:53:22:53:Infinity":16,"s:54:19:54:Infinity":17,"b:56:4:56:Infinity:undefined:undefined:undefined:undefined":3,"s:56:4:56:Infinity":18,"b:56:8:56:38:56:38:56:45":4,"s:56:45:56:Infinity":19,"b:57:4:57:Infinity:undefined:undefined:undefined:undefined":5,"s:57:4:57:Infinity":20,"b:57:8:57:35:57:35:57:41":6,"s:57:41:57:Infinity":21,"s:59:22:59:Infinity":22,"b:59:51:59:70:59:70:59:Infinity":7,"s:60:26:60:Infinity":23,"b:60:53:60:76:60:76:60:Infinity":8,"s:61:23:61:Infinity":24,"b:61:50:61:70:61:70:61:Infinity":9,"b:63:4:63:Infinity:undefined:undefined:undefined:undefined":10,"s:63:4:63:Infinity":25,"b:63:8:63:38:63:38:63:50":11,"s:63:50:63:Infinity":26,"b:64:4:64:Infinity:undefined:undefined:undefined:undefined":12,"s:64:4:64:Infinity":27,"b:64:8:64:36:64:36:64:52":13,"s:64:52:64:Infinity":28,"b:65:4:65:Infinity:undefined:undefined:undefined:undefined":14,"s:65:4:65:Infinity":29,"b:65:8:65:36:65:36:65:49":15,"s:65:49:65:Infinity":30,"b:67:4:69:Infinity:undefined:undefined:undefined:undefined":16,"s:67:4:69:Infinity":31,"b:67:8:67:21:67:21:67:38:67:38:67:65":17,"s:68:8:68:Infinity":32,"b:71:4:73:Infinity:undefined:undefined:undefined:undefined":18,"s:71:4:73:Infinity":33,"b:71:8:71:25:71:25:71:39:71:39:71:67":19,"s:72:8:72:Infinity":34,"s:75:4:75:Infinity":35,"s:78:23:86:Infinity":36,"f:78:23:78:24":6,"b:79:4:79:Infinity:undefined:undefined:undefined:undefined":20,"s:79:4:79:Infinity":37,"b:79:8:79:18:79:18:79:45":21,"s:79:45:79:Infinity":38,"s:80:22:80:Infinity":39,"s:81:4:84:Infinity":40,"b:82:8:82:Infinity:83:8:83:Infinity:84:9:84:38:84:38:84:67:84:67:84:98:84:98:84:Infinity":22,"s:88:30:89:Infinity":41,"f:88:30:88:31":7,"s:89:4:89:Infinity":42,"b:89:4:89:27:89:27:89:51:89:51:89:Infinity":23,"s:91:31:102:Infinity":43,"f:91:31:91:32":8,"b:92:4:92:Infinity:undefined:undefined:undefined:undefined":24,"s:92:4:92:Infinity":44,"b:92:8:92:18:92:18:92:45":25,"s:92:45:92:Infinity":45,"s:93:22:93:Infinity":46,"s:94:4:100:Infinity":47,"b:95:8:95:Infinity:96:8:96:Infinity:97:9:97:39:97:39:97:Infinity:98:8:98:Infinity:99:9:99:47:99:47:99:Infinity:100:9:100:47:100:47:100:Infinity":26,"s:104:40:147:Infinity":48,"f:104:40:104:41":9,"b:105:4:107:Infinity:undefined:undefined:undefined:undefined":27,"s:105:4:107:Infinity":49,"b:105:8:105:18:105:18:105:45":28,"s:106:8:106:Infinity":50,"s:109:22:109:Infinity":51,"b:115:4:126:Infinity:undefined:undefined:undefined:undefined":29,"s:115:4:126:Infinity":52,"b:116:8:116:Infinity:117:8:117:Infinity:118:8:118:Infinity:119:8:119:Infinity:120:8:120:Infinity:121:8:121:Infinity:122:8:122:Infinity:123:8:123:Infinity":30,"s:125:8:125:Infinity":53,"b:128:4:130:Infinity:undefined:undefined:undefined:undefined":31,"s:128:4:130:Infinity":54,"s:129:8:129:Infinity":55,"s:132:4:146:Infinity":56,"b:138:18:138:Infinity:139:18:139:Infinity":32,"b:137:23:137:57:137:57:137:Infinity":33,"s:149:37:165:Infinity":57,"f:149:37:149:38":10,"s:150:31:150:Infinity":58,"b:151:4:153:Infinity:undefined:undefined:undefined:undefined":34,"s:151:4:153:Infinity":59,"s:152:8:152:Infinity":60,"s:155:4:164:Infinity":61,"b:160:18:160:Infinity:160:25:161:Infinity":35,"b:159:23:159:54:159:54:159:Infinity":36,"s:167:39:188:Infinity":62,"f:167:39:167:Infinity":11,"s:170:22:188:Infinity":63,"b:169:107:169:Infinity":37,"b:175:10:175:Infinity:175:17:176:Infinity":38,"b:174:15:174:46:174:46:174:Infinity":39,"f:178:34:178:46":12,"s:178:46:185:6":64,"b:179:12:179:34:179:29:179:Infinity":40,"b:182:27:182:52:182:52:182:Infinity":41,"b:183:33:183:70:183:70:183:Infinity":42,"b:184:33:184:70:184:70:184:Infinity":43,"s:190:38:215:Infinity":65,"f:190:38:190:39":13,"s:191:21:191:Infinity":66,"s:193:30:206:Infinity":67,"f:193:50:193:61":14,"s:194:14:194:Infinity":68,"s:195:8:195:Infinity":69,"f:195:35:195:46":15,"s:195:46:195:67":70,"b:196:8:198:Infinity:undefined:undefined:undefined:undefined":44,"s:196:8:198:Infinity":71,"s:197:12:197:Infinity":72,"s:200:8:205:Infinity":73,"b:202:16:202:37:202:32:202:Infinity":45,"s:208:4:214:Infinity":74,"s:217:32:220:Infinity":75,"f:217:32:217:33":16,"s:218:19:218:Infinity":76,"s:219:4:219:Infinity":77,"s:222:34:244:Infinity":78,"f:222:34:222:Infinity":17,"s:226:19:226:Infinity":79,"b:227:4:233:Infinity:undefined:undefined:undefined:undefined":46,"s:227:4:233:Infinity":80,"s:228:8:232:Infinity":81,"s:235:21:235:Infinity":82,"s:236:23:236:Infinity":83,"s:237:22:237:Infinity":84,"s:239:4:243:Infinity":85}}}
,"/Users/daniel/Documents/informesHHRgemini/src/domain/clinicalRecordVersion.ts": {"path":"/Users/daniel/Documents/informesHHRgemini/src/domain/clinicalRecordVersion.ts","statementMap":{"0":{"start":{"line":1,"column":38},"end":{"line":1,"column":null}}},"fnMap":{},"branchMap":{},"s":{"0":9},"f":{},"b":{},"meta":{"lastBranch":0,"lastFunction":0,"lastStatement":1,"seen":{"s:1:38:1:Infinity":0}}}
,"/Users/daniel/Documents/informesHHRgemini/src/hooks/useDriveOperations.ts": {"path":"/Users/daniel/Documents/informesHHRgemini/src/hooks/useDriveOperations.ts","statementMap":{"0":{"start":{"line":46,"column":34},"end":{"line":244,"column":null}},"1":{"start":{"line":62,"column":10},"end":{"line":71,"column":null}},"2":{"start":{"line":63,"column":25},"end":{"line":63,"column":null}},"3":{"start":{"line":64,"column":8},"end":{"line":69,"column":null}},"4":{"start":{"line":65,"column":12},"end":{"line":67,"column":null}},"5":{"start":{"line":66,"column":16},"end":{"line":66,"column":null}},"6":{"start":{"line":68,"column":12},"end":{"line":68,"column":null}},"7":{"start":{"line":70,"column":8},"end":{"line":70,"column":null}},"8":{"start":{"line":73,"column":10},"end":{"line":75,"column":null}},"9":{"start":{"line":74,"column":8},"end":{"line":74,"column":null}},"10":{"start":{"line":77,"column":10},"end":{"line":97,"column":null}},"11":{"start":{"line":78,"column":8},"end":{"line":78,"column":null}},"12":{"start":{"line":79,"column":8},"end":{"line":96,"column":null}},"13":{"start":{"line":80,"column":29},"end":{"line":80,"column":null}},"14":{"start":{"line":81,"column":27},"end":{"line":81,"column":null}},"15":{"start":{"line":82,"column":12},"end":{"line":86,"column":null}},"16":{"start":{"line":83,"column":16},"end":{"line":83,"column":null}},"17":{"start":{"line":84,"column":16},"end":{"line":84,"column":null}},"18":{"start":{"line":85,"column":16},"end":{"line":85,"column":null}},"19":{"start":{"line":87,"column":28},"end":{"line":87,"column":null}},"20":{"start":{"line":88,"column":12},"end":{"line":88,"column":null}},"21":{"start":{"line":89,"column":12},"end":{"line":89,"column":null}},"22":{"start":{"line":90,"column":12},"end":{"line":90,"column":null}},"23":{"start":{"line":92,"column":12},"end":{"line":92,"column":null}},"24":{"start":{"line":93,"column":12},"end":{"line":93,"column":null}},"25":{"start":{"line":95,"column":12},"end":{"line":95,"column":null}},"26":{"start":{"line":99,"column":10},"end":{"line":121,"column":null}},"27":{"start":{"line":100,"column":8},"end":{"line":100,"column":null}},"28":{"start":{"line":101,"column":8},"end":{"line":120,"column":null}},"29":{"start":{"line":102,"column":29},"end":{"line":102,"column":null}},"30":{"start":{"line":103,"column":27},"end":{"line":103,"column":null}},"31":{"start":{"line":104,"column":12},"end":{"line":109,"column":null}},"32":{"start":{"line":105,"column":16},"end":{"line":105,"column":null}},"33":{"start":{"line":106,"column":16},"end":{"line":106,"column":null}},"34":{"start":{"line":107,"column":16},"end":{"line":107,"column":null}},"35":{"start":{"line":108,"column":16},"end":{"line":108,"column":null}},"36":{"start":{"line":110,"column":39},"end":{"line":110,"column":null}},"37":{"start":{"line":111,"column":12},"end":{"line":111,"column":null}},"38":{"start":{"line":112,"column":12},"end":{"line":112,"column":null}},"39":{"start":{"line":113,"column":12},"end":{"line":113,"column":null}},"40":{"start":{"line":114,"column":12},"end":{"line":114,"column":null}},"41":{"start":{"line":116,"column":12},"end":{"line":116,"column":null}},"42":{"start":{"line":117,"column":12},"end":{"line":117,"column":null}},"43":{"start":{"line":119,"column":12},"end":{"line":119,"column":null}},"44":{"start":{"line":123,"column":10},"end":{"line":131,"column":null}},"45":{"start":{"line":124,"column":27},"end":{"line":124,"column":null}},"46":{"start":{"line":125,"column":8},"end":{"line":125,"column":null}},"47":{"start":{"line":126,"column":8},"end":{"line":130,"column":null}},"48":{"start":{"line":127,"column":12},"end":{"line":127,"column":null}},"49":{"start":{"line":129,"column":12},"end":{"line":129,"column":null}},"50":{"start":{"line":133,"column":10},"end":{"line":140,"column":null}},"51":{"start":{"line":134,"column":8},"end":{"line":134,"column":null}},"52":{"start":{"line":134,"column":20},"end":{"line":134,"column":null}},"53":{"start":{"line":135,"column":8},"end":{"line":139,"column":null}},"54":{"start":{"line":136,"column":12},"end":{"line":136,"column":null}},"55":{"start":{"line":138,"column":12},"end":{"line":138,"column":null}},"56":{"start":{"line":142,"column":10},"end":{"line":162,"column":null}},"57":{"start":{"line":143,"column":8},"end":{"line":146,"column":null}},"58":{"start":{"line":144,"column":12},"end":{"line":144,"column":null}},"59":{"start":{"line":145,"column":12},"end":{"line":145,"column":null}},"60":{"start":{"line":147,"column":8},"end":{"line":147,"column":null}},"61":{"start":{"line":148,"column":8},"end":{"line":161,"column":null}},"62":{"start":{"line":149,"column":36},"end":{"line":149,"column":null}},"63":{"start":{"line":150,"column":12},"end":{"line":150,"column":null}},"64":{"start":{"line":151,"column":12},"end":{"line":151,"column":null}},"65":{"start":{"line":152,"column":12},"end":{"line":152,"column":null}},"66":{"start":{"line":153,"column":12},"end":{"line":153,"column":null}},"67":{"start":{"line":154,"column":12},"end":{"line":154,"column":null}},"68":{"start":{"line":155,"column":12},"end":{"line":155,"column":null}},"69":{"start":{"line":157,"column":12},"end":{"line":157,"column":null}},"70":{"start":{"line":158,"column":12},"end":{"line":158,"column":null}},"71":{"start":{"line":160,"column":12},"end":{"line":160,"column":null}},"72":{"start":{"line":164,"column":10},"end":{"line":195,"column":null}},"73":{"start":{"line":165,"column":8},"end":{"line":165,"column":null}},"74":{"start":{"line":166,"column":8},"end":{"line":194,"column":null}},"75":{"start":{"line":167,"column":30},"end":{"line":171,"column":null}},"76":{"start":{"line":172,"column":12},"end":{"line":175,"column":null}},"77":{"start":{"line":173,"column":16},"end":{"line":173,"column":null}},"78":{"start":{"line":174,"column":16},"end":{"line":174,"column":null}},"79":{"start":{"line":177,"column":61},"end":{"line":177,"column":null}},"80":{"start":{"line":178,"column":12},"end":{"line":185,"column":null}},"81":{"start":{"line":179,"column":16},"end":{"line":179,"column":null}},"82":{"start":{"line":180,"column":16},"end":{"line":182,"column":null}},"83":{"start":{"line":181,"column":20},"end":{"line":181,"column":null}},"84":{"start":{"line":183,"column":16},"end":{"line":183,"column":null}},"85":{"start":{"line":184,"column":16},"end":{"line":184,"column":null}},"86":{"start":{"line":186,"column":12},"end":{"line":186,"column":null}},"87":{"start":{"line":187,"column":12},"end":{"line":187,"column":null}},"88":{"start":{"line":189,"column":12},"end":{"line":189,"column":null}},"89":{"start":{"line":190,"column":12},"end":{"line":190,"column":null}},"90":{"start":{"line":191,"column":12},"end":{"line":191,"column":null}},"91":{"start":{"line":193,"column":12},"end":{"line":193,"column":null}},"92":{"start":{"line":197,"column":10},"end":{"line":233,"column":null}},"93":{"start":{"line":198,"column":8},"end":{"line":198,"column":null}},"94":{"start":{"line":199,"column":25},"end":{"line":215,"column":null}},"95":{"start":{"line":200,"column":30},"end":{"line":200,"column":null}},"96":{"start":{"line":201,"column":29},"end":{"line":201,"column":null}},"97":{"start":{"line":202,"column":29},"end":{"line":202,"column":null}},"98":{"start":{"line":203,"column":32},"end":{"line":205,"column":null}},"99":{"start":{"line":207,"column":12},"end":{"line":212,"column":null}},"100":{"start":{"line":214,"column":12},"end":{"line":214,"column":null}},"101":{"start":{"line":217,"column":8},"end":{"line":232,"column":null}},"102":{"start":{"line":218,"column":12},"end":{"line":224,"column":null}},"103":{"start":{"line":219,"column":33},"end":{"line":219,"column":null}},"104":{"start":{"line":220,"column":16},"end":{"line":220,"column":null}},"105":{"start":{"line":222,"column":52},"end":{"line":222,"column":null}},"106":{"start":{"line":223,"column":16},"end":{"line":223,"column":null}},"107":{"start":{"line":225,"column":12},"end":{"line":225,"column":null}},"108":{"start":{"line":227,"column":12},"end":{"line":227,"column":null}},"109":{"start":{"line":228,"column":12},"end":{"line":228,"column":null}},"110":{"start":{"line":229,"column":12},"end":{"line":229,"column":null}},"111":{"start":{"line":231,"column":12},"end":{"line":231,"column":null}},"112":{"start":{"line":235,"column":4},"end":{"line":243,"column":null}}},"fnMap":{"0":{"name":"(anonymous_0)","decl":{"start":{"line":46,"column":34},"end":{"line":46,"column":35}},"loc":{"start":{"line":61,"column":32},"end":{"line":244,"column":null}},"line":61},"1":{"name":"(anonymous_1)","decl":{"start":{"line":62,"column":44},"end":{"line":62,"column":55}},"loc":{"start":{"line":62,"column":92},"end":{"line":71,"column":7}},"line":62},"2":{"name":"(anonymous_2)","decl":{"start":{"line":73,"column":37},"end":{"line":73,"column":38}},"loc":{"start":{"line":73,"column":105},"end":{"line":75,"column":7}},"line":73},"3":{"name":"(anonymous_3)","decl":{"start":{"line":77,"column":42},"end":{"line":77,"column":49}},"loc":{"start":{"line":77,"column":70},"end":{"line":97,"column":7}},"line":77},"4":{"name":"(anonymous_4)","decl":{"start":{"line":99,"column":44},"end":{"line":99,"column":51}},"loc":{"start":{"line":99,"column":72},"end":{"line":121,"column":7}},"line":99},"5":{"name":"(anonymous_5)","decl":{"start":{"line":123,"column":43},"end":{"line":123,"column":44}},"loc":{"start":{"line":123,"column":101},"end":{"line":131,"column":7}},"line":123},"6":{"name":"(anonymous_6)","decl":{"start":{"line":133,"column":40},"end":{"line":133,"column":41}},"loc":{"start":{"line":133,"column":60},"end":{"line":140,"column":7}},"line":133},"7":{"name":"(anonymous_7)","decl":{"start":{"line":142,"column":43},"end":{"line":142,"column":55}},"loc":{"start":{"line":142,"column":55},"end":{"line":162,"column":7}},"line":142},"8":{"name":"(anonymous_8)","decl":{"start":{"line":164,"column":46},"end":{"line":164,"column":53}},"loc":{"start":{"line":164,"column":107},"end":{"line":195,"column":7}},"line":164},"9":{"name":"(anonymous_9)","decl":{"start":{"line":197,"column":36},"end":{"line":197,"column":43}},"loc":{"start":{"line":197,"column":106},"end":{"line":233,"column":7}},"line":197},"10":{"name":"(anonymous_10)","decl":{"start":{"line":199,"column":25},"end":{"line":199,"column":32}},"loc":{"start":{"line":199,"column":74},"end":{"line":215,"column":null}},"line":199}},"branchMap":{"0":{"loc":{"start":{"line":64,"column":8},"end":{"line":69,"column":null}},"type":"if","locations":[{"start":{"line":64,"column":8},"end":{"line":69,"column":null}},{"start":{},"end":{}}],"line":64},"1":{"loc":{"start":{"line":64,"column":12},"end":{"line":64,"column":74}},"type":"binary-expr","locations":[{"start":{"line":64,"column":12},"end":{"line":64,"column":24}},{"start":{"line":64,"column":24},"end":{"line":64,"column":56}},{"start":{"line":64,"column":56},"end":{"line":64,"column":74}}],"line":64},"2":{"loc":{"start":{"line":65,"column":12},"end":{"line":67,"column":null}},"type":"if","locations":[{"start":{"line":65,"column":12},"end":{"line":67,"column":null}},{"start":{},"end":{}}],"line":65},"3":{"loc":{"start":{"line":73,"column":75},"end":{"line":73,"column":105}},"type":"default-arg","locations":[{"start":{"line":73,"column":98},"end":{"line":73,"column":105}}],"line":73},"4":{"loc":{"start":{"line":82,"column":12},"end":{"line":86,"column":null}},"type":"if","locations":[{"start":{"line":82,"column":12},"end":{"line":86,"column":null}},{"start":{},"end":{}}],"line":82},"5":{"loc":{"start":{"line":104,"column":12},"end":{"line":109,"column":null}},"type":"if","locations":[{"start":{"line":104,"column":12},"end":{"line":109,"column":null}},{"start":{},"end":{}}],"line":104},"6":{"loc":{"start":{"line":124,"column":27},"end":{"line":124,"column":null}},"type":"cond-expr","locations":[{"start":{"line":124,"column":51},"end":{"line":124,"column":84}},{"start":{"line":124,"column":84},"end":{"line":124,"column":null}}],"line":124},"7":{"loc":{"start":{"line":126,"column":8},"end":{"line":130,"column":null}},"type":"if","locations":[{"start":{"line":126,"column":8},"end":{"line":130,"column":null}},{"start":{"line":128,"column":15},"end":{"line":130,"column":null}}],"line":126},"8":{"loc":{"start":{"line":134,"column":8},"end":{"line":134,"column":null}},"type":"if","locations":[{"start":{"line":134,"column":8},"end":{"line":134,"column":null}},{"start":{},"end":{}}],"line":134},"9":{"loc":{"start":{"line":143,"column":8},"end":{"line":146,"column":null}},"type":"if","locations":[{"start":{"line":143,"column":8},"end":{"line":146,"column":null}},{"start":{},"end":{}}],"line":143},"10":{"loc":{"start":{"line":167,"column":30},"end":{"line":171,"column":null}},"type":"cond-expr","locations":[{"start":{"line":168,"column":18},"end":{"line":168,"column":null}},{"start":{"line":169,"column":18},"end":{"line":171,"column":null}}],"line":167},"11":{"loc":{"start":{"line":169,"column":18},"end":{"line":171,"column":null}},"type":"cond-expr","locations":[{"start":{"line":170,"column":22},"end":{"line":170,"column":null}},{"start":{"line":171,"column":22},"end":{"line":171,"column":null}}],"line":169},"12":{"loc":{"start":{"line":172,"column":12},"end":{"line":175,"column":null}},"type":"if","locations":[{"start":{"line":172,"column":12},"end":{"line":175,"column":null}},{"start":{},"end":{}}],"line":172},"13":{"loc":{"start":{"line":178,"column":12},"end":{"line":185,"column":null}},"type":"if","locations":[{"start":{"line":178,"column":12},"end":{"line":185,"column":null}},{"start":{},"end":{}}],"line":178},"14":{"loc":{"start":{"line":180,"column":16},"end":{"line":182,"column":null}},"type":"if","locations":[{"start":{"line":180,"column":16},"end":{"line":182,"column":null}},{"start":{},"end":{}}],"line":180},"15":{"loc":{"start":{"line":186,"column":22},"end":{"line":186,"column":98}},"type":"binary-expr","locations":[{"start":{"line":186,"column":22},"end":{"line":186,"column":43}},{"start":{"line":186,"column":43},"end":{"line":186,"column":98}}],"line":186},"16":{"loc":{"start":{"line":200,"column":30},"end":{"line":200,"column":null}},"type":"cond-expr","locations":[{"start":{"line":200,"column":47},"end":{"line":200,"column":56}},{"start":{"line":200,"column":56},"end":{"line":200,"column":null}}],"line":200},"17":{"loc":{"start":{"line":202,"column":29},"end":{"line":202,"column":null}},"type":"cond-expr","locations":[{"start":{"line":202,"column":46},"end":{"line":202,"column":66}},{"start":{"line":202,"column":66},"end":{"line":202,"column":null}}],"line":202},"18":{"loc":{"start":{"line":203,"column":32},"end":{"line":205,"column":null}},"type":"cond-expr","locations":[{"start":{"line":204,"column":18},"end":{"line":204,"column":null}},{"start":{"line":205,"column":18},"end":{"line":205,"column":null}}],"line":203},"19":{"loc":{"start":{"line":218,"column":12},"end":{"line":224,"column":null}},"type":"if","locations":[{"start":{"line":218,"column":12},"end":{"line":224,"column":null}},{"start":{"line":221,"column":19},"end":{"line":224,"column":null}}],"line":218},"20":{"loc":{"start":{"line":218,"column":16},"end":{"line":218,"column":55}},"type":"binary-expr","locations":[{"start":{"line":218,"column":16},"end":{"line":218,"column":37}},{"start":{"line":218,"column":37},"end":{"line":218,"column":55}}],"line":218}},"s":{"0":1,"1":8,"2":8,"3":7,"4":0,"5":0,"6":0,"7":7,"8":8,"9":2,"10":8,"11":2,"12":2,"13":2,"14":2,"15":2,"16":1,"17":1,"18":1,"19":1,"20":1,"21":1,"22":1,"23":0,"24":0,"25":2,"26":8,"27":1,"28":1,"29":1,"30":1,"31":1,"32":0,"33":0,"34":0,"35":0,"36":1,"37":1,"38":1,"39":1,"40":1,"41":0,"42":0,"43":1,"44":8,"45":0,"46":0,"47":0,"48":0,"49":0,"50":8,"51":0,"52":0,"53":0,"54":0,"55":0,"56":8,"57":2,"58":1,"59":1,"60":1,"61":1,"62":1,"63":1,"64":1,"65":1,"66":1,"67":1,"68":1,"69":0,"70":0,"71":1,"72":8,"73":2,"74":2,"75":2,"76":2,"77":0,"78":0,"79":2,"80":2,"81":1,"82":1,"83":0,"84":1,"85":1,"86":1,"87":2,"88":0,"89":0,"90":0,"91":2,"92":8,"93":2,"94":2,"95":3,"96":3,"97":3,"98":3,"99":3,"100":2,"101":2,"102":2,"103":1,"104":0,"105":1,"106":1,"107":1,"108":1,"109":1,"110":1,"111":2,"112":8},"f":{"0":8,"1":8,"2":2,"3":2,"4":1,"5":0,"6":0,"7":2,"8":2,"9":2,"10":3},"b":{"0":[0,7],"1":[7,6,6],"2":[0,0],"3":[2],"4":[1,1],"5":[0,1],"6":[0,0],"7":[0,0],"8":[0,0],"9":[1,1],"10":[0,2],"11":[2,0],"12":[0,2],"13":[1,1],"14":[0,1],"15":[1,0],"16":[1,2],"17":[1,2],"18":[1,2],"19":[1,1],"20":[2,1]},"meta":{"lastBranch":21,"lastFunction":11,"lastStatement":113,"seen":{"s:46:34:244:Infinity":0,"f:46:34:46:35":0,"s:62:10:71:Infinity":1,"f:62:44:62:55":1,"s:63:25:63:Infinity":2,"b:64:8:69:Infinity:undefined:undefined:undefined:undefined":0,"s:64:8:69:Infinity":3,"b:64:12:64:24:64:24:64:56:64:56:64:74":1,"b:65:12:67:Infinity:undefined:undefined:undefined:undefined":2,"s:65:12:67:Infinity":4,"s:66:16:66:Infinity":5,"s:68:12:68:Infinity":6,"s:70:8:70:Infinity":7,"s:73:10:75:Infinity":8,"f:73:37:73:38":2,"b:73:98:73:105":3,"s:74:8:74:Infinity":9,"s:77:10:97:Infinity":10,"f:77:42:77:49":3,"s:78:8:78:Infinity":11,"s:79:8:96:Infinity":12,"s:80:29:80:Infinity":13,"s:81:27:81:Infinity":14,"b:82:12:86:Infinity:undefined:undefined:undefined:undefined":4,"s:82:12:86:Infinity":15,"s:83:16:83:Infinity":16,"s:84:16:84:Infinity":17,"s:85:16:85:Infinity":18,"s:87:28:87:Infinity":19,"s:88:12:88:Infinity":20,"s:89:12:89:Infinity":21,"s:90:12:90:Infinity":22,"s:92:12:92:Infinity":23,"s:93:12:93:Infinity":24,"s:95:12:95:Infinity":25,"s:99:10:121:Infinity":26,"f:99:44:99:51":4,"s:100:8:100:Infinity":27,"s:101:8:120:Infinity":28,"s:102:29:102:Infinity":29,"s:103:27:103:Infinity":30,"b:104:12:109:Infinity:undefined:undefined:undefined:undefined":5,"s:104:12:109:Infinity":31,"s:105:16:105:Infinity":32,"s:106:16:106:Infinity":33,"s:107:16:107:Infinity":34,"s:108:16:108:Infinity":35,"s:110:39:110:Infinity":36,"s:111:12:111:Infinity":37,"s:112:12:112:Infinity":38,"s:113:12:113:Infinity":39,"s:114:12:114:Infinity":40,"s:116:12:116:Infinity":41,"s:117:12:117:Infinity":42,"s:119:12:119:Infinity":43,"s:123:10:131:Infinity":44,"f:123:43:123:44":5,"s:124:27:124:Infinity":45,"b:124:51:124:84:124:84:124:Infinity":6,"s:125:8:125:Infinity":46,"b:126:8:130:Infinity:128:15:130:Infinity":7,"s:126:8:130:Infinity":47,"s:127:12:127:Infinity":48,"s:129:12:129:Infinity":49,"s:133:10:140:Infinity":50,"f:133:40:133:41":6,"b:134:8:134:Infinity:undefined:undefined:undefined:undefined":8,"s:134:8:134:Infinity":51,"s:134:20:134:Infinity":52,"s:135:8:139:Infinity":53,"s:136:12:136:Infinity":54,"s:138:12:138:Infinity":55,"s:142:10:162:Infinity":56,"f:142:43:142:55":7,"b:143:8:146:Infinity:undefined:undefined:undefined:undefined":9,"s:143:8:146:Infinity":57,"s:144:12:144:Infinity":58,"s:145:12:145:Infinity":59,"s:147:8:147:Infinity":60,"s:148:8:161:Infinity":61,"s:149:36:149:Infinity":62,"s:150:12:150:Infinity":63,"s:151:12:151:Infinity":64,"s:152:12:152:Infinity":65,"s:153:12:153:Infinity":66,"s:154:12:154:Infinity":67,"s:155:12:155:Infinity":68,"s:157:12:157:Infinity":69,"s:158:12:158:Infinity":70,"s:160:12:160:Infinity":71,"s:164:10:195:Infinity":72,"f:164:46:164:53":8,"s:165:8:165:Infinity":73,"s:166:8:194:Infinity":74,"s:167:30:171:Infinity":75,"b:168:18:168:Infinity:169:18:171:Infinity":10,"b:170:22:170:Infinity:171:22:171:Infinity":11,"b:172:12:175:Infinity:undefined:undefined:undefined:undefined":12,"s:172:12:175:Infinity":76,"s:173:16:173:Infinity":77,"s:174:16:174:Infinity":78,"s:177:61:177:Infinity":79,"b:178:12:185:Infinity:undefined:undefined:undefined:undefined":13,"s:178:12:185:Infinity":80,"s:179:16:179:Infinity":81,"b:180:16:182:Infinity:undefined:undefined:undefined:undefined":14,"s:180:16:182:Infinity":82,"s:181:20:181:Infinity":83,"s:183:16:183:Infinity":84,"s:184:16:184:Infinity":85,"s:186:12:186:Infinity":86,"b:186:22:186:43:186:43:186:98":15,"s:187:12:187:Infinity":87,"s:189:12:189:Infinity":88,"s:190:12:190:Infinity":89,"s:191:12:191:Infinity":90,"s:193:12:193:Infinity":91,"s:197:10:233:Infinity":92,"f:197:36:197:43":9,"s:198:8:198:Infinity":93,"s:199:25:215:Infinity":94,"f:199:25:199:32":10,"s:200:30:200:Infinity":95,"b:200:47:200:56:200:56:200:Infinity":16,"s:201:29:201:Infinity":96,"s:202:29:202:Infinity":97,"b:202:46:202:66:202:66:202:Infinity":17,"s:203:32:205:Infinity":98,"b:204:18:204:Infinity:205:18:205:Infinity":18,"s:207:12:212:Infinity":99,"s:214:12:214:Infinity":100,"s:217:8:232:Infinity":101,"b:218:12:224:Infinity:221:19:224:Infinity":19,"s:218:12:224:Infinity":102,"b:218:16:218:37:218:37:218:55":20,"s:219:33:219:Infinity":103,"s:220:16:220:Infinity":104,"s:222:52:222:Infinity":105,"s:223:16:223:Infinity":106,"s:225:12:225:Infinity":107,"s:227:12:227:Infinity":108,"s:228:12:228:Infinity":109,"s:229:12:229:Infinity":110,"s:231:12:231:Infinity":111,"s:235:4:243:Infinity":112}}}
,"/Users/daniel/Documents/informesHHRgemini/src/hooks/useDriveSearch.ts": {"path":"/Users/daniel/Documents/informesHHRgemini/src/hooks/useDriveSearch.ts","statementMap":{"0":{"start":{"line":62,"column":46},"end":{"line":62,"column":null}},"1":{"start":{"line":63,"column":42},"end":{"line":63,"column":null}},"2":{"start":{"line":64,"column":38},"end":{"line":64,"column":null}},"3":{"start":{"line":65,"column":48},"end":{"line":65,"column":null}},"4":{"start":{"line":66,"column":46},"end":{"line":66,"column":null}},"5":{"start":{"line":67,"column":54},"end":{"line":67,"column":null}},"6":{"start":{"line":68,"column":56},"end":{"line":68,"column":null}},"7":{"start":{"line":69,"column":48},"end":{"line":69,"column":null}},"8":{"start":{"line":70,"column":10},"end":{"line":70,"column":null}},"9":{"start":{"line":72,"column":10},"end":{"line":78,"column":null}},"10":{"start":{"line":73,"column":8},"end":{"line":73,"column":null}},"11":{"start":{"line":74,"column":8},"end":{"line":74,"column":null}},"12":{"start":{"line":75,"column":8},"end":{"line":75,"column":null}},"13":{"start":{"line":76,"column":8},"end":{"line":76,"column":null}},"14":{"start":{"line":77,"column":8},"end":{"line":77,"column":null}},"15":{"start":{"line":80,"column":10},"end":{"line":89,"column":null}},"16":{"start":{"line":81,"column":8},"end":{"line":83,"column":null}},"17":{"start":{"line":82,"column":12},"end":{"line":82,"column":null}},"18":{"start":{"line":84,"column":8},"end":{"line":88,"column":null}},"19":{"start":{"line":91,"column":10},"end":{"line":160,"column":null}},"20":{"start":{"line":92,"column":28},"end":{"line":92,"column":null}},"21":{"start":{"line":93,"column":8},"end":{"line":99,"column":null}},"22":{"start":{"line":94,"column":12},"end":{"line":98,"column":null}},"23":{"start":{"line":101,"column":28},"end":{"line":101,"column":null}},"24":{"start":{"line":102,"column":8},"end":{"line":102,"column":null}},"25":{"start":{"line":103,"column":26},"end":{"line":103,"column":null}},"26":{"start":{"line":104,"column":25},"end":{"line":104,"column":null}},"27":{"start":{"line":105,"column":40},"end":{"line":105,"column":null}},"28":{"start":{"line":106,"column":27},"end":{"line":106,"column":null}},"29":{"start":{"line":107,"column":22},"end":{"line":107,"column":null}},"30":{"start":{"line":108,"column":22},"end":{"line":108,"column":null}},"31":{"start":{"line":109,"column":24},"end":{"line":109,"column":null}},"32":{"start":{"line":111,"column":8},"end":{"line":113,"column":null}},"33":{"start":{"line":112,"column":12},"end":{"line":112,"column":null}},"34":{"start":{"line":115,"column":28},"end":{"line":115,"column":null}},"35":{"start":{"line":116,"column":8},"end":{"line":116,"column":null}},"36":{"start":{"line":118,"column":24},"end":{"line":150,"column":null}},"37":{"start":{"line":118,"column":60},"end":{"line":150,"column":12}},"38":{"start":{"line":119,"column":12},"end":{"line":149,"column":null}},"39":{"start":{"line":120,"column":16},"end":{"line":124,"column":null}},"40":{"start":{"line":121,"column":20},"end":{"line":121,"column":null}},"41":{"start":{"line":122,"column":20},"end":{"line":122,"column":null}},"42":{"start":{"line":123,"column":20},"end":{"line":123,"column":null}},"43":{"start":{"line":126,"column":16},"end":{"line":130,"column":null}},"44":{"start":{"line":127,"column":20},"end":{"line":127,"column":null}},"45":{"start":{"line":128,"column":20},"end":{"line":128,"column":null}},"46":{"start":{"line":129,"column":20},"end":{"line":129,"column":null}},"47":{"start":{"line":132,"column":33},"end":{"line":132,"column":null}},"48":{"start":{"line":133,"column":16},"end":{"line":133,"column":null}},"49":{"start":{"line":133,"column":31},"end":{"line":133,"column":null}},"50":{"start":{"line":134,"column":16},"end":{"line":148,"column":null}},"51":{"start":{"line":135,"column":20},"end":{"line":137,"column":null}},"52":{"start":{"line":136,"column":24},"end":{"line":136,"column":null}},"53":{"start":{"line":138,"column":36},"end":{"line":138,"column":null}},"54":{"start":{"line":139,"column":20},"end":{"line":141,"column":null}},"55":{"start":{"line":140,"column":24},"end":{"line":140,"column":null}},"56":{"start":{"line":143,"column":20},"end":{"line":143,"column":null}},"57":{"start":{"line":144,"column":20},"end":{"line":144,"column":null}},"58":{"start":{"line":146,"column":20},"end":{"line":146,"column":null}},"59":{"start":{"line":147,"column":20},"end":{"line":147,"column":null}},"60":{"start":{"line":152,"column":8},"end":{"line":152,"column":null}},"61":{"start":{"line":153,"column":8},"end":{"line":153,"column":null}},"62":{"start":{"line":155,"column":8},"end":{"line":159,"column":null}},"63":{"start":{"line":162,"column":10},"end":{"line":224,"column":null}},"64":{"start":{"line":163,"column":8},"end":{"line":166,"column":null}},"65":{"start":{"line":164,"column":12},"end":{"line":164,"column":null}},"66":{"start":{"line":165,"column":12},"end":{"line":165,"column":null}},"67":{"start":{"line":167,"column":8},"end":{"line":167,"column":null}},"68":{"start":{"line":168,"column":8},"end":{"line":168,"column":null}},"69":{"start":{"line":169,"column":8},"end":{"line":169,"column":null}},"70":{"start":{"line":170,"column":8},"end":{"line":170,"column":null}},"71":{"start":{"line":171,"column":8},"end":{"line":223,"column":null}},"72":{"start":{"line":172,"column":31},"end":{"line":172,"column":null}},"73":{"start":{"line":173,"column":32},"end":{"line":173,"column":null}},"74":{"start":{"line":174,"column":29},"end":{"line":174,"column":null}},"75":{"start":{"line":175,"column":27},"end":{"line":175,"column":null}},"76":{"start":{"line":177,"column":12},"end":{"line":181,"column":null}},"77":{"start":{"line":178,"column":16},"end":{"line":178,"column":null}},"78":{"start":{"line":179,"column":16},"end":{"line":179,"column":null}},"79":{"start":{"line":180,"column":16},"end":{"line":180,"column":null}},"80":{"start":{"line":184,"column":12},"end":{"line":209,"column":null}},"81":{"start":{"line":185,"column":36},"end":{"line":185,"column":null}},"82":{"start":{"line":186,"column":16},"end":{"line":186,"column":null}},"83":{"start":{"line":187,"column":37},"end":{"line":195,"column":null}},"84":{"start":{"line":196,"column":16},"end":{"line":198,"column":null}},"85":{"start":{"line":197,"column":20},"end":{"line":197,"column":null}},"86":{"start":{"line":199,"column":16},"end":{"line":199,"column":null}},"87":{"start":{"line":201,"column":38},"end":{"line":201,"column":null}},"88":{"start":{"line":202,"column":16},"end":{"line":208,"column":null}},"89":{"start":{"line":211,"column":12},"end":{"line":211,"column":null}},"90":{"start":{"line":212,"column":12},"end":{"line":214,"column":null}},"91":{"start":{"line":213,"column":16},"end":{"line":213,"column":null}},"92":{"start":{"line":215,"column":12},"end":{"line":215,"column":null}},"93":{"start":{"line":217,"column":12},"end":{"line":217,"column":null}},"94":{"start":{"line":218,"column":12},"end":{"line":218,"column":null}},"95":{"start":{"line":220,"column":12},"end":{"line":220,"column":null}},"96":{"start":{"line":221,"column":12},"end":{"line":221,"column":null}},"97":{"start":{"line":222,"column":12},"end":{"line":222,"column":null}},"98":{"start":{"line":226,"column":10},"end":{"line":230,"column":null}},"99":{"start":{"line":227,"column":8},"end":{"line":229,"column":null}},"100":{"start":{"line":228,"column":12},"end":{"line":228,"column":null}},"101":{"start":{"line":232,"column":10},"end":{"line":242,"column":null}},"102":{"start":{"line":233,"column":8},"end":{"line":233,"column":null}},"103":{"start":{"line":234,"column":8},"end":{"line":234,"column":null}},"104":{"start":{"line":235,"column":8},"end":{"line":235,"column":null}},"105":{"start":{"line":236,"column":8},"end":{"line":236,"column":null}},"106":{"start":{"line":237,"column":8},"end":{"line":237,"column":null}},"107":{"start":{"line":238,"column":8},"end":{"line":238,"column":null}},"108":{"start":{"line":239,"column":8},"end":{"line":239,"column":null}},"109":{"start":{"line":240,"column":8},"end":{"line":240,"column":null}},"110":{"start":{"line":241,"column":8},"end":{"line":241,"column":null}},"111":{"start":{"line":244,"column":4},"end":{"line":261,"column":null}}},"fnMap":{"0":{"name":"useDriveSearch","decl":{"start":{"line":52,"column":16},"end":{"line":52,"column":31}},"loc":{"start":{"line":61,"column":24},"end":{"line":262,"column":null}},"line":61},"1":{"name":"(anonymous_1)","decl":{"start":{"line":72,"column":42},"end":{"line":72,"column":43}},"loc":{"start":{"line":72,"column":73},"end":{"line":78,"column":7}},"line":72},"2":{"name":"(anonymous_2)","decl":{"start":{"line":80,"column":48},"end":{"line":80,"column":84}},"loc":{"start":{"line":80,"column":84},"end":{"line":89,"column":7}},"line":80},"3":{"name":"(anonymous_3)","decl":{"start":{"line":91,"column":51},"end":{"line":91,"column":58}},"loc":{"start":{"line":91,"column":111},"end":{"line":160,"column":7}},"line":91},"4":{"name":"(anonymous_4)","decl":{"start":{"line":118,"column":60},"end":{"line":118,"column":67}},"loc":{"start":{"line":118,"column":60},"end":{"line":150,"column":12}},"line":118},"5":{"name":"(anonymous_5)","decl":{"start":{"line":118,"column":67},"end":{"line":118,"column":79}},"loc":{"start":{"line":118,"column":79},"end":{"line":150,"column":11}},"line":118},"6":{"name":"(anonymous_6)","decl":{"start":{"line":162,"column":44},"end":{"line":162,"column":56}},"loc":{"start":{"line":162,"column":56},"end":{"line":224,"column":7}},"line":162},"7":{"name":"(anonymous_7)","decl":{"start":{"line":226,"column":42},"end":{"line":226,"column":48}},"loc":{"start":{"line":226,"column":48},"end":{"line":230,"column":7}},"line":226},"8":{"name":"(anonymous_8)","decl":{"start":{"line":232,"column":41},"end":{"line":232,"column":47}},"loc":{"start":{"line":232,"column":47},"end":{"line":242,"column":7}},"line":232}},"branchMap":{"0":{"loc":{"start":{"line":81,"column":8},"end":{"line":83,"column":null}},"type":"if","locations":[{"start":{"line":81,"column":8},"end":{"line":83,"column":null}},{"start":{},"end":{}}],"line":81},"1":{"loc":{"start":{"line":93,"column":8},"end":{"line":99,"column":null}},"type":"if","locations":[{"start":{"line":93,"column":8},"end":{"line":99,"column":null}},{"start":{},"end":{}}],"line":93},"2":{"loc":{"start":{"line":111,"column":8},"end":{"line":113,"column":null}},"type":"if","locations":[{"start":{"line":111,"column":8},"end":{"line":113,"column":null}},{"start":{},"end":{}}],"line":111},"3":{"loc":{"start":{"line":115,"column":28},"end":{"line":115,"column":null}},"type":"binary-expr","locations":[{"start":{"line":115,"column":28},"end":{"line":115,"column":87}},{"start":{"line":115,"column":87},"end":{"line":115,"column":null}}],"line":115},"4":{"loc":{"start":{"line":120,"column":16},"end":{"line":124,"column":null}},"type":"if","locations":[{"start":{"line":120,"column":16},"end":{"line":124,"column":null}},{"start":{},"end":{}}],"line":120},"5":{"loc":{"start":{"line":126,"column":16},"end":{"line":130,"column":null}},"type":"if","locations":[{"start":{"line":126,"column":16},"end":{"line":130,"column":null}},{"start":{},"end":{}}],"line":126},"6":{"loc":{"start":{"line":133,"column":16},"end":{"line":133,"column":null}},"type":"if","locations":[{"start":{"line":133,"column":16},"end":{"line":133,"column":null}},{"start":{},"end":{}}],"line":133},"7":{"loc":{"start":{"line":135,"column":20},"end":{"line":137,"column":null}},"type":"if","locations":[{"start":{"line":135,"column":20},"end":{"line":137,"column":null}},{"start":{},"end":{}}],"line":135},"8":{"loc":{"start":{"line":139,"column":20},"end":{"line":141,"column":null}},"type":"if","locations":[{"start":{"line":139,"column":20},"end":{"line":141,"column":null}},{"start":{},"end":{}}],"line":139},"9":{"loc":{"start":{"line":139,"column":24},"end":{"line":139,"column":80}},"type":"binary-expr","locations":[{"start":{"line":139,"column":24},"end":{"line":139,"column":35}},{"start":{"line":139,"column":35},"end":{"line":139,"column":80}}],"line":139},"10":{"loc":{"start":{"line":163,"column":8},"end":{"line":166,"column":null}},"type":"if","locations":[{"start":{"line":163,"column":8},"end":{"line":166,"column":null}},{"start":{},"end":{}}],"line":163},"11":{"loc":{"start":{"line":163,"column":12},"end":{"line":163,"column":85}},"type":"binary-expr","locations":[{"start":{"line":163,"column":12},"end":{"line":163,"column":32}},{"start":{"line":163,"column":32},"end":{"line":163,"column":50}},{"start":{"line":163,"column":50},"end":{"line":163,"column":66}},{"start":{"line":163,"column":66},"end":{"line":163,"column":85}}],"line":163},"12":{"loc":{"start":{"line":177,"column":12},"end":{"line":181,"column":null}},"type":"if","locations":[{"start":{"line":177,"column":12},"end":{"line":181,"column":null}},{"start":{},"end":{}}],"line":177},"13":{"loc":{"start":{"line":177,"column":16},"end":{"line":177,"column":76}},"type":"binary-expr","locations":[{"start":{"line":177,"column":16},"end":{"line":177,"column":26}},{"start":{"line":177,"column":26},"end":{"line":177,"column":76}}],"line":177},"14":{"loc":{"start":{"line":184,"column":12},"end":{"line":209,"column":null}},"type":"if","locations":[{"start":{"line":184,"column":12},"end":{"line":209,"column":null}},{"start":{"line":200,"column":19},"end":{"line":209,"column":null}}],"line":184},"15":{"loc":{"start":{"line":196,"column":16},"end":{"line":198,"column":null}},"type":"if","locations":[{"start":{"line":196,"column":16},"end":{"line":198,"column":null}},{"start":{},"end":{}}],"line":196},"16":{"loc":{"start":{"line":202,"column":25},"end":{"line":208,"column":null}},"type":"cond-expr","locations":[{"start":{"line":203,"column":22},"end":{"line":203,"column":null}},{"start":{"line":204,"column":22},"end":{"line":208,"column":null}}],"line":202},"17":{"loc":{"start":{"line":207,"column":34},"end":{"line":207,"column":null}},"type":"cond-expr","locations":[{"start":{"line":207,"column":48},"end":{"line":207,"column":115}},{"start":{"line":207,"column":115},"end":{"line":207,"column":null}}],"line":207},"18":{"loc":{"start":{"line":212,"column":12},"end":{"line":214,"column":null}},"type":"if","locations":[{"start":{"line":212,"column":12},"end":{"line":214,"column":null}},{"start":{},"end":{}}],"line":212},"19":{"loc":{"start":{"line":212,"column":16},"end":{"line":212,"column":65}},"type":"binary-expr","locations":[{"start":{"line":212,"column":16},"end":{"line":212,"column":35}},{"start":{"line":212,"column":35},"end":{"line":212,"column":65}}],"line":212},"20":{"loc":{"start":{"line":215,"column":74},"end":{"line":215,"column":117}},"type":"cond-expr","locations":[{"start":{"line":215,"column":91},"end":{"line":215,"column":115}},{"start":{"line":215,"column":115},"end":{"line":215,"column":117}}],"line":215},"21":{"loc":{"start":{"line":227,"column":8},"end":{"line":229,"column":null}},"type":"if","locations":[{"start":{"line":227,"column":8},"end":{"line":229,"column":null}},{"start":{},"end":{}}],"line":227}},"s":{"0":13,"1":13,"2":13,"3":13,"4":13,"5":13,"6":13,"7":13,"8":13,"9":13,"10":2,"11":2,"12":2,"13":2,"14":2,"15":13,"16":2,"17":0,"18":2,"19":13,"20":1,"21":1,"22":0,"23":1,"24":1,"25":1,"26":1,"27":1,"28":1,"29":1,"30":1,"31":1,"32":1,"33":0,"34":1,"35":1,"36":1,"37":2,"38":2,"39":2,"40":0,"41":0,"42":0,"43":2,"44":0,"45":0,"46":0,"47":2,"48":2,"49":0,"50":2,"51":2,"52":0,"53":2,"54":2,"55":1,"56":0,"57":0,"58":2,"59":2,"60":1,"61":1,"62":1,"63":13,"64":4,"65":1,"66":1,"67":3,"68":3,"69":3,"70":3,"71":3,"72":3,"73":3,"74":3,"75":3,"76":3,"77":1,"78":1,"79":1,"80":2,"81":0,"82":0,"83":0,"84":0,"85":0,"86":0,"87":2,"88":1,"89":1,"90":1,"91":1,"92":1,"93":1,"94":1,"95":3,"96":3,"97":3,"98":13,"99":0,"100":0,"101":13,"102":1,"103":1,"104":1,"105":1,"106":1,"107":1,"108":1,"109":1,"110":1,"111":13},"f":{"0":13,"1":2,"2":2,"3":1,"4":2,"5":2,"6":4,"7":0,"8":1},"b":{"0":[0,2],"1":[0,1],"2":[0,1],"3":[1,0],"4":[0,2],"5":[0,2],"6":[0,2],"7":[0,2],"8":[1,1],"9":[2,2],"10":[1,3],"11":[4,1,1,1],"12":[1,2],"13":[3,1],"14":[0,2],"15":[0,0],"16":[1,0],"17":[0,0],"18":[1,0],"19":[1,1],"20":[0,1],"21":[0,0]},"meta":{"lastBranch":22,"lastFunction":9,"lastStatement":112,"seen":{"f:52:16:52:31":0,"s:62:46:62:Infinity":0,"s:63:42:63:Infinity":1,"s:64:38:64:Infinity":2,"s:65:48:65:Infinity":3,"s:66:46:66:Infinity":4,"s:67:54:67:Infinity":5,"s:68:56:68:Infinity":6,"s:69:48:69:Infinity":7,"s:70:10:70:Infinity":8,"s:72:10:78:Infinity":9,"f:72:42:72:43":1,"s:73:8:73:Infinity":10,"s:74:8:74:Infinity":11,"s:75:8:75:Infinity":12,"s:76:8:76:Infinity":13,"s:77:8:77:Infinity":14,"s:80:10:89:Infinity":15,"f:80:48:80:84":2,"b:81:8:83:Infinity:undefined:undefined:undefined:undefined":0,"s:81:8:83:Infinity":16,"s:82:12:82:Infinity":17,"s:84:8:88:Infinity":18,"s:91:10:160:Infinity":19,"f:91:51:91:58":3,"s:92:28:92:Infinity":20,"b:93:8:99:Infinity:undefined:undefined:undefined:undefined":1,"s:93:8:99:Infinity":21,"s:94:12:98:Infinity":22,"s:101:28:101:Infinity":23,"s:102:8:102:Infinity":24,"s:103:26:103:Infinity":25,"s:104:25:104:Infinity":26,"s:105:40:105:Infinity":27,"s:106:27:106:Infinity":28,"s:107:22:107:Infinity":29,"s:108:22:108:Infinity":30,"s:109:24:109:Infinity":31,"b:111:8:113:Infinity:undefined:undefined:undefined:undefined":2,"s:111:8:113:Infinity":32,"s:112:12:112:Infinity":33,"s:115:28:115:Infinity":34,"b:115:28:115:87:115:87:115:Infinity":3,"s:116:8:116:Infinity":35,"s:118:24:150:Infinity":36,"f:118:60:118:67":4,"s:118:60:150:12":37,"f:118:67:118:79":5,"s:119:12:149:Infinity":38,"b:120:16:124:Infinity:undefined:undefined:undefined:undefined":4,"s:120:16:124:Infinity":39,"s:121:20:121:Infinity":40,"s:122:20:122:Infinity":41,"s:123:20:123:Infinity":42,"b:126:16:130:Infinity:undefined:undefined:undefined:undefined":5,"s:126:16:130:Infinity":43,"s:127:20:127:Infinity":44,"s:128:20:128:Infinity":45,"s:129:20:129:Infinity":46,"s:132:33:132:Infinity":47,"b:133:16:133:Infinity:undefined:undefined:undefined:undefined":6,"s:133:16:133:Infinity":48,"s:133:31:133:Infinity":49,"s:134:16:148:Infinity":50,"b:135:20:137:Infinity:undefined:undefined:undefined:undefined":7,"s:135:20:137:Infinity":51,"s:136:24:136:Infinity":52,"s:138:36:138:Infinity":53,"b:139:20:141:Infinity:undefined:undefined:undefined:undefined":8,"s:139:20:141:Infinity":54,"b:139:24:139
[...]
ne":35},"7":{"loc":{"start":{"line":36,"column":46},"end":{"line":36,"column":110}},"type":"binary-expr","locations":[{"start":{"line":36,"column":46},"end":{"line":36,"column":106}},{"start":{"line":36,"column":106},"end":{"line":36,"column":110}}],"line":36},"8":{"loc":{"start":{"line":37,"column":46},"end":{"line":37,"column":110}},"type":"binary-expr","locations":[{"start":{"line":37,"column":46},"end":{"line":37,"column":106}},{"start":{"line":37,"column":106},"end":{"line":37,"column":110}}],"line":37},"9":{"loc":{"start":{"line":38,"column":41},"end":{"line":38,"column":100}},"type":"binary-expr","locations":[{"start":{"line":38,"column":41},"end":{"line":38,"column":96}},{"start":{"line":38,"column":96},"end":{"line":38,"column":100}}],"line":38},"10":{"loc":{"start":{"line":39,"column":42},"end":{"line":39,"column":102}},"type":"binary-expr","locations":[{"start":{"line":39,"column":42},"end":{"line":39,"column":98}},{"start":{"line":39,"column":98},"end":{"line":39,"column":102}}],"line":39},"11":{"loc":{"start":{"line":40,"column":38},"end":{"line":40,"column":94}},"type":"binary-expr","locations":[{"start":{"line":40,"column":38},"end":{"line":40,"column":90}},{"start":{"line":40,"column":90},"end":{"line":40,"column":94}}],"line":40},"12":{"loc":{"start":{"line":41,"column":25},"end":{"line":41,"column":null}},"type":"binary-expr","locations":[{"start":{"line":41,"column":25},"end":{"line":41,"column":48}},{"start":{"line":41,"column":48},"end":{"line":41,"column":null}}],"line":41},"13":{"loc":{"start":{"line":42,"column":25},"end":{"line":42,"column":null}},"type":"binary-expr","locations":[{"start":{"line":42,"column":25},"end":{"line":42,"column":48}},{"start":{"line":42,"column":48},"end":{"line":42,"column":null}}],"line":42},"14":{"loc":{"start":{"line":45,"column":12},"end":{"line":45,"column":null}},"type":"cond-expr","locations":[{"start":{"line":45,"column":27},"end":{"line":45,"column":46}},{"start":{"line":45,"column":46},"end":{"line":45,"column":null}}],"line":45},"15":{"loc":{"start":{"line":46,"column":12},"end":{"line":46,"column":null}},"type":"cond-expr","locations":[{"start":{"line":46,"column":29},"end":{"line":46,"column":50}},{"start":{"line":46,"column":50},"end":{"line":46,"column":null}}],"line":46},"16":{"loc":{"start":{"line":47,"column":12},"end":{"line":47,"column":null}},"type":"cond-expr","locations":[{"start":{"line":47,"column":27},"end":{"line":47,"column":46}},{"start":{"line":47,"column":46},"end":{"line":47,"column":null}}],"line":47},"17":{"loc":{"start":{"line":48,"column":12},"end":{"line":48,"column":null}},"type":"cond-expr","locations":[{"start":{"line":48,"column":30},"end":{"line":48,"column":52}},{"start":{"line":48,"column":52},"end":{"line":48,"column":null}}],"line":48},"18":{"loc":{"start":{"line":49,"column":12},"end":{"line":49,"column":null}},"type":"cond-expr","locations":[{"start":{"line":49,"column":26},"end":{"line":49,"column":44}},{"start":{"line":49,"column":44},"end":{"line":49,"column":null}}],"line":49},"19":{"loc":{"start":{"line":50,"column":31},"end":{"line":50,"column":127}},"type":"binary-expr","locations":[{"start":{"line":50,"column":40},"end":{"line":50,"column":61}},{"start":{"line":50,"column":61},"end":{"line":50,"column":83}},{"start":{"line":50,"column":83},"end":{"line":50,"column":107}},{"start":{"line":50,"column":107},"end":{"line":50,"column":127}}],"line":50},"20":{"loc":{"start":{"line":56,"column":4},"end":{"line":56,"column":null}},"type":"default-arg","locations":[{"start":{"line":56,"column":4},"end":{"line":56,"column":null}}],"line":56},"21":{"loc":{"start":{"line":57,"column":4},"end":{"line":57,"column":null}},"type":"default-arg","locations":[{"start":{"line":57,"column":4},"end":{"line":57,"column":null}}],"line":57},"22":{"loc":{"start":{"line":59,"column":4},"end":{"line":61,"column":null}},"type":"if","locations":[{"start":{"line":59,"column":4},"end":{"line":61,"column":null}},{"start":{},"end":{}}],"line":59},"23":{"loc":{"start":{"line":59,"column":8},"end":{"line":59,"column":37}},"type":"binary-expr","locations":[{"start":{"line":59,"column":8},"end":{"line":59,"column":20}},{"start":{"line":59,"column":20},"end":{"line":59,"column":37}}],"line":59},"24":{"loc":{"start":{"line":70,"column":40},"end":{"line":70,"column":63}},"type":"binary-expr","locations":[{"start":{"line":70,"column":40},"end":{"line":70,"column":59}},{"start":{"line":70,"column":59},"end":{"line":70,"column":63}}],"line":70},"25":{"loc":{"start":{"line":71,"column":8},"end":{"line":74,"column":null}},"type":"if","locations":[{"start":{"line":71,"column":8},"end":{"line":74,"column":null}},{"start":{},"end":{}}],"line":71},"26":{"loc":{"start":{"line":76,"column":29},"end":{"line":76,"column":null}},"type":"cond-expr","locations":[{"start":{"line":76,"column":39},"end":{"line":76,"column":91}},{"start":{"line":76,"column":91},"end":{"line":76,"column":null}}],"line":76},"27":{"loc":{"start":{"line":87,"column":40},"end":{"line":87,"column":63}},"type":"binary-expr","locations":[{"start":{"line":87,"column":40},"end":{"line":87,"column":59}},{"start":{"line":87,"column":59},"end":{"line":87,"column":63}}],"line":87},"28":{"loc":{"start":{"line":88,"column":8},"end":{"line":91,"column":null}},"type":"if","locations":[{"start":{"line":88,"column":8},"end":{"line":91,"column":null}},{"start":{},"end":{}}],"line":88},"29":{"loc":{"start":{"line":98,"column":4},"end":{"line":98,"column":null}},"type":"default-arg","locations":[{"start":{"line":98,"column":4},"end":{"line":98,"column":null}}],"line":98},"30":{"loc":{"start":{"line":99,"column":4},"end":{"line":99,"column":null}},"type":"default-arg","locations":[{"start":{"line":99,"column":4},"end":{"line":99,"column":null}}],"line":99},"31":{"loc":{"start":{"line":101,"column":4},"end":{"line":103,"column":null}},"type":"if","locations":[{"start":{"line":101,"column":4},"end":{"line":103,"column":null}},{"start":{},"end":{}}],"line":101},"32":{"loc":{"start":{"line":101,"column":8},"end":{"line":101,"column":37}},"type":"binary-expr","locations":[{"start":{"line":101,"column":8},"end":{"line":101,"column":20}},{"start":{"line":101,"column":20},"end":{"line":101,"column":37}}],"line":101},"33":{"loc":{"start":{"line":115,"column":36},"end":{"line":115,"column":57}},"type":"binary-expr","locations":[{"start":{"line":115,"column":36},"end":{"line":115,"column":53}},{"start":{"line":115,"column":53},"end":{"line":115,"column":57}}],"line":115},"34":{"loc":{"start":{"line":116,"column":11},"end":{"line":116,"column":null}},"type":"binary-expr","locations":[{"start":{"line":116,"column":11},"end":{"line":116,"column":24}},{"start":{"line":116,"column":24},"end":{"line":116,"column":null}}],"line":116}},"s":{"0":2,"1":42,"2":2,"3":4,"4":0,"5":4,"6":4,"7":4,"8":4,"9":4,"10":4,"11":4,"12":4,"13":4,"14":4,"15":2,"16":2,"17":0,"18":2,"19":2,"20":6,"21":6,"22":0,"23":0,"24":6,"25":6,"26":2,"27":2,"28":4,"29":4,"30":4,"31":0,"32":0,"33":4,"34":2,"35":2,"36":0,"37":2,"38":2,"39":2,"40":2,"41":2,"42":2,"43":2,"44":2,"45":4,"46":4},"f":{"0":42,"1":4,"2":2,"3":6,"4":4,"5":2,"6":4},"b":{"0":[42,19],"1":[4],"2":[4],"3":[0,4],"4":[4,0],"5":[4,3],"6":[4,3],"7":[4,3],"8":[4,3],"9":[4,2],"10":[4,3],"11":[4,2],"12":[4,3],"13":[4,3],"14":[2,2],"15":[2,2],"16":[2,2],"17":[1,3],"18":[2,2],"19":[4,3,1,1],"20":[2],"21":[2],"22":[0,2],"23":[2,0],"24":[6,0],"25":[0,6],"26":[2,4],"27":[4,0],"28":[0,4],"29":[2],"30":[2],"31":[0,2],"32":[2,0],"33":[4,0],"34":[4,1]},"meta":{"lastBranch":35,"lastFunction":7,"lastStatement":47,"seen":{"s:24:22:24:Infinity":0,"f:24:22:24:23":0,"s:24:56:24:Infinity":1,"b:24:56:24:73:24:73:24:Infinity":0,"s:26:37:52:Infinity":2,"f:26:37:26:Infinity":1,"b:27:4:27:Infinity":1,"b:28:4:28:Infinity":2,"b:30:4:32:Infinity:undefined:undefined:undefined:undefined":3,"s:30:4:32:Infinity":3,"b:30:8:30:20:30:20:30:37":4,"s:31:8:31:Infinity":4,"s:34:30:34:Infinity":5,"b:34:44:34:97:34:97:34:101":5,"s:35:30:35:Infinity":6,"b:35:44:35:97:35:97:35:101":6,"s:36:32:36:Infinity":7,"b:36:46:36:106:36:106:36:110":7,"s:37:32:37:Infinity":8,"b:37:46:37:106:37:106:37:110":8,"s:38:27:38:Infinity":9,"b:38:41:38:96:38:96:38:100":9,"s:39:28:39:Infinity":10,"b:39:42:39:98:39:98:39:102":10,"s:40:24:40:Infinity":11,"b:40:38:40:90:40:90:40:94":11,"s:41:25:41:Infinity":12,"b:41:25:41:48:41:48:41:Infinity":12,"s:42:25:42:Infinity":13,"b:42:25:42:48:42:48:42:Infinity":13,"s:44:4:51:Infinity":14,"b:45:27:45:46:45:46:45:Infinity":14,"b:46:29:46:50:46:50:46:Infinity":15,"b:47:27:47:46:47:46:47:Infinity":16,"b:48:30:48:52:48:52:48:Infinity":17,"b:49:26:49:44:49:44:49:Infinity":18,"b:50:40:50:61:50:61:50:83:50:83:50:107:50:107:50:127":19,"s:54:31:95:Infinity":15,"f:54:31:54:Infinity":2,"b:56:4:56:Infinity":20,"b:57:4:57:Infinity":21,"b:59:4:61:Infinity:undefined:undefined:undefined:undefined":22,"s:59:4:61:Infinity":16,"b:59:8:59:20:59:20:59:37":23,"s:60:8:60:Infinity":17,"s:63:67:67:Infinity":18,"s:69:4:78:Infinity":19,"f:69:25:69:26":3,"s:70:26:70:Infinity":20,"b:70:40:70:59:70:59:70:63":24,"b:71:8:74:Infinity:undefined:undefined:undefined:undefined":25,"s:71:8:74:Infinity":21,"s:72:12:72:Infinity":22,"s:73:12:73:Infinity":23,"s:76:29:76:Infinity":24,"b:76:39:76:91:76:91:76:Infinity":26,"s:77:8:77:Infinity":25,"s:80:79:83:Infinity":26,"s:85:4:94:Infinity":27,"f:85:29:85:30":4,"s:86:8:86:Infinity":28,"s:87:26:87:Infinity":29,"b:87:40:87:59:87:59:87:63":27,"b:88:8:91:Infinity:undefined:undefined:undefined:undefined":28,"s:88:8:91:Infinity":30,"s:89:12:89:Infinity":31,"s:90:12:90:Infinity":32,"s:93:8:93:Infinity":33,"s:97:38:112:Infinity":34,"f:97:38:97:Infinity":5,"b:98:4:98:Infinity":29,"b:99:4:99:Infinity":30,"b:101:4:103:Infinity:undefined:undefined:undefined:undefined":31,"s:101:4:103:Infinity":35,"b:101:8:101:20:101:20:101:37":32,"s:102:8:102:Infinity":36,"s:105:4:105:Infinity":37,"s:106:4:106:Infinity":38,"s:107:4:107:Infinity":39,"s:108:4:108:Infinity":40,"s:109:4:109:Infinity":41,"s:110:4:110:Infinity":42,"s:111:4:111:Infinity":43,"s:114:31:117:Infinity":44,"f:114:31:114:32":6,"s:115:22:115:Infinity":45,"b:115:36:115:53:115:53:115:57":33,"s:116:4:116:Infinity":46,"b:116:11:116:24:116:24:116:Infinity":34}}}
,"/Users/daniel/Documents/informesHHRgemini/src/utils/storageAdapter.ts": {"path":"/Users/daniel/Documents/informesHHRgemini/src/utils/storageAdapter.ts","statementMap":{"0":{"start":{"line":7,"column":40},"end":{"line":13,"column":null}},"1":{"start":{"line":8,"column":4},"end":{"line":10,"column":null}},"2":{"start":{"line":9,"column":8},"end":{"line":9,"column":null}},"3":{"start":{"line":12,"column":4},"end":{"line":12,"column":null}},"4":{"start":{"line":15,"column":47},"end":{"line":21,"column":null}},"5":{"start":{"line":16,"column":4},"end":{"line":18,"column":null}},"6":{"start":{"line":17,"column":8},"end":{"line":17,"column":null}},"7":{"start":{"line":20,"column":4},"end":{"line":20,"column":null}},"8":{"start":{"line":23,"column":30},"end":{"line":34,"column":null}},"9":{"start":{"line":24,"column":4},"end":{"line":26,"column":null}},"10":{"start":{"line":25,"column":8},"end":{"line":25,"column":null}},"11":{"start":{"line":28,"column":16},"end":{"line":28,"column":null}},"12":{"start":{"line":29,"column":4},"end":{"line":31,"column":null}},"13":{"start":{"line":30,"column":8},"end":{"line":30,"column":null}},"14":{"start":{"line":33,"column":4},"end":{"line":33,"column":null}},"15":{"start":{"line":36,"column":31},"end":{"line":42,"column":null}},"16":{"start":{"line":37,"column":4},"end":{"line":39,"column":null}},"17":{"start":{"line":38,"column":8},"end":{"line":38,"column":null}},"18":{"start":{"line":41,"column":4},"end":{"line":41,"column":null}}},"fnMap":{"0":{"name":"(anonymous_0)","decl":{"start":{"line":7,"column":40},"end":{"line":7,"column":69}},"loc":{"start":{"line":7,"column":69},"end":{"line":13,"column":null}},"line":7},"1":{"name":"(anonymous_1)","decl":{"start":{"line":15,"column":47},"end":{"line":15,"column":76}},"loc":{"start":{"line":15,"column":76},"end":{"line":21,"column":null}},"line":15},"2":{"name":"(anonymous_2)","decl":{"start":{"line":23,"column":30},"end":{"line":23,"column":34}},"loc":{"start":{"line":23,"column":92},"end":{"line":34,"column":null}},"line":23},"3":{"name":"(anonymous_3)","decl":{"start":{"line":36,"column":31},"end":{"line":36,"column":32}},"loc":{"start":{"line":36,"column":102},"end":{"line":42,"column":null}},"line":36}},"branchMap":{"0":{"loc":{"start":{"line":8,"column":4},"end":{"line":10,"column":null}},"type":"if","locations":[{"start":{"line":8,"column":4},"end":{"line":10,"column":null}},{"start":{},"end":{}}],"line":8},"1":{"loc":{"start":{"line":8,"column":8},"end":{"line":8,"column":63}},"type":"binary-expr","locations":[{"start":{"line":8,"column":8},"end":{"line":8,"column":41}},{"start":{"line":8,"column":41},"end":{"line":8,"column":63}}],"line":8},"2":{"loc":{"start":{"line":16,"column":4},"end":{"line":18,"column":null}},"type":"if","locations":[{"start":{"line":16,"column":4},"end":{"line":18,"column":null}},{"start":{},"end":{}}],"line":16},"3":{"loc":{"start":{"line":16,"column":8},"end":{"line":16,"column":65}},"type":"binary-expr","locations":[{"start":{"line":16,"column":8},"end":{"line":16,"column":41}},{"start":{"line":16,"column":41},"end":{"line":16,"column":65}}],"line":16},"4":{"loc":{"start":{"line":24,"column":4},"end":{"line":26,"column":null}},"type":"if","locations":[{"start":{"line":24,"column":4},"end":{"line":26,"column":null}},{"start":{},"end":{}}],"line":24},"5":{"loc":{"start":{"line":29,"column":4},"end":{"line":31,"column":null}},"type":"if","locations":[{"start":{"line":29,"column":4},"end":{"line":31,"column":null}},{"start":{},"end":{}}],"line":29},"6":{"loc":{"start":{"line":37,"column":4},"end":{"line":39,"column":null}},"type":"if","locations":[{"start":{"line":37,"column":4},"end":{"line":39,"column":null}},{"start":{},"end":{}}],"line":37}},"s":{"0":6,"1":25,"2":0,"3":25,"4":6,"5":8,"6":0,"7":8,"8":6,"9":17,"10":0,"11":17,"12":17,"13":15,"14":2,"15":6,"16":5,"17":0,"18":5},"f":{"0":25,"1":8,"2":17,"3":5},"b":{"0":[0,25],"1":[25,25],"2":[0,8],"3":[8,8],"4":[0,17],"5":[15,2],"6":[0,5]},"meta":{"lastBranch":7,"lastFunction":4,"lastStatement":19,"seen":{"s:7:40:13:Infinity":0,"f:7:40:7:69":0,"b:8:4:10:Infinity:undefined:undefined:undefined:undefined":0,"s:8:4:10:Infinity":1,"b:8:8:8:41:8:41:8:63":1,"s:9:8:9:Infinity":2,"s:12:4:12:Infinity":3,"s:15:47:21:Infinity":4,"f:15:47:15:76":1,"b:16:4:18:Infinity:undefined:undefined:undefined:undefined":2,"s:16:4:18:Infinity":5,"b:16:8:16:41:16:41:16:65":3,"s:17:8:17:Infinity":6,"s:20:4:20:Infinity":7,"s:23:30:34:Infinity":8,"f:23:30:23:34":2,"b:24:4:26:Infinity:undefined:undefined:undefined:undefined":4,"s:24:4:26:Infinity":9,"s:25:8:25:Infinity":10,"s:28:16:28:Infinity":11,"b:29:4:31:Infinity:undefined:undefined:undefined:undefined":5,"s:29:4:31:Infinity":12,"s:30:8:30:Infinity":13,"s:33:4:33:Infinity":14,"s:36:31:42:Infinity":15,"f:36:31:36:32":3,"b:37:4:39:Infinity:undefined:undefined:undefined:undefined":6,"s:37:4:39:Infinity":16,"s:38:8:38:Infinity":17,"s:41:4:41:Infinity":18}}}
,"/Users/daniel/Documents/informesHHRgemini/src/utils/validationUtils.ts": {"path":"/Users/daniel/Documents/informesHHRgemini/src/utils/validationUtils.ts","statementMap":{"0":{"start":{"line":13,"column":35},"end":{"line":19,"column":null}},"1":{"start":{"line":17,"column":29},"end":{"line":17,"column":null}},"2":{"start":{"line":18,"column":4},"end":{"line":18,"column":null}},"3":{"start":{"line":21,"column":32},"end":{"line":21,"column":null}},"4":{"start":{"line":22,"column":38},"end":{"line":22,"column":null}},"5":{"start":{"line":24,"column":31},"end":{"line":36,"column":null}},"6":{"start":{"line":25,"column":17},"end":{"line":25,"column":null}},"7":{"start":{"line":26,"column":20},"end":{"line":26,"column":null}},"8":{"start":{"line":27,"column":4},"end":{"line":27,"column":null}},"9":{"start":{"line":27,"column":21},"end":{"line":27,"column":null}},"10":{"start":{"line":28,"column":4},"end":{"line":28,"column":null}},"11":{"start":{"line":28,"column":23},"end":{"line":28,"column":null}},"12":{"start":{"line":29,"column":4},"end":{"line":29,"column":null}},"13":{"start":{"line":29,"column":22},"end":{"line":29,"column":null}},"14":{"start":{"line":30,"column":18},"end":{"line":30,"column":null}},"15":{"start":{"line":31,"column":4},"end":{"line":31,"column":null}},"16":{"start":{"line":31,"column":21},"end":{"line":31,"column":null}},"17":{"start":{"line":32,"column":4},"end":{"line":32,"column":null}},"18":{"start":{"line":32,"column":20},"end":{"line":32,"column":null}},"19":{"start":{"line":33,"column":17},"end":{"line":33,"column":null}},"20":{"start":{"line":34,"column":4},"end":{"line":34,"column":null}},"21":{"start":{"line":34,"column":20},"end":{"line":34,"column":null}},"22":{"start":{"line":35,"column":4},"end":{"line":35,"column":null}}},"fnMap":{"0":{"name":"(anonymous_0)","decl":{"start":{"line":13,"column":35},"end":{"line":13,"column":null}},"loc":{"start":{"line":16,"column":32},"end":{"line":19,"column":null}},"line":16},"1":{"name":"(anonymous_1)","decl":{"start":{"line":24,"column":31},"end":{"line":24,"column":32}},"loc":{"start":{"line":24,"column":86},"end":{"line":36,"column":null}},"line":24}},"branchMap":{"0":{"loc":{"start":{"line":24,"column":51},"end":{"line":24,"column":86}},"type":"default-arg","locations":[{"start":{"line":24,"column":63},"end":{"line":24,"column":86}}],"line":24},"1":{"loc":{"start":{"line":27,"column":4},"end":{"line":27,"column":null}},"type":"if","locations":[{"start":{"line":27,"column":4},"end":{"line":27,"column":null}},{"start":{},"end":{}}],"line":27},"2":{"loc":{"start":{"line":28,"column":4},"end":{"line":28,"column":null}},"type":"if","locations":[{"start":{"line":28,"column":4},"end":{"line":28,"column":null}},{"start":{},"end":{}}],"line":28},"3":{"loc":{"start":{"line":29,"column":4},"end":{"line":29,"column":null}},"type":"if","locations":[{"start":{"line":29,"column":4},"end":{"line":29,"column":null}},{"start":{},"end":{}}],"line":29},"4":{"loc":{"start":{"line":31,"column":4},"end":{"line":31,"column":null}},"type":"if","locations":[{"start":{"line":31,"column":4},"end":{"line":31,"column":null}},{"start":{},"end":{}}],"line":31},"5":{"loc":{"start":{"line":32,"column":4},"end":{"line":32,"column":null}},"type":"if","locations":[{"start":{"line":32,"column":4},"end":{"line":32,"column":null}},{"start":{},"end":{}}],"line":32},"6":{"loc":{"start":{"line":34,"column":4},"end":{"line":34,"column":null}},"type":"if","locations":[{"start":{"line":34,"column":4},"end":{"line":34,"column":null}},{"start":{},"end":{}}],"line":34}},"s":{"0":3,"1":5,"2":5,"3":3,"4":3,"5":3,"6":9,"7":9,"8":9,"9":2,"10":7,"11":2,"12":5,"13":5,"14":3,"15":3,"16":0,"17":3,"18":3,"19":2,"20":2,"21":1,"22":1},"f":{"0":5,"1":9},"b":{"0":[9],"1":[2,7],"2":[2,5],"3":[2,3],"4":[0,3],"5":[1,2],"6":[1,1]},"meta":{"lastBranch":7,"lastFunction":2,"lastStatement":23,"seen":{"s:13:35:19:Infinity":0,"f:13:35:13:Infinity":0,"s:17:29:17:Infinity":1,"s:18:4:18:Infinity":2,"s:21:32:21:Infinity":3,"s:22:38:22:Infinity":4,"s:24:31:36:Infinity":5,"f:24:31:24:32":1,"b:24:63:24:86":0,"s:25:17:25:Infinity":6,"s:26:20:26:Infinity":7,"b:27:4:27:Infinity:undefined:undefined:undefined:undefined":1,"s:27:4:27:Infinity":8,"s:27:21:27:Infinity":9,"b:28:4:28:Infinity:undefined:undefined:undefined:undefined":2,"s:28:4:28:Infinity":10,"s:28:23:28:Infinity":11,"b:29:4:29:Infinity:undefined:undefined:undefined:undefined":3,"s:29:4:29:Infinity":12,"s:29:22:29:Infinity":13,"s:30:18:30:Infinity":14,"b:31:4:31:Infinity:undefined:undefined:undefined:undefined":4,"s:31:4:31:Infinity":15,"s:31:21:31:Infinity":16,"b:32:4:32:Infinity:undefined:undefined:undefined:undefined":5,"s:32:4:32:Infinity":17,"s:32:20:32:Infinity":18,"s:33:17:33:Infinity":19,"b:34:4:34:Infinity:undefined:undefined:undefined:undefined":6,"s:34:4:34:Infinity":20,"s:34:20:34:Infinity":21,"s:35:4:35:Infinity":22}}}
}
